#
# A fatal error has been detected by the Java Runtime Environment:
#
#  SIGSEGV (0xb) at pc=0x00007f22b5069a7a, pid=5763, tid=0x00007f22a084f700
#
# JRE version: Java(TM) SE Runtime Environment (8.0_121-b13) (build 1.8.0_121-b13)
# Java VM: Java HotSpot(TM) 64-Bit Server VM (25.121-b13 mixed mode linux-amd64 compressed oops)
# Problematic frame:
# v  ~BufferBlob::jni_fast_GetLongField
#
# Failed to write core dump. Core dumps have been disabled. To enable core dumping, try "ulimit -c unlimited" before starting Java again
#
# If you would like to submit a bug report, please visit:
#   http://bugreport.java.com/bugreport/crash.jsp
# The crash happened outside the Java Virtual Machine in native code.
# See problematic frame for where to report the bug.
#

---------------  T H R E A D  ---------------

Current thread (0x00007f22c450c800):  JavaThread "AWT-XAWT" daemon [_thread_in_native, id=5783, stack(0x00007f22a074f000,0x00007f22a0850000)]

siginfo: si_signo: 11 (SIGSEGV), si_code: 1 (SEGV_MAPERR), si_addr: 0x0000000000000000

Registers:
RAX=0x00007f22cb836f60, RBX=0x00007f22c450c9f8, RCX=0x00007f22cc29b320, RDX=0x0000000000000042
RSP=0x00007f22a084e578, RBP=0x00007f22a084e5a0, RSI=0x0000000000000000, RDI=0x00007f22c450c9f8
R8 =0x00000000850862f8, R9 =0x0000000000000000, R10=0x0000000000000272, R11=0x00007f22b5d9dbd8
R12=0x00007f226c017fd0, R13=0x0000000000000000, R14=0x00007f22a25fb7e0, R15=0x00007f22c450c800
RIP=0x00007f22b5069a7a, EFLAGS=0x0000000000010246, CSGSFS=0x0000000000000033, ERR=0x0000000000000004
  TRAPNO=0x000000000000000e

Top of Stack: (sp=0x00007f22a084e578)
0x00007f22a084e578:   00007f22a23d9ee1 00007f22b0edb188
0x00007f22a084e588:   00007f226c017fd0 00007f22a084e650
0x00007f22a084e598:   00007f22a084e620 0000000000000000
0x00007f22a084e5a8:   00007f22a1e9bae8 00007f22b0edb188
0x00007f22a084e5b8:   00007f22a084e5e0 0000000000000000
0x00007f22a084e5c8:   00007f22a1e939a3 00007f22a084e650
0x00007f22a084e5d8:   00007f22a23d311f 00007f22a084e630
0x00007f22a084e5e8:   00007f22b5d9dc76 00007f22a084e658
0x00007f22a084e5f8:   00007f22b5007a90 000000008503b948
0x00007f22a084e608:   000000008503b948 00000000850990a0
0x00007f22a084e618:   00000000d76488e8 0000000085001f88
0x00007f22a084e628:   00007f22a084e668 00007f22a084e6b0
0x00007f22a084e638:   00007f22b5007a90 00007f22a084e6b0
0x00007f22a084e648:   00007f22b5007a90 0000000000000000
0x00007f22a084e658:   00007f22b5007dd0 00007f2274000e30
0x00007f22a084e668:   000000008503b948 00007f22a084e670
0x00007f22a084e678:   00007f22b0fd0fbc 00007f22a084e6f8
0x00007f22a084e688:   00007f22b0fda428 0000000000000000
0x00007f22a084e698:   00007f22b0fd10f8 00007f22a084e650
0x00007f22a084e6a8:   00007f22a084e6f0 00007f22a084e740
0x00007f22a084e6b8:   00007f22b50082bd 0000000000000000
0x00007f22a084e6c8:   0000000085607a08 0000000000000000
0x00007f22a084e6d8:   0000000000000000 0000000000000000
0x00007f22a084e6e8:   000000008503b948 0000000000000000
0x00007f22a084e6f8:   0000000085622870 00007f22a084e700
0x00007f22a084e708:   00007f22b0fd0dfd 00007f22a084e750
0x00007f22a084e718:   00007f22b0fda428 0000000000000000
0x00007f22a084e728:   00007f22b0fd0e08 00007f22a084e6f0
0x00007f22a084e738:   00007f22a084e750 00007f22a084e798
0x00007f22a084e748:   00007f22b5008302 0000000085622870
0x00007f22a084e758:   00007f22a084e758 00007f22b0aad993
0x00007f22a084e768:   00007f22a084e7a8 00007f22b0b35010 

Instructions: (pc=0x00007f22b5069a7a)
0x00007f22b5069a5a:   00 00 00 00 00 00 44 8b 15 81 cf 80 16 4c 8b ce
0x00007f22b5069a6a:   41 f6 c2 01 0f 85 2e 00 00 00 4d 33 ca 4d 33 ca
0x00007f22b5069a7a:   4d 8b 09 4c 8b da 49 c1 eb 02 4b 8b 04 19 49 bb
0x00007f22b5069a8a:   e8 69 87 cb 22 7f 00 00 4c 33 d8 4c 33 d8 45 3b 

Register to memory mapping:

RAX=0x00007f22cb836f60: <offset 0xf85f60> in /home/pedro/jdk1.8.0_121/jre/lib/amd64/server/libjvm.so at 0x00007f22ca8b1000
RBX=0x00007f22c450c9f8 is an unknown value
RCX=0x00007f22cc29b320: <offset 0x219320> in /lib/x86_64-linux-gnu/libpthread.so.0 at 0x00007f22cc082000
RDX=0x0000000000000042 is an unknown value
RSP=0x00007f22a084e578 is pointing into the stack for thread: 0x00007f22c450c800
RBP=0x00007f22a084e5a0 is pointing into the stack for thread: 0x00007f22c450c800
RSI=0x0000000000000000 is an unknown value
RDI=0x00007f22c450c9f8 is an unknown value
R8 =0x00000000850862f8 is an oop
java.util.logging.Logger 
 - klass: 'java/util/logging/Logger'
R9 =0x0000000000000000 is an unknown value
R10=0x0000000000000272 is an unknown value
R11=0x00007f22b5d9dbd8 is at entry_point+24 in (nmethod*)0x00007f22b5d9da50
R12=0x00007f226c017fd0 is an unknown value
R13=0x0000000000000000 is an unknown value
R14=0x00007f22a25fb7e0: <offset 0x2587e0> in /home/pedro/jdk1.8.0_121/jre/lib/amd64/libawt_xawt.so at 0x00007f22a23a3000
R15=0x00007f22c450c800 is a thread


Stack: [0x00007f22a074f000,0x00007f22a0850000],  sp=0x00007f22a084e578,  free space=1021k
Native frames: (J=compiled Java code, j=interpreted, Vv=VM code, C=native code)
v  ~BufferBlob::jni_fast_GetLongField
C  [libX11.so.6+0x61ae8]  _XimServerDestroy+0x58

Java frames: (J=compiled Java code, j=interpreted, Vv=VM code)
J 4605  sun.awt.X11.XlibWrapper.XFilterEvent(JJ)Z (0 bytes) @ 0x00007f22b5d9dc04 [0x00007f22b5d9dbc0+0x44]
j  sun.awt.X11.XToolkit.run(Z)V+300
j  sun.awt.X11.XToolkit.run()V+5
j  java.lang.Thread.run()V+11
v  ~StubRoutines::call_stub

---------------  P R O C E S S  ---------------

Java Threads: ( => current thread )
  0x00007f22c400c800 JavaThread "DestroyJavaVM" [_thread_blocked, id=5766, stack(0x00007f22cc399000,0x00007f22cc49a000)]
  0x00007f22c4792000 JavaThread "kafka-producer-network-thread | producer-6" daemon [_thread_in_native, id=5843, stack(0x00007f222f2f3000,0x00007f222f3f4000)]
  0x00007f22c4783800 JavaThread "kafka-producer-network-thread | producer-5" daemon [_thread_in_native, id=5842, stack(0x00007f222f3f4000,0x00007f222f4f5000)]
  0x00007f22c4782000 JavaThread "kafka-producer-network-thread | producer-4" daemon [_thread_in_native, id=5841, stack(0x00007f222f4f5000,0x00007f222f5f6000)]
  0x00007f22a8021000 JavaThread "kafka-coordinator-heartbeat-thread | SPEED_D_GROUP" daemon [_thread_blocked, id=5838, stack(0x00007f222f7f8000,0x00007f222f8f9000)]
  0x00007f229c017000 JavaThread "kafka-coordinator-heartbeat-thread | SPEED_D_GROUP" daemon [_thread_blocked, id=5837, stack(0x00007f222f8f9000,0x00007f222f9fa000)]
  0x00007f229800f000 JavaThread "kafka-coordinator-heartbeat-thread | SPEED_D_GROUP" daemon [_thread_blocked, id=5835, stack(0x00007f222fafb000,0x00007f222fbfc000)]
  0x00007f2290014800 JavaThread "kafka-coordinator-heartbeat-thread | HB_D_GROUP" daemon [_thread_blocked, id=5834, stack(0x00007f222fbfc000,0x00007f222fcfd000)]
  0x00007f22c40c6000 JavaThread "Thread-21" [_thread_in_native, id=5830, stack(0x00007f2264025000,0x00007f2264126000)]
  0x00007f22c40c4000 JavaThread "Thread-20" [_thread_in_native, id=5829, stack(0x00007f2264126000,0x00007f2264227000)]
  0x00007f22c441f800 JavaThread "Thread-19" [_thread_in_native, id=5828, stack(0x00007f2264227000,0x00007f2264328000)]
  0x00007f22c441d800 JavaThread "Thread-18" [_thread_in_native, id=5827, stack(0x00007f2264328000,0x00007f2264429000)]
  0x00007f22c441b000 JavaThread "kafka-producer-network-thread | producer-3" daemon [_thread_in_native, id=5826, stack(0x00007f2264429000,0x00007f226452a000)]
  0x00007f22c467d800 JavaThread "kafka-producer-network-thread | producer-2" daemon [_thread_in_native, id=5825, stack(0x00007f226452a000,0x00007f226462b000)]
  0x00007f22c467c000 JavaThread "kafka-producer-network-thread | producer-1" daemon [_thread_in_native, id=5824, stack(0x00007f226462b000,0x00007f226472c000)]
  0x00007f224c00e800 JavaThread "kafka-coordinator-heartbeat-thread | SPEED_B_GROUP" daemon [_thread_blocked, id=5823, stack(0x00007f226492c000,0x00007f2264a2d000)]
  0x00007f225400f000 JavaThread "kafka-coordinator-heartbeat-thread | HB_B_GROUP" daemon [_thread_blocked, id=5822, stack(0x00007f2264a2d000,0x00007f2264b2e000)]
  0x00007f224400e800 JavaThread "kafka-coordinator-heartbeat-thread | STATUS_B_GROUP" daemon [_thread_blocked, id=5821, stack(0x00007f2264b2e000,0x00007f2264c2f000)]
  0x0000000002305000 JavaThread "kafka-coordinator-heartbeat-thread | SPEED_R_GROUP" daemon [_thread_blocked, id=5819, stack(0x00007f2264d30000,0x00007f2264e31000)]
  0x00007f223001d000 JavaThread "kafka-coordinator-heartbeat-thread | HB_R_GROUP" daemon [_thread_blocked, id=5815, stack(0x00007f2264f32000,0x00007f2265033000)]
  0x00007f223001b800 JavaThread "kafka-coordinator-heartbeat-thread | STATUS_R_GROUP" daemon [_thread_blocked, id=5813, stack(0x00007f2265033000,0x00007f2265134000)]
  0x00007f2238013800 JavaThread "kafka-coordinator-heartbeat-thread | STATUS_B_GROUP" daemon [_thread_blocked, id=5812, stack(0x00007f2265134000,0x00007f2265235000)]
  0x00007f2240014000 JavaThread "kafka-coordinator-heartbeat-thread | SPEED_B_GROUP" daemon [_thread_blocked, id=5811, stack(0x00007f2265235000,0x00007f2265336000)]
  0x00007f223401d800 JavaThread "kafka-coordinator-heartbeat-thread | SPEED_R_GROUP" daemon [_thread_blocked, id=5810, stack(0x00007f2265336000,0x00007f2265437000)]
  0x00007f223c01f000 JavaThread "kafka-coordinator-heartbeat-thread | STATUS_B_GROUP" daemon [_thread_blocked, id=5809, stack(0x00007f2265437000,0x00007f2265538000)]
  0x00007f223401b800 JavaThread "kafka-coordinator-heartbeat-thread | SPEED_R_GROUP" daemon [_thread_blocked, id=5808, stack(0x00007f2265538000,0x00007f2265639000)]
  0x00007f2248010800 JavaThread "kafka-coordinator-heartbeat-thread | SPEED_B_GROUP" daemon [_thread_blocked, id=5807, stack(0x00007f2265639000,0x00007f226573a000)]
  0x00007f223c01c000 JavaThread "kafka-coordinator-heartbeat-thread | STATUS_R_GROUP" daemon [_thread_blocked, id=5805, stack(0x00007f226583b000,0x00007f226593c000)]
  0x00007f2238011000 JavaThread "kafka-coordinator-heartbeat-thread | STATUS_R_GROUP" daemon [_thread_blocked, id=5804, stack(0x00007f226593c000,0x00007f2265a3d000)]
  0x00007f22c472c800 JavaThread "Thread-17" [_thread_in_native, id=5803, stack(0x00007f2265a3d000,0x00007f2265b3e000)]
  0x00007f22c472a800 JavaThread "Thread-16" [_thread_in_native, id=5802, stack(0x00007f2265b3e000,0x00007f2265c3f000)]
  0x00007f22c4728800 JavaThread "Thread-15" [_thread_in_native, id=5801, stack(0x00007f2265c3f000,0x00007f2265d40000)]
  0x00007f22c4711000 JavaThread "Thread-14" [_thread_in_native, id=5800, stack(0x00007f2265d40000,0x00007f2265e41000)]
  0x00007f22c470f000 JavaThread "Thread-13" [_thread_in_native, id=5799, stack(0x00007f2265e41000,0x00007f2265f42000)]
  0x00007f22c470d800 JavaThread "Thread-12" [_thread_in_native, id=5798, stack(0x00007f2265f42000,0x00007f2266043000)]
  0x00007f22c470a800 JavaThread "Thread-11" [_thread_in_native, id=5797, stack(0x00007f2266043000,0x00007f2266144000)]
  0x00007f22c468f800 JavaThread "Thread-10" [_thread_in_native, id=5796, stack(0x00007f226642e000,0x00007f226652f000)]
  0x00007f22c468d800 JavaThread "Thread-9" [_thread_in_native, id=5795, stack(0x00007f226652f000,0x00007f2266630000)]
  0x00007f22c468b800 JavaThread "Thread-8" [_thread_in_native, id=5794, stack(0x00007f2266630000,0x00007f2266731000)]
  0x00007f22c468a000 JavaThread "Thread-7" [_thread_in_native, id=5793, stack(0x00007f2266731000,0x00007f2266832000)]
  0x00007f22c4688000 JavaThread "Thread-6" [_thread_in_native, id=5792, stack(0x00007f2266832000,0x00007f2266933000)]
  0x00007f22c4686000 JavaThread "Thread-5" [_thread_in_native, id=5791, stack(0x00007f2266933000,0x00007f2266a34000)]
  0x00007f22c4684000 JavaThread "Thread-4" [_thread_in_native, id=5790, stack(0x00007f2266a34000,0x00007f2266b35000)]
  0x00007f226c020000 JavaThread "TimerQueue" daemon [_thread_blocked, id=5789, stack(0x00007f2266b35000,0x00007f2266c36000)]
  0x00007f22c4562000 JavaThread "AWT-EventQueue-0" [_thread_blocked, id=5785, stack(0x00007f22a054d000,0x00007f22a064e000)]
  0x00007f22c4560000 JavaThread "AWT-Shutdown" [_thread_blocked, id=5784, stack(0x00007f22a064e000,0x00007f22a074f000)]
=>0x00007f22c450c800 JavaThread "AWT-XAWT" daemon [_thread_in_native, id=5783, stack(0x00007f22a074f000,0x00007f22a0850000)]
  0x00007f22c44e6800 JavaThread "Java2D Disposer" daemon [_thread_blocked, id=5782, stack(0x00007f22a0c60000,0x00007f22a0d61000)]
  0x00007f22c40ce000 JavaThread "Service Thread" daemon [_thread_blocked, id=5780, stack(0x00007f22a2c10000,0x00007f22a2d11000)]
  0x00007f22c40c1000 JavaThread "C1 CompilerThread2" daemon [_thread_blocked, id=5779, stack(0x00007f22a2d11000,0x00007f22a2e12000)]
  0x00007f22c40bf000 JavaThread "C2 CompilerThread1" daemon [_thread_blocked, id=5778, stack(0x00007f22a2e12000,0x00007f22a2f13000)]
  0x00007f22c40bc800 JavaThread "C2 CompilerThread0" daemon [_thread_blocked, id=5777, stack(0x00007f22a2f13000,0x00007f22a3014000)]
  0x00007f22c40bb000 JavaThread "Signal Dispatcher" daemon [_thread_blocked, id=5776, stack(0x00007f22a3014000,0x00007f22a3115000)]
  0x00007f22c4086800 JavaThread "Finalizer" daemon [_thread_blocked, id=5775, stack(0x00007f22a37f8000,0x00007f22a38f9000)]
  0x00007f22c4082000 JavaThread "Reference Handler" daemon [_thread_blocked, id=5774, stack(0x00007f22a38f9000,0x00007f22a39fa000)]

Other Threads:
  0x00007f22c407a800 VMThread [stack: 0x00007f22a39fa000,0x00007f22a3afb000] [id=5773]
  0x00007f22c40d1000 WatcherThread [stack: 0x00007f22a2b0f000,0x00007f22a2c10000] [id=5781]

VM state:not at safepoint (normal execution)

VM Mutex/Monitor currently owned by a thread: None

Heap:
 PSYoungGen      total 62464K, used 27682K [0x00000000d7000000, 0x00000000db680000, 0x0000000100000000)
  eden space 55808K, 43% used [0x00000000d7000000,0x00000000d87bc748,0x00000000da680000)
  from space 6656K, 50% used [0x00000000db000000,0x00000000db34c0f0,0x00000000db680000)
  to   space 8192K, 0% used [0x00000000da680000,0x00000000da680000,0x00000000dae80000)
 ParOldGen       total 63488K, used 7848K [0x0000000085000000, 0x0000000088e00000, 0x00000000d7000000)
  object space 63488K, 12% used [0x0000000085000000,0x00000000857aa098,0x0000000088e00000)
 Metaspace       used 23695K, capacity 24114K, committed 24448K, reserved 1071104K
  class space    used 2707K, capacity 2825K, committed 2944K, reserved 1048576K

Card table byte_map: [0x00007f22c8d79000,0x00007f22c9152000] byte_map_base: 0x00007f22c8951000

Marking Bits: (ParMarkBitMap*) 0x00007f22cb875c80
 Begin Bits: [0x00007f22b1280000, 0x00007f22b3140000)
 End Bits:   [0x00007f22b3140000, 0x00007f22b5000000)

Polling page: 0x00007f22cc4bf000

CodeCache: size=245760Kb used=16698Kb max_used=17255Kb free=229061Kb
 bounds [0x00007f22b5000000, 0x00007f22b61a0000, 0x00007f22c4000000]
 total_blobs=5275 nmethods=4567 adapters=619
 compilation: enabled

Compilation events (10 events):
Event: 261,513 Thread 0x00007f22c40c1000 5462       3       java.beans.PropertyChangeEvent::<init> (22 bytes)
Event: 261,514 Thread 0x00007f22c40c1000 nmethod 5462 0x00007f22b565b650 code [0x00007f22b565b7e0, 0x00007f22b565bb48]
Event: 286,419 Thread 0x00007f22c40bf000 5463       4       java.lang.Iterable::forEach (39 bytes)
Event: 286,433 Thread 0x00007f22c40bf000 nmethod 5463 0x00007f22b5355c50 code [0x00007f22b5355e40, 0x00007f22b5356608]
Event: 290,233 Thread 0x00007f22c40c1000 5464       3       sun.awt.X11.XWindow::handlePropertyNotify (46 bytes)
Event: 290,234 Thread 0x00007f22c40c1000 nmethod 5464 0x00007f22b58097d0 code [0x00007f22b5809a40, 0x00007f22b580a948]
Event: 291,302 Thread 0x00007f22c40c1000 5465       3       sun.awt.X11.XNETProtocol::detect (88 bytes)
Event: 291,304 Thread 0x00007f22c40c1000 nmethod 5465 0x00007f22b54a9690 code [0x00007f22b54a9900, 0x00007f22b54aa7e8]
Event: 291,304 Thread 0x00007f22c40c1000 5466       3       sun.awt.X11.XNETProtocol::active (19 bytes)
Event: 291,305 Thread 0x00007f22c40c1000 nmethod 5466 0x00007f22b56e0790 code [0x00007f22b56e0900, 0x00007f22b56e0b88]

GC Heap History (10 events):
Event: 10,855 GC heap before
{Heap before GC invocations=5 (full 1):
 PSYoungGen      total 36864K, used 34912K [0x00000000d7000000, 0x00000000da580000, 0x0000000100000000)
  eden space 31744K, 100% used [0x00000000d7000000,0x00000000d8f00000,0x00000000d8f00000)
  from space 5120K, 61% used [0x00000000d8f00000,0x00000000d9218070,0x00000000d9400000)
  to   space 5120K, 0% used [0x00000000da080000,0x00000000da080000,0x00000000da580000)
 ParOldGen       total 63488K, used 7824K [0x0000000085000000, 0x0000000088e00000, 0x00000000d7000000)
  object space 63488K, 12% used [0x0000000085000000,0x00000000857a4098,0x0000000088e00000)
 Metaspace       used 22778K, capacity 23176K, committed 23216K, reserved 1069056K
  class space    used 2669K, capacity 2792K, committed 2816K, reserved 1048576K
Event: 10,888 GC heap after
Heap after GC invocations=5 (full 1):
 PSYoungGen      total 49664K, used 3361K [0x00000000d7000000, 0x00000000da680000, 0x0000000100000000)
  eden space 44544K, 0% used [0x00000000d7000000,0x00000000d7000000,0x00000000d9b80000)
  from space 5120K, 65% used [0x00000000da080000,0x00000000da3c8708,0x00000000da580000)
  to   space 5120K, 0% used [0x00000000d9b80000,0x00000000d9b80000,0x00000000da080000)
 ParOldGen       total 63488K, used 7832K [0x0000000085000000, 0x0000000088e00000, 0x00000000d7000000)
  object space 63488K, 12% used [0x0000000085000000,0x00000000857a6098,0x0000000088e00000)
 Metaspace       used 22778K, capacity 23176K, committed 23216K, reserved 1069056K
  class space    used 2669K, capacity 2792K, committed 2816K, reserved 1048576K
}
Event: 27,458 GC heap before
{Heap before GC invocations=6 (full 1):
 PSYoungGen      total 49664K, used 47905K [0x00000000d7000000, 0x00000000da680000, 0x0000000100000000)
  eden space 44544K, 100% used [0x00000000d7000000,0x00000000d9b80000,0x00000000d9b80000)
  from space 5120K, 65% used [0x00000000da080000,0x00000000da3c8708,0x00000000da580000)
  to   space 5120K, 0% used [0x00000000d9b80000,0x00000000d9b80000,0x00000000da080000)
 ParOldGen       total 63488K, used 7832K [0x0000000085000000, 0x0000000088e00000, 0x00000000d7000000)
  object space 63488K, 12% used [0x0000000085000000,0x00000000857a6098,0x0000000088e00000)
 Metaspace       used 23368K, capacity 23756K, committed 23808K, reserved 1071104K
  class space    used 2674K, capacity 2792K, committed 2816K, reserved 1048576K
Event: 27,465 GC heap after
Heap after GC invocations=6 (full 1):
 PSYoungGen      total 49664K, used 3649K [0x00000000d7000000, 0x00000000dbd80000, 0x0000000100000000)
  eden space 44544K, 0% used [0x00000000d7000000,0x00000000d7000000,0x00000000d9b80000)
  from space 5120K, 71% used [0x00000000d9b80000,0x00000000d9f10708,0x00000000da080000)
  to   space 9216K, 0% used [0x00000000db480000,0x00000000db480000,0x00000000dbd80000)
 ParOldGen       total 63488K, used 7840K [0x0000000085000000, 0x0000000088e00000, 0x00000000d7000000)
  object space 63488K, 12% used [0x0000000085000000,0x00000000857a8098,0x0000000088e00000)
 Metaspace       used 23368K, capacity 23756K, committed 23808K, reserved 1071104K
  class space    used 2674K, capacity 2792K, committed 2816K, reserved 1048576K
}
Event: 64,286 GC heap before
{Heap before GC invocations=7 (full 1):
 PSYoungGen      total 49664K, used 48193K [0x00000000d7000000, 0x00000000dbd80000, 0x0000000100000000)
  eden space 44544K, 100% used [0x00000000d7000000,0x00000000d9b80000,0x00000000d9b80000)
  from space 5120K, 71% used [0x00000000d9b80000,0x00000000d9f10708,0x00000000da080000)
  to   space 9216K, 0% used [0x00000000db480000,0x00000000db480000,0x00000000dbd80000)
 ParOldGen       total 63488K, used 7840K [0x0000000085000000, 0x0000000088e00000, 0x00000000d7000000)
  object space 63488K, 12% used [0x0000000085000000,0x00000000857a8098,0x0000000088e00000)
 Metaspace       used 23536K, capacity 23986K, committed 24192K, reserved 1071104K
  class space    used 2698K, capacity 2825K, committed 2944K, reserved 1048576K
Event: 64,299 GC heap after
Heap after GC invocations=7 (full 1):
 PSYoungGen      total 64000K, used 3649K [0x00000000d7000000, 0x00000000dba00000, 0x0000000100000000)
  eden space 58368K, 0% used [0x00000000d7000000,0x00000000d7000000,0x00000000da900000)
  from space 5632K, 64% used [0x00000000db480000,0x00000000db810708,0x00000000dba00000)
  to   space 8704K, 0% used [0x00000000da900000,0x00000000da900000,0x00000000db180000)
 ParOldGen       total 63488K, used 7848K [0x0000000085000000, 0x0000000088e00000, 0x00000000d7000000)
  object space 63488K, 12% used [0x0000000085000000,0x00000000857aa098,0x0000000088e00000)
 Metaspace       used 23536K, capacity 23986K, committed 24192K, reserved 1071104K
  class space    used 2698K, capacity 2825K, committed 2944K, reserved 1048576K
}
Event: 138,831 GC heap before
{Heap before GC invocations=8 (full 1):
 PSYoungGen      total 64000K, used 62017K [0x00000000d7000000, 0x00000000dba00000, 0x0000000100000000)
  eden space 58368K, 100% used [0x00000000d7000000,0x00000000da900000,0x00000000da900000)
  from space 5632K, 64% used [0x00000000db480000,0x00000000db810708,0x00000000dba00000)
  to   space 8704K, 0% used [0x00000000da900000,0x00000000da900000,0x00000000db180000)
 ParOldGen       total 63488K, used 7848K [0x0000000085000000, 0x0000000088e00000, 0x00000000d7000000)
  object space 63488K, 12% used [0x0000000085000000,0x00000000857aa098,0x0000000088e00000)
 Metaspace       used 23553K, capacity 23986K, committed 24192K, reserved 1071104K
  class space    used 2700K, capacity 2825K, committed 2944K, reserved 1048576K
Event: 138,843 GC heap after
Heap after GC invocations=8 (full 1):
 PSYoungGen      total 60416K, used 3280K [0x00000000d7000000, 0x00000000db880000, 0x0000000100000000)
  eden space 56832K, 0% used [0x00000000d7000000,0x00000000d7000000,0x00000000da780000)
  from space 3584K, 91% used [0x00000000da900000,0x00000000dac34110,0x00000000dac80000)
  to   space 8704K, 0% used [0x00000000db000000,0x00000000db000000,0x00000000db880000)
 ParOldGen       total 63488K, used 7848K [0x0000000085000000, 0x0000000088e00000, 0x00000000d7000000)
  object space 63488K, 12% used [0x0000000085000000,0x00000000857aa098,0x0000000088e00000)
 Metaspace       used 23553K, capacity 23986K, committed 24192K, reserved 1071104K
  class space    used 2700K, capacity 2825K, committed 2944K, reserved 1048576K
}
Event: 246,395 GC heap before
{Heap before GC invocations=9 (full 1):
 PSYoungGen      total 60416K, used 60112K [0x00000000d7000000, 0x00000000db880000, 0x0000000100000000)
  eden space 56832K, 100% used [0x00000000d7000000,0x00000000da780000,0x00000000da780000)
  from space 3584K, 91% used [0x00000000da900000,0x00000000dac34110,0x00000000dac80000)
  to   space 8704K, 0% used [0x00000000db000000,0x00000000db000000,0x00000000db880000)
 ParOldGen       total 63488K, used 7848K [0x0000000085000000, 0x0000000088e00000, 0x00000000d7000000)
  object space 63488K, 12% used [0x0000000085000000,0x00000000857aa098,0x0000000088e00000)
 Metaspace       used 23662K, capacity 24114K, committed 24448K, reserved 1071104K
  class space    used 2704K, capacity 2825K, committed 2944K, reserved 1048576K
Event: 246,405 GC heap after
Heap after GC invocations=9 (full 1):
 PSYoungGen      total 62464K, used 3376K [0x00000000d7000000, 0x00000000db680000, 0x0000000100000000)
  eden space 55808K, 0% used [0x00000000d7000000,0x00000000d7000000,0x00000000da680000)
  from space 6656K, 50% used [0x00000000db000000,0x00000000db34c0f0,0x00000000db680000)
  to   space 8192K, 0% used [0x00000000da680000,0x00000000da680000,0x00000000dae80000)
 ParOldGen       total 63488K, used 7848K [0x0000000085000000, 0x0000000088e00000, 0x00000000d7000000)
  object space 63488K, 12% used [0x0000000085000000,0x00000000857aa098,0x0000000088e00000)
 Metaspace       used 23662K, capacity 24114K, committed 24448K, reserved 1071104K
  class space    used 2704K, capacity 2825K, committed 2944K, reserved 1048576K
}

Deoptimization events (10 events):
Event: 147,597 Thread 0x00007f22c4562000 Uncommon trap: reason=unstable_if action=reinterpret pc=0x00007f22b60f20b8 method=java.awt.Component.dispatchEventImpl(Ljava/awt/AWTEvent;)V @ 101
Event: 147,597 Thread 0x00007f22c4562000 Uncommon trap: reason=unstable_if action=reinterpret pc=0x00007f22b60bf680 method=java.awt.EventQueue.setCurrentEventAndMostRecentTimeImpl(Ljava/awt/AWTEvent;)V @ 68
Event: 157,058 Thread 0x00007f22c4562000 Uncommon trap: reason=unstable_if action=reinterpret pc=0x00007f22b60dfd50 method=sun.awt.X11.XGlobalCursorManager.getCursor(Ljava/awt/Cursor;)J @ 37
Event: 211,162 Thread 0x00007f22c4562000 Uncommon trap: reason=unstable_if action=reinterpret pc=0x00007f22b5189bcc method=java.awt.Component.processEvent(Ljava/awt/AWTEvent;)V @ 113
Event: 291,228 Thread 0x00007f22c450c800 Uncommon trap: reason=unstable_if action=reinterpret pc=0x00007f22b58490b8 method=sun.awt.X11.XDropTargetEventProcessor.doProcessEvent(Lsun/awt/X11/XEvent;)Z @ 6
Event: 291,228 Thread 0x00007f22c450c800 Uncommon trap: reason=bimorphic action=maybe_recompile pc=0x00007f22b612abd8 method=sun.awt.X11.XToolkit.dispatchEvent(Lsun/awt/X11/XEvent;)V @ 167
Event: 291,302 Thread 0x00007f22c4562000 Uncommon trap: reason=unstable_if action=reinterpret pc=0x00007f22b60ca97c method=java.awt.EventQueue.getPriority(Ljava/awt/AWTEvent;)I @ 71
Event: 291,593 Thread 0x00007f22c450c800 Uncommon trap: reason=bimorphic action=maybe_recompile pc=0x00007f22b612abd8 method=sun.awt.X11.XToolkit.dispatchEvent(Lsun/awt/X11/XEvent;)V @ 167
Event: 291,772 Thread 0x00007f22c450c800 Uncommon trap: reason=bimorphic action=maybe_recompile pc=0x00007f22b612abd8 method=sun.awt.X11.XToolkit.dispatchEvent(Lsun/awt/X11/XEvent;)V @ 167
Event: 292,404 Thread 0x00007f22c450c800 Uncommon trap: reason=bimorphic action=maybe_recompile pc=0x00007f22b612abd8 method=sun.awt.X11.XToolkit.dispatchEvent(Lsun/awt/X11/XEvent;)V @ 167

Internal exceptions (10 events):
Event: 6,490 Thread 0x00007f22c400c800 Exception <a 'java/lang/ClassNotFoundException': ToolTip> (0x00000000d7d6e5f0) thrown at [/HUDSON3/workspace/8-2-build-linux-amd64/jdk8u121/8372/hotspot/src/share/vm/classfile/systemDictionary.cpp, line 210]
Event: 6,490 Thread 0x00007f22c400c800 Exception <a 'java/lang/ClassNotFoundException': Tree> (0x00000000d7d6ec80) thrown at [/HUDSON3/workspace/8-2-build-linux-amd64/jdk8u121/8372/hotspot/src/share/vm/classfile/systemDictionary.cpp, line 210]
Event: 6,490 Thread 0x00007f22c400c800 Exception <a 'java/lang/ClassNotFoundException': Tree> (0x00000000d7d6f378) thrown at [/HUDSON3/workspace/8-2-build-linux-amd64/jdk8u121/8372/hotspot/src/share/vm/classfile/systemDictionary.cpp, line 210]
Event: 6,490 Thread 0x00007f22c400c800 Exception <a 'java/lang/ClassNotFoundException': javax/swing/JTreeCell> (0x00000000d7d6f6f8) thrown at [/HUDSON3/workspace/8-2-build-linux-amd64/jdk8u121/8372/hotspot/src/share/vm/classfile/systemDictionary.cpp, line 210]
Event: 6,490 Thread 0x00007f22c400c800 Exception <a 'java/lang/ClassNotFoundException': TreeCell> (0x00000000d7d6fb80) thrown at [/HUDSON3/workspace/8-2-build-linux-amd64/jdk8u121/8372/hotspot/src/share/vm/classfile/systemDictionary.cpp, line 210]
Event: 6,490 Thread 0x00007f22c400c800 Exception <a 'java/lang/ClassNotFoundException': RootPane> (0x00000000d7d703a0) thrown at [/HUDSON3/workspace/8-2-build-linux-amd64/jdk8u121/8372/hotspot/src/share/vm/classfile/systemDictionary.cpp, line 210]
Event: 17,323 Thread 0x00007f22c4562000 Implicit null exception at 0x00007f22b5e0670c to 0x00007f22b5e0692d
Event: 18,083 Thread 0x00007f22c4562000 Implicit null exception at 0x00007f22b5676ea7 to 0x00007f22b5678881
Event: 30,082 Thread 0x00007f22c4562000 Implicit null exception at 0x00007f22b5e9aad3 to 0x00007f22b5e9de09
Event: 30,083 Thread 0x00007f22c4562000 Implicit null exception at 0x00007f22b5e91f39 to 0x00007f22b5e9276d

Events (10 events):
Event: 291,749 loading class sun/awt/X11/XkbEvent
Event: 291,765 loading class sun/awt/X11/XkbEvent done
Event: 291,765 loading class sun/awt/X11/XkbAnyEvent
Event: 291,771 loading class sun/awt/X11/XkbAnyEvent done
Event: 291,772 Thread 0x00007f22c450c800 Uncommon trap: trap_request=0xffffffc6 fr.pc=0x00007f22b612abd8
Event: 291,772 Thread 0x00007f22c450c800 DEOPT PACKING pc=0x00007f22b612abd8 sp=0x00007f22a084e5a0
Event: 291,772 Thread 0x00007f22c450c800 DEOPT UNPACKING pc=0x00007f22b5005229 sp=0x00007f22a084e5b8 mode 2
Event: 292,404 Thread 0x00007f22c450c800 Uncommon trap: trap_request=0xffffffc6 fr.pc=0x00007f22b612abd8
Event: 292,404 Thread 0x00007f22c450c800 DEOPT PACKING pc=0x00007f22b612abd8 sp=0x00007f22a084e5a0
Event: 292,404 Thread 0x00007f22c450c800 DEOPT UNPACKING pc=0x00007f22b5005229 sp=0x00007f22a084e5b8 mode 2


Dynamic libraries:
00400000-00401000 r-xp 00000000 08:07 140295                             /home/pedro/jdk1.8.0_121/bin/java
00600000-00601000 rw-p 00000000 08:07 140295                             /home/pedro/jdk1.8.0_121/bin/java
022f4000-02336000 rw-p 00000000 00:00 0                                  [heap]
85000000-88e00000 rw-p 00000000 00:00 0 
88e00000-d7000000 ---p 00000000 00:00 0 
d7000000-db680000 rw-p 00000000 00:00 0 
db680000-100000000 ---p 00000000 00:00 0 
100000000-1002e0000 rw-p 00000000 00:00 0 
1002e0000-140000000 ---p 00000000 00:00 0 
7f222eaed000-7f222ebed000 rw-p 00000000 00:00 0 
7f222ebed000-7f222ecf0000 ---p 00000000 00:00 0 
7f222ecf0000-7f222edee000 rw-p 00000000 00:00 0 
7f222edee000-7f222edf1000 ---p 00000000 00:00 0 
7f222edf1000-7f222eeef000 rw-p 00000000 00:00 0 
7f222eeef000-7f222eef2000 ---p 00000000 00:00 0 
7f222eef2000-7f222eff0000 rw-p 00000000 00:00 0 
7f222eff0000-7f222eff3000 ---p 00000000 00:00 0 
7f222eff3000-7f222f0f1000 rw-p 00000000 00:00 0 
7f222f0f1000-7f222f0f4000 ---p 00000000 00:00 0 
7f222f0f4000-7f222f1f2000 rw-p 00000000 00:00 0 
7f222f1f2000-7f222f1f5000 ---p 00000000 00:00 0 
7f222f1f5000-7f222f2f3000 rw-p 00000000 00:00 0 
7f222f2f3000-7f222f2f6000 ---p 00000000 00:00 0 
7f222f2f6000-7f222f3f4000 rw-p 00000000 00:00 0                          [stack:5843]
7f222f3f4000-7f222f3f7000 ---p 00000000 00:00 0 
7f222f3f7000-7f222f4f5000 rw-p 00000000 00:00 0                          [stack:5842]
7f222f4f5000-7f222f4f8000 ---p 00000000 00:00 0 
7f222f4f8000-7f222f5f6000 rw-p 00000000 00:00 0                          [stack:5841]
7f222f5f6000-7f222f5f9000 ---p 00000000 00:00 0 
7f222f5f9000-7f222f6f7000 rw-p 00000000 00:00 0 
7f222f6f7000-7f222f6fa000 ---p 00000000 00:00 0 
7f222f6fa000-7f222f7f8000 rw-p 00000000 00:00 0 
7f222f7f8000-7f222f7fb000 ---p 00000000 00:00 0 
7f222f7fb000-7f222f8f9000 rw-p 00000000 00:00 0                          [stack:5838]
7f222f8f9000-7f222f8fc000 ---p 00000000 00:00 0 
7f222f8fc000-7f222f9fa000 rw-p 00000000 00:00 0                          [stack:5837]
7f222f9fa000-7f222f9fd000 ---p 00000000 00:00 0 
7f222f9fd000-7f222fafb000 rw-p 00000000 00:00 0 
7f222fafb000-7f222fafe000 ---p 00000000 00:00 0 
7f222fafe000-7f222fbfc000 rw-p 00000000 00:00 0                          [stack:5835]
7f222fbfc000-7f222fbff000 ---p 00000000 00:00 0 
7f222fbff000-7f222fcfd000 rw-p 00000000 00:00 0                          [stack:5834]
7f222fcfd000-7f222fd00000 ---p 00000000 00:00 0 
7f222fd00000-7f222fdfe000 rw-p 00000000 00:00 0 
7f222fdfe000-7f222fe01000 ---p 00000000 00:00 0 
7f222fe01000-7f222feff000 rw-p 00000000 00:00 0 
7f222feff000-7f222ff02000 ---p 00000000 00:00 0 
7f222ff02000-7f2230000000 rw-p 00000000 00:00 0 
7f2230000000-7f2230060000 rw-p 00000000 00:00 0 
7f2230060000-7f2234000000 ---p 00000000 00:00 0 
7f2234000000-7f2234050000 rw-p 00000000 00:00 0 
7f2234050000-7f2238000000 ---p 00000000 00:00 0 
7f2238000000-7f223803a000 rw-p 00000000 00:00 0 
7f223803a000-7f223c000000 ---p 00000000 00:00 0 
7f223c000000-7f223c032000 rw-p 00000000 00:00 0 
7f223c032000-7f2240000000 ---p 00000000 00:00 0 
7f2240000000-7f2240025000 rw-p 00000000 00:00 0 
7f2240025000-7f2244000000 ---p 00000000 00:00 0 
7f2244000000-7f2244021000 rw-p 00000000 00:00 0 
7f2244021000-7f2248000000 ---p 00000000 00:00 0 
7f2248000000-7f224802c000 rw-p 00000000 00:00 0 
7f224802c000-7f224c000000 ---p 00000000 00:00 0 
7f224c000000-7f224c021000 rw-p 00000000 00:00 0 
7f224c021000-7f2250000000 ---p 00000000 00:00 0 
7f2250000000-7f2250021000 rw-p 00000000 00:00 0 
7f2250021000-7f2254000000 ---p 00000000 00:00 0 
7f2254000000-7f2254021000 rw-p 00000000 00:00 0 
7f2254021000-7f2258000000 ---p 00000000 00:00 0 
7f2258000000-7f2258090000 rw-p 00000000 00:00 0 
7f2258090000-7f225c000000 ---p 00000000 00:00 0 
7f225c000000-7f225c0b0000 rw-p 00000000 00:00 0 
7f225c0b0000-7f2260000000 ---p 00000000 00:00 0 
7f2260000000-7f226008e000 rw-p 00000000 00:00 0 
7f226008e000-7f2264000000 ---p 00000000 00:00 0 
7f2264025000-7f2264028000 ---p 00000000 00:00 0 
7f2264028000-7f2264126000 rw-p 00000000 00:00 0                          [stack:5830]
7f2264126000-7f2264129000 ---p 00000000 00:00 0 
7f2264129000-7f2264227000 rw-p 00000000 00:00 0                          [stack:5829]
7f2264227000-7f226422a000 ---p 00000000 00:00 0 
7f226422a000-7f2264328000 rw-p 00000000 00:00 0                          [stack:5828]
7f2264328000-7f226432b000 ---p 00000000 00:00 0 
7f226432b000-7f2264429000 rw-p 00000000 00:00 0                          [stack:5827]
7f2264429000-7f226442c000 ---p 00000000 00:00 0 
7f226442c000-7f226452a000 rw-p 00000000 00:00 0                          [stack:5826]
7f226452a000-7f226452d000 ---p 00000000 00:00 0 
7f226452d000-7f226462b000 rw-p 00000000 00:00 0                          [stack:5825]
7f226462b000-7f226462e000 ---p 00000000 00:00 0 
7f226462e000-7f226492c000 rw-p 00000000 00:00 0                          [stack:5824]
7f226492c000-7f226492f000 ---p 00000000 00:00 0 
7f226492f000-7f2264a2d000 rw-p 00000000 00:00 0                          [stack:5823]
7f2264a2d000-7f2264a30000 ---p 00000000 00:00 0 
7f2264a30000-7f2264b2e000 rw-p 00000000 00:00 0                          [stack:5822]
7f2264b2e000-7f2264b31000 ---p 00000000 00:00 0 
7f2264b31000-7f2264c2f000 rw-p 00000000 00:00 0                          [stack:5821]
7f2264c2f000-7f2264c32000 ---p 00000000 00:00 0 
7f2264c32000-7f2264d30000 rw-p 00000000 00:00 0 
7f2264d30000-7f2264d33000 ---p 00000000 00:00 0 
7f2264d33000-7f2264e31000 rw-p 00000000 00:00 0                          [stack:5819]
7f2264e31000-7f2264e34000 ---p 00000000 00:00 0 
7f2264e34000-7f2264f32000 rw-p 00000000 00:00 0 
7f2264f32000-7f2264f35000 ---p 00000000 00:00 0 
7f2264f35000-7f2265033000 rw-p 00000000 00:00 0                          [stack:5815]
7f2265033000-7f2265036000 ---p 00000000 00:00 0 
7f2265036000-7f2265134000 rw-p 00000000 00:00 0                          [stack:5813]
7f2265134000-7f2265137000 ---p 00000000 00:00 0 
7f2265137000-7f2265235000 rw-p 00000000 00:00 0                          [stack:5812]
7f2265235000-7f2265238000 ---p 00000000 00:00 0 
7f2265238000-7f2265336000 rw-p 00000000 00:00 0                          [stack:5811]
7f2265336000-7f2265339000 ---p 00000000 00:00 0 
7f2265339000-7f2265437000 rw-p 00000000 00:00 0                          [stack:5810]
7f2265437000-7f226543a000 ---p 00000000 00:00 0 
7f226543a000-7f2265538000 rw-p 00000000 00:00 0                          [stack:5809]
7f2265538000-7f226553b000 ---p 00000000 00:00 0 
7f226553b000-7f2265639000 rw-p 00000000 00:00 0                          [stack:5808]
7f2265639000-7f226563c000 ---p 00000000 00:00 0 
7f226563c000-7f226573a000 rw-p 00000000 00:00 0                          [stack:5807]
7f226573a000-7f226573d000 ---p 00000000 00:00 0 
7f226573d000-7f226583b000 rw-p 00000000 00:00 0 
7f226583b000-7f226583e000 ---p 00000000 00:00 0 
7f226583e000-7f226593c000 rw-p 00000000 00:00 0                          [stack:5805]
7f226593c000-7f226593f000 ---p 00000000 00:00 0 
7f226593f000-7f2265a3d000 rw-p 00000000 00:00 0                          [stack:5804]
7f2265a3d000-7f2265a40000 ---p 00000000 00:00 0 
7f2265a40000-7f2265b3e000 rw-p 00000000 00:00 0                          [stack:5803]
7f2265b3e000-7f2265b41000 ---p 00000000 00:00 0 
7f2265b41000-7f2265c3f000 rw-p 00000000 00:00 0                          [stack:5802]
7f2265c3f000-7f2265c42000 ---p 00000000 00:00 0 
7f2265c42000-7f2265d40000 rw-p 00000000 00:00 0                          [stack:5801]
7f2265d40000-7f2265d43000 ---p 00000000 00:00 0 
7f2265d43000-7f2265e41000 rw-p 00000000 00:00 0                          [stack:5800]
7f2265e41000-7f2265e44000 ---p 00000000 00:00 0 
7f2265e44000-7f2265f42000 rw-p 00000000 00:00 0                          [stack:5799]
7f2265f42000-7f2265f45000 ---p 00000000 00:00 0 
7f2265f45000-7f2266043000 rw-p 00000000 00:00 0                          [stack:5798]
7f2266043000-7f2266046000 ---p 00000000 00:00 0 
7f2266046000-7f2266144000 rw-p 00000000 00:00 0                          [stack:5797]
7f2266144000-7f2266229000 r-xp 00000000 08:07 1080658                    /tmp/sqlite-3.21.0-2048b1b9-e326-4e89-9654-e1c25a81792f-libsqlitejdbc.so
7f2266229000-7f2266428000 ---p 000e5000 08:07 1080658                    /tmp/sqlite-3.21.0-2048b1b9-e326-4e89-9654-e1c25a81792f-libsqlitejdbc.so
7f2266428000-7f226642d000 rw-p 000e4000 08:07 1080658                    /tmp/sqlite-3.21.0-2048b1b9-e326-4e89-9654-e1c25a81792f-libsqlitejdbc.so
7f226642d000-7f226642e000 rw-p 00000000 00:00 0 
7f226642e000-7f2266431000 ---p 00000000 00:00 0 
7f2266431000-7f226652f000 rw-p 00000000 00:00 0                          [stack:5796]
7f226652f000-7f2266532000 ---p 00000000 00:00 0 
7f2266532000-7f2266630000 rw-p 00000000 00:00 0                          [stack:5795]
7f2266630000-7f2266633000 ---p 00000000 00:00 0 
7f2266633000-7f2266731000 rw-p 00000000 00:00 0                          [stack:5794]
7f2266731000-7f2266734000 ---p 00000000 00:00 0 
7f2266734000-7f2266832000 rw-p 00000000 00:00 0                          [stack:5793]
7f2266832000-7f2266835000 ---p 00000000 00:00 0 
7f2266835000-7f2266933000 rw-p 00000000 00:00 0                          [stack:5792]
7f2266933000-7f2266936000 ---p 00000000 00:00 0 
7f2266936000-7f2266a34000 rw-p 00000000 00:00 0                          [stack:5791]
7f2266a34000-7f2266a37000 ---p 00000000 00:00 0 
7f2266a37000-7f2266b35000 rw-p 00000000 00:00 0                          [stack:5790]
7f2266b35000-7f2266b38000 ---p 00000000 00:00 0 
7f2266b38000-7f2266e36000 rw-p 00000000 00:00 0                          [stack:5789]
7f2266e36000-7f2267036000 rw-p 00000000 00:00 0 
7f2267036000-7f226703f000 r-xp 00000000 08:07 139962                     /home/pedro/jdk1.8.0_121/jre/lib/amd64/libmanagement.so
7f226703f000-7f226723e000 ---p 00009000 08:07 139962                     /home/pedro/jdk1.8.0_121/jre/lib/amd64/libmanagement.so
7f226723e000-7f226723f000 rw-p 00008000 08:07 139962                     /home/pedro/jdk1.8.0_121/jre/lib/amd64/libmanagement.so
7f226723f000-7f226743f000 rw-p 00000000 00:00 0 
7f226743f000-7f2267469000 r-xp 00000000 08:07 140077                     /home/pedro/jdk1.8.0_121/jre/lib/amd64/libdcpr.so
7f2267469000-7f2267669000 ---p 0002a000 08:07 140077                     /home/pedro/jdk1.8.0_121/jre/lib/amd64/libdcpr.so
7f2267669000-7f226766c000 rw-p 0002a000 08:07 140077                     /home/pedro/jdk1.8.0_121/jre/lib/amd64/libdcpr.so
7f226766c000-7f226766f000 ---p 00000000 00:00 0 
7f226766f000-7f226776d000 rw-p 00000000 00:00 0 
7f226776d000-7f2267770000 ---p 00000000 00:00 0 
7f2267770000-7f226786e000 rw-p 00000000 00:00 0 
7f226786e000-7f2267871000 ---p 00000000 00:00 0 
7f2267871000-7f2267b6f000 rw-p 00000000 00:00 0 
7f2267b6f000-7f2267bd8000 r-xp 00000000 08:07 140109                     /home/pedro/jdk1.8.0_121/jre/lib/amd64/libt2k.so
7f2267bd8000-7f2267dd8000 ---p 00069000 08:07 140109                     /home/pedro/jdk1.8.0_121/jre/lib/amd64/libt2k.so
7f2267dd8000-7f2267ddf000 rw-p 00069000 08:07 140109                     /home/pedro/jdk1.8.0_121/jre/lib/amd64/libt2k.so
7f2267ddf000-7f2267def000 rw-p 00000000 00:00 0 
7f2267def000-7f2267e00000 r-xp 00000000 08:07 140107                     /home/pedro/jdk1.8.0_121/jre/lib/amd64/libnio.so
7f2267e00000-7f2267fff000 ---p 00011000 08:07 140107                     /home/pedro/jdk1.8.0_121/jre/lib/amd64/libnio.so
7f2267fff000-7f2268000000 rw-p 00010000 08:07 140107                     /home/pedro/jdk1.8.0_121/jre/lib/amd64/libnio.so
7f2268000000-7f2268021000 rw-p 00000000 00:00 0 
7f2268021000-7f226c000000 ---p 00000000 00:00 0 
7f226c000000-7f226c0a2000 rw-p 00000000 00:00 0 
7f226c0a2000-7f2270000000 ---p 00000000 00:00 0 
7f2270000000-7f2270021000 rw-p 00000000 00:00 0 
7f2270021000-7f2274000000 ---p 00000000 00:00 0 
7f2274000000-7f2274295000 rw-p 00000000 00:00 0 
7f2274295000-7f2278000000 ---p 00000000 00:00 0 
7f2278000000-7f2278021000 rw-p 00000000 00:00 0 
7f2278021000-7f227c000000 ---p 00000000 00:00 0 
7f227c000000-7f227c021000 rw-p 00000000 00:00 0 
7f227c021000-7f2280000000 ---p 00000000 00:00 0 
7f2280000000-7f22817d8000 rw-p 00000000 00:00 0 
7f22817d8000-7f2284000000 ---p 00000000 00:00 0 
7f2284000000-7f22850d2000 rw-p 00000000 00:00 0 
7f22850d2000-7f2288000000 ---p 00000000 00:00 0 
7f2288000000-7f2288021000 rw-p 00000000 00:00 0 
7f2288021000-7f228c000000 ---p 00000000 00:00 0 
7f228c000000-7f228e85b000 rw-p 00000000 00:00 0 
7f228e85b000-7f2290000000 ---p 00000000 00:00 0 
7f2290000000-7f2290021000 rw-p 00000000 00:00 0 
7f2290021000-7f2294000000 ---p 00000000 00:00 0 
7f2294000000-7f2294021000 rw-p 00000000 00:00 0 
7f2294021000-7f2298000000 ---p 00000000 00:00 0 
7f2298000000-7f22980e1000 rw-p 00000000 00:00 0 
7f22980e1000-7f229c000000 ---p 00000000 00:00 0 
7f229c000000-7f229c021000 rw-p 00000000 00:00 0 
7f229c021000-7f22a0000000 ---p 00000000 00:00 0 
7f22a00a0000-7f22a00a5000 r--s 00099000 08:07 140083                     /home/pedro/jdk1.8.0_121/jre/lib/jsse.jar
7f22a00a5000-7f22a00af000 r--s 00115000 08:07 139891                     /home/pedro/jdk1.8.0_121/jre/lib/ext/localedata.jar
7f22a00af000-7f22a00ca000 r--s 0038e000 08:07 139928                     /home/pedro/jdk1.8.0_121/jre/lib/ext/cldrdata.jar
7f22a00ca000-7f22a00cb000 r--s 00000000 08:07 1716611                    /var/cache/fontconfig/c05880de57d1f5e948fdfacc138775d9-le64.cache-4
7f22a00cb000-7f22a00d6000 r--s 00000000 08:07 1716605                    /var/cache/fontconfig/945677eb7aeaf62f1d50efc3fb3ec7d8-le64.cache-4
7f22a00d6000-7f22a00dc000 r--s 00000000 08:07 1716591                    /var/cache/fontconfig/2cd17615ca594fa2959ae173292e504c-le64.cache-4
7f22a00dc000-7f22a00dd000 r--s 00000000 08:07 1716621                    /var/cache/fontconfig/e7071f4a29fa870f4323321c154eba04-le64.cache-4
7f22a00dd000-7f22a00de000 r--s 00000000 08:07 1716588                    /var/cache/fontconfig/0d8c3b2ac0904cb8a57a757ad11a4a08-le64.cache-4
7f22a00de000-7f22a00e5000 r--s 00000000 08:07 1716608                    /var/cache/fontconfig/a755afe4a08bf5b97852ceb7400b47bc-le64.cache-4
7f22a00e5000-7f22a00ee000 r--s 00000000 08:07 1717295                    /var/cache/fontconfig/6d41288fd70b0be22e8c3a91e032eec0-le64.cache-4
7f22a00ee000-7f22a0102000 r--s 00000000 08:07 1716586                    /var/cache/fontconfig/04aabc0a78ac019cf9454389977116d2-le64.cache-4
7f22a0102000-7f22a0103000 r--s 00000000 08:07 1716590                    /var/cache/fontconfig/1ac9eb803944fde146138c791f5cc56a-le64.cache-4
7f22a0103000-7f22a0107000 r--s 00000000 08:07 1716594                    /var/cache/fontconfig/385c0604a188198f04d133e54aba7fe7-le64.cache-4
7f22a0107000-7f22a0108000 r--s 00000000 08:07 1716618                    /var/cache/fontconfig/dc05db6664285cc2f12bf69c139ae4c3-le64.cache-4
7f22a0108000-7f22a010d000 r--s 00000000 08:07 1716604                    /var/cache/fontconfig/8801497958630a81b71ace7c5f9b32a8-le64.cache-4
7f22a010d000-7f22a0114000 r--s 00000000 08:07 1716592                    /var/cache/fontconfig/3047814df9a2f067bd2d96a2b9c36e5a-le64.cache-4
7f22a0114000-7f22a011a000 r--s 00000000 08:07 1716609                    /var/cache/fontconfig/b47c4e1ecd0709278f4910c18777a504-le64.cache-4
7f22a011a000-7f22a012d000 r--s 00000000 08:07 1716615                    /var/cache/fontconfig/d52a8644073d54c13679302ca1180695-le64.cache-4
7f22a012d000-7f22a0136000 r--s 00000000 08:07 1716595                    /var/cache/fontconfig/3f7329c5293ffd510edef78f73874cfd-le64.cache-4
7f22a0136000-7f22a014c000 r-xp 00000000 08:07 140108                     /home/pedro/jdk1.8.0_121/jre/lib/amd64/libnet.so
7f22a014c000-7f22a034c000 ---p 00016000 08:07 140108                     /home/pedro/jdk1.8.0_121/jre/lib/amd64/libnet.so
7f22a034c000-7f22a034d000 rw-p 00016000 08:07 140108                     /home/pedro/jdk1.8.0_121/jre/lib/amd64/libnet.so
7f22a034d000-7f22a054d000 rw-p 00000000 00:00 0 
7f22a054d000-7f22a0550000 ---p 00000000 00:00 0 
7f22a0550000-7f22a064e000 rw-p 00000000 00:00 0                          [stack:5785]
7f22a064e000-7f22a0651000 ---p 00000000 00:00 0 
7f22a0651000-7f22a074f000 rw-p 00000000 00:00 0                          [stack:5784]
7f22a074f000-7f22a0752000 ---p 00000000 00:00 0 
7f22a0752000-7f22a0850000 rw-p 00000000 00:00 0                          [stack:5783]
7f22a0850000-7f22a0855000 r-xp 00000000 08:07 789123                     /usr/lib/x86_64-linux-gnu/libXfixes.so.3.1.0
7f22a0855000-7f22a0a54000 ---p 00005000 08:07 789123                     /usr/lib/x86_64-linux-gnu/libXfixes.so.3.1.0
7f22a0a54000-7f22a0a55000 r--p 00004000 08:07 789123                     /usr/lib/x86_64-linux-gnu/libXfixes.so.3.1.0
7f22a0a55000-7f22a0a56000 rw-p 00005000 08:07 789123                     /usr/lib/x86_64-linux-gnu/libXfixes.so.3.1.0
7f22a0a56000-7f22a0a5f000 r-xp 00000000 08:07 786914                     /usr/lib/x86_64-linux-gnu/libXcursor.so.1.0.2
7f22a0a5f000-7f22a0c5e000 ---p 00009000 08:07 786914                     /usr/lib/x86_64-linux-gnu/libXcursor.so.1.0.2
7f22a0c5e000-7f22a0c5f000 r--p 00008000 08:07 786914                     /usr/lib/x86_64-linux-gnu/libXcursor.so.1.0.2
7f22a0c5f000-7f22a0c60000 rw-p 00009000 08:07 786914                     /usr/lib/x86_64-linux-gnu/libXcursor.so.1.0.2
7f22a0c60000-7f22a0c63000 ---p 00000000 00:00 0 
7f22a0c63000-7f22a0d61000 rw-p 00000000 00:00 0                          [stack:5782]
7f22a0d61000-7f22a0d77000 r-xp 00000000 08:07 135212                     /lib/x86_64-linux-gnu/libgcc_s.so.1
7f22a0d77000-7f22a0f76000 ---p 00016000 08:07 135212                     /lib/x86_64-linux-gnu/libgcc_s.so.1
7f22a0f76000-7f22a0f77000 r--p 00015000 08:07 135212                     /lib/x86_64-linux-gnu/libgcc_s.so.1
7f22a0f77000-7f22a0f78000 rw-p 00016000 08:07 135212                     /lib/x86_64-linux-gnu/libgcc_s.so.1
7f22a0f78000-7f22a0fdd000 r-xp 00000000 08:07 139944                     /home/pedro/jdk1.8.0_121/jre/lib/amd64/libfontmanager.so
7f22a0fdd000-7f22a11dc000 ---p 00065000 08:07 139944                     /home/pedro/jdk1.8.0_121/jre/lib/amd64/libfontmanager.so
7f22a11dc000-7f22a11e1000 rw-p 00064000 08:07 139944                     /home/pedro/jdk1.8.0_121/jre/lib/amd64/libfontmanager.so
7f22a11e1000-7f22a11f1000 rw-p 00000000 00:00 0 
7f22a11f1000-7f22a11f6000 r-xp 00000000 08:07 796563                     /usr/lib/x86_64-linux-gnu/libXdmcp.so.6.0.0
7f22a11f6000-7f22a13f5000 ---p 00005000 08:07 796563                     /usr/lib/x86_64-linux-gnu/libXdmcp.so.6.0.0
7f22a13f5000-7f22a13f6000 r--p 00004000 08:07 796563                     /usr/lib/x86_64-linux-gnu/libXdmcp.so.6.0.0
7f22a13f6000-7f22a13f7000 rw-p 00005000 08:07 796563                     /usr/lib/x86_64-linux-gnu/libXdmcp.so.6.0.0
7f22a13f7000-7f22a13f9000 r-xp 00000000 08:07 796552                     /usr/lib/x86_64-linux-gnu/libXau.so.6.0.0
7f22a13f9000-7f22a15f9000 ---p 00002000 08:07 796552                     /usr/lib/x86_64-linux-gnu/libXau.so.6.0.0
7f22a15f9000-7f22a15fa000 r--p 00002000 08:07 796552                     /usr/lib/x86_64-linux-gnu/libXau.so.6.0.0
7f22a15fa000-7f22a15fb000 rw-p 00003000 08:07 796552                     /usr/lib/x86_64-linux-gnu/libXau.so.6.0.0
7f22a15fb000-7f22a1618000 r-xp 00000000 08:07 797622                     /usr/lib/x86_64-linux-gnu/libxcb.so.1.1.0
7f22a1618000-7f22a1818000 ---p 0001d000 08:07 797622                     /usr/lib/x86_64-linux-gnu/libxcb.so.1.1.0
7f22a1818000-7f22a1819000 r--p 0001d000 08:07 797622                     /usr/lib/x86_64-linux-gnu/libxcb.so.1.1.0
7f22a1819000-7f22a181a000 rw-p 0001e000 08:07 797622                     /usr/lib/x86_64-linux-gnu/libxcb.so.1.1.0
7f22a181a000-7f22a1829000 r-xp 00000000 08:07 796558                     /usr/lib/x86_64-linux-gnu/libXi.so.6.1.0
7f22a1829000-7f22a1a28000 ---p 0000f000 08:07 796558                     /usr/lib/x86_64-linux-gnu/libXi.so.6.1.0
7f22a1a28000-7f22a1a29000 r--p 0000e000 08:07 796558                     /usr/lib/x86_64-linux-gnu/libXi.so.6.1.0
7f22a1a29000-7f22a1a2a000 rw-p 0000f000 08:07 796558                     /usr/lib/x86_64-linux-gnu/libXi.so.6.1.0
7f22a1a2a000-7f22a1a2f000 r-xp 00000000 08:07 796593                     /usr/lib/x86_64-linux-gnu/libXtst.so.6.1.0
7f22a1a2f000-7f22a1c2e000 ---p 00005000 08:07 796593                     /usr/lib/x86_64-linux-gnu/libXtst.so.6.1.0
7f22a1c2e000-7f22a1c2f000 r--p 00004000 08:07 796593                     /usr/lib/x86_64-linux-gnu/libXtst.so.6.1.0
7f22a1c2f000-7f22a1c30000 rw-p 00005000 08:07 796593                     /usr/lib/x86_64-linux-gnu/libXtst.so.6.1.0
7f22a1c30000-7f22a1c39000 r-xp 00000000 08:07 797069                     /usr/lib/x86_64-linux-gnu/libXrender.so.1.3.0
7f22a1c39000-7f22a1e38000 ---p 00009000 08:07 797069                     /usr/lib/x86_64-linux-gnu/libXrender.so.1.3.0
7f22a1e38000-7f22a1e39000 r--p 00008000 08:07 797069                     /usr/lib/x86_64-linux-gnu/libXrender.so.1.3.0
7f22a1e39000-7f22a1e3a000 rw-p 00009000 08:07 797069                     /usr/lib/x86_64-linux-gnu/libXrender.so.1.3.0
7f22a1e3a000-7f22a1f6a000 r-xp 00000000 08:07 796548                     /usr/lib/x86_64-linux-gnu/libX11.so.6.3.0
7f22a1f6a000-7f22a216a000 ---p 00130000 08:07 796548                     /usr/lib/x86_64-linux-gnu/libX11.so.6.3.0
7f22a216a000-7f22a216b000 r--p 00130000 08:07 796548                     /usr/lib/x86_64-linux-gnu/libX11.so.6.3.0
7f22a216b000-7f22a216f000 rw-p 00131000 08:07 796548                     /usr/lib/x86_64-linux-gnu/libX11.so.6.3.0
7f22a216f000-7f22a2180000 r-xp 00000000 08:07 789103                     /usr/lib/x86_64-linux-gnu/libXext.so.6.4.0
7f22a2180000-7f22a237f000 ---p 00011000 08:07 789103                     /usr/lib/x86_64-linux-gnu/libXext.so.6.4.0
7f22a237f000-7f22a2380000 r--p 00010000 08:07 789103                     /usr/lib/x86_64-linux-gnu/libXext.so.6.4.0
7f22a2380000-7f22a2381000 rw-p 00011000 08:07 789103                     /usr/lib/x86_64-linux-gnu/libXext.so.6.4.0
7f22a2381000-7f22a2383000 r--s 00000000 08:07 1716602                    /var/cache/fontconfig/767a8244fc0220cfb567a839d0392e0b-le64.cache-4
7f22a2383000-7f22a2384000 r--s 00000000 08:07 1716596                    /var/cache/fontconfig/4794a0821666d79190d59a36cb4f44b5-le64.cache-4
7f22a2384000-7f22a2385000 r--s 00000000 08:07 1716598                    /var/cache/fontconfig/56cf4f4769d0f4abc89a4895d7bd3ae1-le64.cache-4
7f22a2385000-7f22a2386000 r--s 00000000 08:07 1716610                    /var/cache/fontconfig/b9d506c9ac06c20b433354fa67a72993-le64.cache-4
7f22a2386000-7f22a2391000 r--s 00000000 08:07 1717294                    /var/cache/fontconfig/d589a48862398ed80a3d6066f4f56f4c-le64.cache-4
7f22a2391000-7f22a2392000 r--s 00000000 08:07 1716587                    /var/cache/fontconfig/0c9eb80ebd1c36541ebe2852d3bb0c49-le64.cache-4
7f22a2392000-7f22a239f000 r--s 00000000 08:07 1716876                    /var/cache/fontconfig/e13b20fdb08344e0e664864cc2ede53d-le64.cache-4
7f22a239f000-7f22a23a3000 r--s 00000000 08:07 1717293                    /var/cache/fontconfig/7ef2298fde41cc6eeb7af42e48b7d293-le64.cache-4
7f22a23a3000-7f22a23f7000 r-xp 00000000 08:07 140000                     /home/pedro/jdk1.8.0_121/jre/lib/amd64/libawt_xawt.so
7f22a23f7000-7f22a25f7000 ---p 00054000 08:07 140000                     /home/pedro/jdk1.8.0_121/jre/lib/amd64/libawt_xawt.so
7f22a25f7000-7f22a25fb000 rw-p 00054000 08:07 140000                     /home/pedro/jdk1.8.0_121/jre/lib/amd64/libawt_xawt.so
7f22a25fb000-7f22a25fc000 rw-p 00000000 00:00 0 
7f22a25fc000-7f22a269e000 r-xp 00000000 08:07 140110                     /home/pedro/jdk1.8.0_121/jre/lib/amd64/libawt.so
7f22a269e000-7f22a289e000 ---p 000a2000 08:07 140110                     /home/pedro/jdk1.8.0_121/jre/lib/amd64/libawt.so
7f22a289e000-7f22a28aa000 rw-p 000a2000 08:07 140110                     /home/pedro/jdk1.8.0_121/jre/lib/amd64/libawt.so
7f22a28aa000-7f22a28ce000 rw-p 00000000 00:00 0 
7f22a28ce000-7f22a28d3000 r--s 00659000 08:07 276275                     /home/pedro/Downloads/sqlite-jdbc-3.21.0.jar
7f22a28d3000-7f22a28e0000 r--s 000c8000 08:07 940183                     /home/pedro/Desktop/MEI/AS/KAFKA/kafka_2.11-1.0.0/libs/zookeeper-3.4.10.jar
7f22a28e0000-7f22a28e3000 r--s 00010000 08:07 940182                     /home/pedro/Desktop/MEI/AS/KAFKA/kafka_2.11-1.0.0/libs/zkclient-0.10.jar
7f22a28e3000-7f22a28e7000 r--s 0000c000 08:07 940233                     /home/pedro/Desktop/MEI/AS/KAFKA/kafka_2.11-1.0.0/libs/validation-api-1.1.0.Final.jar
7f22a28e7000-7f22a28ea000 r--s 0016d000 08:07 940186                     /home/pedro/Desktop/MEI/AS/KAFKA/kafka_2.11-1.0.0/libs/snappy-java-1.1.4.jar
7f22a28ea000-7f22a28eb000 r--s 00002000 08:07 940184                     /home/pedro/Desktop/MEI/AS/KAFKA/kafka_2.11-1.0.0/libs/slf4j-log4j12-1.7.25.jar
7f22a28eb000-7f22a28ed000 r--s 00009000 08:07 940187                     /home/pedro/Desktop/MEI/AS/KAFKA/kafka_2.11-1.0.0/libs/slf4j-api-1.7.25.jar
7f22a28ed000-7f22a2946000 r--s 00523000 08:07 940181                     /home/pedro/Desktop/MEI/AS/KAFKA/kafka_2.11-1.0.0/libs/scala-library-2.11.11.jar
7f22a2946000-7f22a294a000 r--s 00bc4000 08:07 940250                     /home/pedro/Desktop/MEI/AS/KAFKA/kafka_2.11-1.0.0/libs/rocksdbjni-5.7.3.jar
7f22a294a000-7f22a294d000 r--s 0001d000 08:07 940241                     /home/pedro/Desktop/MEI/AS/KAFKA/kafka_2.11-1.0.0/libs/reflections-0.9.11.jar
7f22a294d000-7f22a2951000 r--s 00039000 08:07 940245                     /home/pedro/Desktop/MEI/AS/KAFKA/kafka_2.11-1.0.0/libs/plexus-utils-3.0.24.jar
7f22a2951000-7f22a2952000 r--s 00004000 08:07 940232                     /home/pedro/Desktop/MEI/AS/KAFKA/kafka_2.11-1.0.0/libs/osgi-resource-locator-1.0.1.jar
7f22a2952000-7f22a2955000 r--s 00012000 08:07 940180                     /home/pedro/Desktop/MEI/AS/KAFKA/kafka_2.11-1.0.0/libs/metrics-core-2.2.0.jar
7f22a2955000-7f22a2957000 r--s 0000c000 08:07 940242                     /home/pedro/Desktop/MEI/AS/KAFKA/kafka_2.11-1.0.0/libs/maven-artifact-3.5.0.jar
7f22a2957000-7f22a295a000 r--s 00058000 08:07 940185                     /home/pedro/Desktop/MEI/AS/KAFKA/kafka_2.11-1.0.0/libs/lz4-java-1.4.jar
7f22a295a000-7f22a2963000 r--s 0006f000 08:07 940190                     /home/pedro/Desktop/MEI/AS/KAFKA/kafka_2.11-1.0.0/libs/log4j-1.2.17.jar
7f22a2963000-7f22a29e9000 r--s 00696000 08:07 940191                     /home/pedro/Desktop/MEI/AS/KAFKA/kafka_2.11-1.0.0/libs/kafka_2.11-1.0.0.jar
7f22a29e9000-7f22a2a53000 r--s 00492000 08:07 940197                     /home/pedro/Desktop/MEI/AS/KAFKA/kafka_2.11-1.0.0/libs/kafka_2.11-1.0.0-test.jar
7f22a2a53000-7f22a2a5a000 r--s 00090000 08:07 940199                     /home/pedro/Desktop/MEI/AS/KAFKA/kafka_2.11-1.0.0/libs/kafka_2.11-1.0.0-test-sources.jar
7f22a2a5a000-7f22a2a62000 r--s 000bd000 08:07 940193                     /home/pedro/Desktop/MEI/AS/KAFKA/kafka_2.11-1.0.0/libs/kafka_2.11-1.0.0-sources.jar
7f22a2a62000-7f22a2a63000 r--s 00002000 08:07 940201                     /home/pedro/Desktop/MEI/AS/KAFKA/kafka_2.11-1.0.0/libs/kafka_2.11-1.0.0-scaladoc.jar
7f22a2a63000-7f22a2a65000 r--s 0000c000 08:07 940195                     /home/pedro/Desktop/MEI/AS/KAFKA/kafka_2.11-1.0.0/libs/kafka_2.11-1.0.0-javadoc.jar
7f22a2a65000-7f22a2a69000 r--s 00024000 08:07 940205                     /home/pedro/Desktop/MEI/AS/KAFKA/kafka_2.11-1.0.0/libs/kafka-tools-1.0.0.jar
7f22a2a69000-7f22a2a6b000 r--s 0000a000 08:07 940251                     /home/pedro/Desktop/MEI/AS/KAFKA/kafka_2.11-1.0.0/libs/kafka-streams-examples-1.0.0.jar
7f22a2a6b000-7f22a2a7d000 r--s 000b3000 08:07 940249                     /home/pedro/Desktop/MEI/AS/KAFKA/kafka_2.11-1.0.0/libs/kafka-streams-1.0.0.jar
7f22a2a7d000-7f22a2a7e000 r--s 00003000 08:07 940206                     /home/pedro/Desktop/MEI/AS/KAFKA/kafka_2.11-1.0.0/libs/kafka-log4j-appender-1.0.0.jar
7f22a2a7e000-7f22a2a9a000 r--s 00169000 08:07 940177                     /home/pedro/Desktop/MEI/AS/KAFKA/kafka_2.11-1.0.0/libs/kafka-clients-1.0.0.jar
7f22a2a9a000-7f22a2a9d000 r--s 00011000 08:07 940179                     /home/pedro/Desktop/MEI/AS/KAFKA/kafka_2.11-1.0.0/libs/jopt-simple-5.0.4.jar
7f22a2a9d000-7f22a2aa4000 r--s 00057000 08:07 940226                     /home/pedro/Desktop/MEI/AS/KAFKA/kafka_2.11-1.0.0/libs/jetty-util-9.2.22.v20170606.jar
7f22a2aa4000-7f22a2aa7000 r--s 0001c000 08:07 940215                     /home/pedro/Desktop/MEI/AS/KAFKA/kafka_2.11-1.0.0/libs/jetty-servlets-9.2.22.v20170606.jar
7f22a2aa7000-7f22a2aaa000 r--s 0001a000 08:07 940212                     /home/pedro/Desktop/MEI/AS/KAFKA/kafka_2.11-1.0.0/libs/jetty-servlet-9.2.22.v20170606.jar
7f22a2aaa000-7f22a2ab0000 r--s 00061000 08:07 940214                     /home/pedro/Desktop/MEI/AS/KAFKA/kafka_2.11-1.0.0/libs/jetty-server-9.2.22.v20170606.jar
7f22a2ab0000-7f22a2ab3000 r--s 00015000 08:07 940213                     /home/pedro/Desktop/MEI/AS/KAFKA/kafka_2.11-1.0.0/libs/jetty-security-9.2.22.v20170606.jar
7f22a2ab3000-7f22a2ab6000 r--s 00018000 08:07 940224                     /home/pedro/Desktop/MEI/AS/KAFKA/kafka_2.11-1.0.0/libs/jetty-io-9.2.22.v20170606.jar
7f22a2ab6000-7f22a2ab9000 r--s 0001d000 08:07 940223                     /home/pedro/Desktop/MEI/AS/KAFKA/kafka_2.11-1.0.0/libs/jetty-http-9.2.22.v20170606.jar
7f22a2ab9000-7f22a2aba000 r--s 00003000 08:07 940225                     /home/pedro/Desktop/MEI/AS/KAFKA/kafka_2.11-1.0.0/libs/jetty-continuation-9.2.22.v20170606.jar
7f22a2aba000-7f22a2acf000 r--s 000d1000 08:07 940217                     /home/pedro/Desktop/MEI/AS/KAFKA/kafka_2.11-1.0.0/libs/jersey-server-2.25.1.jar
7f22a2acf000-7f22a2ad1000 r--s 00010000 08:07 940219                     /home/pedro/Desktop/MEI/AS/KAFKA/kafka_2.11-1.0.0/libs/jersey-media-jaxb-2.25.1.jar
7f22a2ad1000-7f22a2ae9000 r--s 000d6000 08:07 940230                     /home/pedro/Desktop/MEI/AS/KAFKA/kafka_2.11-1.0.0/libs/jersey-guava-2.25.1.jar
7f22a2ae9000-7f22a2aec000 r--s 0000e000 08:07 940216                     /home/pedro/Desktop/MEI/AS/KAFKA/kafka_2.11-1.0.0/libs/jersey-container-servlet-core-2.25.1.jar
7f22a2aec000-7f22a2afa000 r--s 000a1000 08:07 940220                     /home/pedro/Desktop/MEI/AS/KAFKA/kafka_2.11-1.0.0/libs/jersey-common-2.25.1.jar
7f22a2afa000-7f22a2afe000 r--s 00026000 08:07 940218                     /home/pedro/Desktop/MEI/AS/KAFKA/kafka_2.11-1.0.0/libs/jersey-client-2.25.1.jar
7f22a2afe000-7f22a2b02000 r--s 00019000 08:07 940221                     /home/pedro/Desktop/MEI/AS/KAFKA/kafka_2.11-1.0.0/libs/javax.ws.rs-api-2.0.1.jar
7f22a2b02000-7f22a2b05000 r--s 00015000 08:07 940222                     /home/pedro/Desktop/MEI/AS/KAFKA/kafka_2.11-1.0.0/libs/javax.servlet-api-3.1.0.jar
7f22a2b05000-7f22a2b0f000 r--s 000aa000 08:07 940244                     /home/pedro/Desktop/MEI/AS/KAFKA/kafka_2.11-1.0.0/libs/javassist-3.21.0-GA.jar
7f22a2b0f000-7f22a2b10000 ---p 00000000 00:00 0 
7f22a2b10000-7f22a2c10000 rw-p 00000000 00:00 0                          [stack:5781]
7f22a2c10000-7f22a2c13000 ---p 00000000 00:00 0 
7f22a2c13000-7f22a2d11000 rw-p 00000000 00:00 0                          [stack:5780]
7f22a2d11000-7f22a2d14000 ---p 00000000 00:00 0 
7f22a2d14000-7f22a2e12000 rw-p 00000000 00:00 0                          [stack:5779]
7f22a2e12000-7f22a2e15000 ---p 00000000 00:00 0 
7f22a2e15000-7f22a2f13000 rw-p 00000000 00:00 0                          [stack:5778]
7f22a2f13000-7f22a2f16000 ---p 00000000 00:00 0 
7f22a2f16000-7f22a3014000 rw-p 00000000 00:00 0                          [stack:5777]
7f22a3014000-7f22a3017000 ---p 00000000 00:00 0 
7f22a3017000-7f22a3115000 rw-p 00000000 00:00 0                          [stack:5776]
7f22a3115000-7f22a37f8000 r--p 00000000 08:07 794645                     /usr/lib/locale/locale-archive
7f22a37f8000-7f22a37fb000 ---p 00000000 00:00 0 
7f22a37fb000-7f22a38f9000 rw-p 00000000 00:00 0                          [stack:5775]
7f22a38f9000-7f22a38fc000 ---p 00000000 00:00 0 
7f22a38fc000-7f22a39fa000 rw-p 00000000 00:00 0                          [stack:5774]
7f22a39fa000-7f22a39fb000 ---p 00000000 00:00 0 
7f22a39fb000-7f22a4000000 rw-p 00000000 00:00 0                          [stack:5773]
7f22a4000000-7f22a402e000 rw-p 00000000 00:00 0 
7f22a402e000-7f22a8000000 ---p 00000000 00:00 0 
7f22a8000000-7f22a8031000 rw-p 00000000 00:00 0 
7f22a8031000-7f22ac000000 ---p 00000000 00:00 0 
7f22ac000000-7f22ac021000 rw-p 00000000 00:00 0 
7f22ac021000-7f22b0000000 ---p 00000000 00:00 0 
7f22b0000000-7f22b0002000 r--s 00003000 08:07 940211                     /home/pedro/Desktop/MEI/AS/KAFKA/kafka_2.11-1.0.0/libs/jersey-container-servlet-2.25.1.jar
7f22b0002000-7f22b0003000 r--s 00001000 08:07 940228                     /home/pedro/Desktop/MEI/AS/KAFKA/kafka_2.11-1.0.0/libs/javax.inject-2.5.0-b32.jar
7f22b0003000-7f22b0004000 r--s 00000000 08:07 940237                     /home/pedro/Desktop/MEI/AS/KAFKA/kafka_2.11-1.0.0/libs/javax.inject-1.jar
7f22b0004000-7f22b0006000 r--s 00005000 08:07 940229                     /home/pedro/Desktop/MEI/AS/KAFKA/kafka_2.11-1.0.0/libs/javax.annotation-api-1.2.jar
7f22b0006000-7f22b0010000 r--s 000ae000 08:07 940236                     /home/pedro/Desktop/MEI/AS/KAFKA/kafka_2.11-1.0.0/libs/javassist-3.20.0-GA.jar
7f22b0010000-7f22b0022000 r--s 00133000 08:07 940178                     /home/pedro/Desktop/MEI/AS/KAFKA/kafka_2.11-1.0.0/libs/jackson-databind-2.9.1.jar
7f22b0022000-7f22b0026000 r--s 0004b000 08:07 940189                     /home/pedro/Desktop/MEI/AS/KAFKA/kafka_2.11-1.0.0/libs/jackson-core-2.9.1.jar
7f22b0026000-7f22b0055000 r--s 00226000 08:07 940243                     /home/pedro/Desktop/MEI/AS/KAFKA/kafka_2.11-1.0.0/libs/guava-20.0.jar
7f22b0055000-7f22b5000000 rw-p 00000000 00:00 0 
7f22b5000000-7f22b61a0000 rwxp 00000000 00:00 0 
7f22b61a0000-7f22c4000000 ---p 00000000 00:00 0 
7f22c4000000-7f22c4816000 rw-p 00000000 00:00 0 
7f22c4816000-7f22c8000000 ---p 00000000 00:00 0 
7f22c8000000-7f22c8002000 r--s 00007000 08:07 940210                     /home/pedro/Desktop/MEI/AS/KAFKA/kafka_2.11-1.0.0/libs/jackson-module-jaxb-annotations-2.9.1.jar
7f22c8002000-7f22c8003000 r--s 00003000 08:07 940208                     /home/pedro/Desktop/MEI/AS/KAFKA/kafka_2.11-1.0.0/libs/jackson-jaxrs-json-provider-2.9.1.jar
7f22c8003000-7f22c8006000 r--s 0000e000 08:07 940188                     /home/pedro/Desktop/MEI/AS/KAFKA/kafka_2.11-1.0.0/libs/jackson-annotations-2.9.1.jar
7f22c8006000-7f22c800c000 r--s 00028000 08:07 940231                     /home/pedro/Desktop/MEI/AS/KAFKA/kafka_2.11-1.0.0/libs/hk2-api-2.5.0-b32.jar
7f22c800c000-7f22c80be000 rw-p 00000000 00:00 0 
7f22c80be000-7f22c8297000 r--s 03d3e000 08:07 140242                     /home/pedro/jdk1.8.0_121/jre/lib/rt.jar
7f22c8297000-7f22c86e5000 rw-p 00000000 00:00 0 
7f22c86e5000-7f22c86e6000 ---p 00000000 00:00 0 
7f22c86e6000-7f22c87e6000 rw-p 00000000 00:00 0                          [stack:5772]
7f22c87e6000-7f22c87e7000 ---p 00000000 00:00 0 
7f22c87e7000-7f22c88e7000 rw-p 00000000 00:00 0                          [stack:5771]
7f22c88e7000-7f22c88e8000 ---p 00000000 00:00 0 
7f22c88e8000-7f22c89e8000 rw-p 00000000 00:00 0                          [stack:5770]
7f22c89e8000-7f22c89e9000 ---p 00000000 00:00 0 
7f22c89e9000-7f22c8b08000 rw-p 00000000 00:00 0                          [stack:5769]
7f22c8b08000-7f22c8d79000 ---p 00000000 00:00 0 
7f22c8d79000-7f22c8d98000 rw-p 00000000 00:00 0 
7f22c8d98000-7f22c9009000 ---p 00000000 00:00 0 
7f22c9009000-7f22c902d000 rw-p 00000000 00:00 0 
7f22c902d000-7f22c9151000 ---p 00000000 00:00 0 
7f22c9151000-7f22c9199000 rw-p 00000000 00:00 0 
7f22c9199000-7f22c9512000 ---p 00000000 00:00 0 
7f22c9512000-7f22c952c000 r-xp 00000000 08:07 140106                     /home/pedro/jdk1.8.0_121/jre/lib/amd64/libzip.so
7f22c952c000-7f22c972c000 ---p 0001a000 08:07 140106                     /home/pedro/jdk1.8.0_121/jre/lib/amd64/libzip.so
7f22c972c000-7f22c972d000 rw-p 0001a000 08:07 140106                     /home/pedro/jdk1.8.0_121/jre/lib/amd64/libzip.so
7f22c972d000-7f22c9738000 r-xp 00000000 08:07 135215                     /lib/x86_64-linux-gnu/libnss_files-2.19.so
7f22c9738000-7f22c9937000 ---p 0000b000 08:07 135215                     /lib/x86_64-linux-gnu/libnss_files-2.19.so
7f22c9937000-7f22c9938000 r--p 0000a000 08:07 135215                     /lib/x86_64-linux-gnu/libnss_files-2.19.so
7f22c9938000-7f22c9939000 rw-p 0000b000 08:07 135215                     /lib/x86_64-linux-gnu/libnss_files-2.19.so
7f22c9939000-7f22c9944000 r-xp 00000000 08:07 138107                     /lib/x86_64-linux-gnu/libnss_nis-2.19.so
7f22c9944000-7f22c9b43000 ---p 0000b000 08:07 138107                     /lib/x86_64-linux-gnu/libnss_nis-2.19.so
7f22c9b43000-7f22c9b44000 r--p 0000a000 08:07 138107                     /lib/x86_64-linux-gnu/libnss_nis-2.19.so
7f22c9b44000-7f22c9b45000 rw-p 0000b000 08:07 138107                     /lib/x86_64-linux-gnu/libnss_nis-2.19.so
7f22c9b45000-7f22c9b5c000 r-xp 00000000 08:07 135414                     /lib/x86_64-linux-gnu/libnsl-2.19.so
7f22c9b5c000-7f22c9d5b000 ---p 00017000 08:07 135414                     /lib/x86_64-linux-gnu/libnsl-2.19.so
7f22c9d5b000-7f22c9d5c000 r--p 00016000 08:07 135414                     /lib/x86_64-linux-gnu/libnsl-2.19.so
7f22c9d5c000-7f22c9d5d000 rw-p 00017000 08:07 135414                     /lib/x86_64-linux-gnu/libnsl-2.19.so
7f22c9d5d000-7f22c9d5f000 rw-p 00000000 00:00 0 
7f22c9d5f000-7f22c9d68000 r-xp 00000000 08:07 135351                     /lib/x86_64-linux-gnu/libnss_compat-2.19.so
7f22c9d68000-7f22c9f67000 ---p 00009000 08:07 135351                     /lib/x86_64-linux-gnu/libnss_compat-2.19.so
7f22c9f67000-7f22c9f68000 r--p 00008000 08:07 135351                     /lib/x86_64-linux-gnu/libnss_compat-2.19.so
7f22c9f68000-7f22c9f69000 rw-p 00009000 08:07 135351                     /lib/x86_64-linux-gnu/libnss_compat-2.19.so
7f22c9f69000-7f22c9f94000 r-xp 00000000 08:07 140079                     /home/pedro/jdk1.8.0_121/jre/lib/amd64/libjava.so
7f22c9f94000-7f22ca193000 ---p 0002b000 08:07 140079                     /home/pedro/jdk1.8.0_121/jre/lib/amd64/libjava.so
7f22ca193000-7f22ca195000 rw-p 0002a000 08:07 140079                     /home/pedro/jdk1.8.0_121/jre/lib/amd64/libjava.so
7f22ca195000-7f22ca1a2000 r-xp 00000000 08:07 140042                     /home/pedro/jdk1.8.0_121/jre/lib/amd64/libverify.so
7f22ca1a2000-7f22ca3a1000 ---p 0000d000 08:07 140042                     /home/pedro/jdk1.8.0_121/jre/lib/amd64/libverify.so
7f22ca3a1000-7f22ca3a3000 rw-p 0000c000 08:07 140042                     /home/pedro/jdk1.8.0_121/jre/lib/amd64/libverify.so
7f22ca3a3000-7f22ca3aa000 r-xp 00000000 08:07 138104                     /lib/x86_64-linux-gnu/librt-2.19.so
7f22ca3aa000-7f22ca5a9000 ---p 00007000 08:07 138104                     /lib/x86_64-linux-gnu/librt-2.19.so
7f22ca5a9000-7f22ca5aa000 r--p 00006000 08:07 138104                     /lib/x86_64-linux-gnu/librt-2.19.so
7f22ca5aa000-7f22ca5ab000 rw-p 00007000 08:07 138104                     /lib/x86_64-linux-gnu/librt-2.19.so
7f22ca5ab000-7f22ca6b0000 r-xp 00000000 08:07 135214                     /lib/x86_64-linux-gnu/libm-2.19.so
7f22ca6b0000-7f22ca8af000 ---p 00105000 08:07 135214                     /lib/x86_64-linux-gnu/libm-2.19.so
7f22ca8af000-7f22ca8b0000 r--p 00104000 08:07 135214                     /lib/x86_64-linux-gnu/libm-2.19.so
7f22ca8b0000-7f22ca8b1000 rw-p 00105000 08:07 135214                     /lib/x86_64-linux-gnu/libm-2.19.so
7f22ca8b1000-7f22cb57f000 r-xp 00000000 08:07 139957                     /home/pedro/jdk1.8.0_121/jre/lib/amd64/server/libjvm.so
7f22cb57f000-7f22cb77f000 ---p 00cce000 08:07 139957                     /home/pedro/jdk1.8.0_121/jre/lib/amd64/server/libjvm.so
7f22cb77f000-7f22cb858000 rw-p 00cce000 08:07 139957                     /home/pedro/jdk1.8.0_121/jre/lib/amd64/server/libjvm.so
7f22cb858000-7f22cb8a3000 rw-p 00000000 00:00 0 
7f22cb8a3000-7f22cba5e000 r-xp 00000000 08:07 138101                     /lib/x86_64-linux-gnu/libc-2.19.so
7f22cba5e000-7f22cbc5d000 ---p 001bb000 08:07 138101                     /lib/x86_64-linux-gnu/libc-2.19.so
7f22cbc5d000-7f22cbc61000 r--p 001ba000 08:07 138101                     /lib/x86_64-linux-gnu/libc-2.19.so
7f22cbc61000-7f22cbc63000 rw-p 001be000 08:07 138101                     /lib/x86_64-linux-gnu/libc-2.19.so
7f22cbc63000-7f22cbc68000 rw-p 00000000 00:00 0 
7f22cbc68000-7f22cbc6b000 r-xp 00000000 08:07 135218                     /lib/x86_64-linux-gnu/libdl-2.19.so
7f22cbc6b000-7f22cbe6a000 ---p 00003000 08:07 135218                     /lib/x86_64-linux-gnu/libdl-2.19.so
7f22cbe6a000-7f22cbe6b000 r--p 00002000 08:07 135218                     /lib/x86_64-linux-gnu/libdl-2.19.so
7f22cbe6b000-7f22cbe6c000 rw-p 00003000 08:07 135218                     /lib/x86_64-linux-gnu/libdl-2.19.so
7f22cbe6c000-7f22cbe81000 r-xp 00000000 08:07 140115                     /home/pedro/jdk1.8.0_121/lib/amd64/jli/libjli.so
7f22cbe81000-7f22cc081000 ---p 00015000 08:07 140115                     /home/pedro/jdk1.8.0_121/lib/amd64/jli/libjli.so
7f22cc081000-7f22cc082000 rw-p 00015000 08:07 140115                     /home/pedro/jdk1.8.0_121/lib/amd64/jli/libjli.so
7f22cc082000-7f22cc09b000 r-xp 00000000 08:07 138102                     /lib/x86_64-linux-gnu/libpthread-2.19.so
7f22cc09b000-7f22cc29a000 ---p 00019000 08:07 138102                     /lib/x86_64-linux-gnu/libpthread-2.19.so
7f22cc29a000-7f22cc29b000 r--p 00018000 08:07 138102                     /lib/x86_64-linux-gnu/libpthread-2.19.so
7f22cc29b000-7f22cc29c000 rw-p 00019000 08:07 138102                     /lib/x86_64-linux-gnu/libpthread-2.19.so
7f22cc29c000-7f22cc2a0000 rw-p 00000000 00:00 0 
7f22cc2a0000-7f22cc2c3000 r-xp 00000000 08:07 138098                     /lib/x86_64-linux-gnu/ld-2.19.so
7f22cc2c3000-7f22cc2c6000 r--s 0001e000 08:07 940234                     /home/pedro/Desktop/MEI/AS/KAFKA/kafka_2.11-1.0.0/libs/hk2-utils-2.5.0-b32.jar
7f22cc2c6000-7f22cc2ce000 r--s 00058000 08:07 940239                     /home/pedro/Desktop/MEI/AS/KAFKA/kafka_2.11-1.0.0/libs/connect-runtime-1.0.0.jar
7f22cc2ce000-7f22cc399000 rw-p 00000000 00:00 0 
7f22cc399000-7f22cc39c000 ---p 00000000 00:00 0 
7f22cc39c000-7f22cc49e000 rw-p 00000000 00:00 0                          [stack:5766]
7f22cc49e000-7f22cc49f000 r--s 00007000 08:07 940209                     /home/pedro/Desktop/MEI/AS/KAFKA/kafka_2.11-1.0.0/libs/jackson-jaxrs-base-2.9.1.jar
7f22cc49f000-7f22cc4a2000 r--s 0002b000 08:07 940227                     /home/pedro/Desktop/MEI/AS/KAFKA/kafka_2.11-1.0.0/libs/hk2-locator-2.5.0-b32.jar
7f22cc4a2000-7f22cc4a4000 r--s 00014000 08:07 940240                     /home/pedro/Desktop/MEI/AS/KAFKA/kafka_2.11-1.0.0/libs/connect-transforms-1.0.0.jar
7f22cc4a4000-7f22cc4a6000 r--s 00009000 08:07 940247                     /home/pedro/Desktop/MEI/AS/KAFKA/kafka_2.11-1.0.0/libs/connect-json-1.0.0.jar
7f22cc4a6000-7f22cc4a7000 r--s 00004000 08:07 940248                     /home/pedro/Desktop/MEI/AS/KAFKA/kafka_2.11-1.0.0/libs/connect-file-1.0.0.jar
7f22cc4a7000-7f22cc4a9000 r--s 0000c000 08:07 940238                     /home/pedro/Desktop/MEI/AS/KAFKA/kafka_2.11-1.0.0/libs/connect-api-1.0.0.jar
7f22cc4a9000-7f22cc4b1000 r--s 0006e000 08:07 940246                     /home/pedro/Desktop/MEI/AS/KAFKA/kafka_2.11-1.0.0/libs/commons-lang3-3.5.jar
7f22cc4b1000-7f22cc4b4000 r--s 00014000 08:07 940207                     /home/pedro/Desktop/MEI/AS/KAFKA/kafka_2.11-1.0.0/libs/argparse4j-0.7.0.jar
7f22cc4b4000-7f22cc4b6000 r--s 00002000 08:07 940235                     /home/pedro/Desktop/MEI/AS/KAFKA/kafka_2.11-1.0.0/libs/aopalliance-repackaged-2.5.0-b32.jar
7f22cc4b6000-7f22cc4be000 rw-s 00000000 08:07 1057214                    /tmp/hsperfdata_pedro/5763
7f22cc4be000-7f22cc4bf000 rw-p 00000000 00:00 0 
7f22cc4bf000-7f22cc4c0000 r--p 00000000 00:00 0 
7f22cc4c0000-7f22cc4c2000 rw-p 00000000 00:00 0 
7f22cc4c2000-7f22cc4c3000 r--p 00022000 08:07 138098                     /lib/x86_64-linux-gnu/ld-2.19.so
7f22cc4c3000-7f22cc4c4000 rw-p 00023000 08:07 138098                     /lib/x86_64-linux-gnu/ld-2.19.so
7f22cc4c4000-7f22cc4c5000 rw-p 00000000 00:00 0 
7fffdd6b1000-7fffdd6d4000 rw-p 00000000 00:00 0                          [stack]
7fffdd7fe000-7fffdd800000 r-xp 00000000 00:00 0                          [vdso]
ffffffffff600000-ffffffffff601000 r-xp 00000000 00:00 0                  [vsyscall]

VM Arguments:
jvm_args: -Dfile.encoding=UTF-8 
java_command: main.Main
java_class_path (initial): /home/pedro/Desktop/MEI/AS/KAFKA/kafka_2.11-1.0.0/libs/aopalliance-repackaged-2.5.0-b32.jar:/home/pedro/Desktop/MEI/AS/KAFKA/kafka_2.11-1.0.0/libs/argparse4j-0.7.0.jar:/home/pedro/Desktop/MEI/AS/KAFKA/kafka_2.11-1.0.0/libs/commons-lang3-3.5.jar:/home/pedro/Desktop/MEI/AS/KAFKA/kafka_2.11-1.0.0/libs/connect-api-1.0.0.jar:/home/pedro/Desktop/MEI/AS/KAFKA/kafka_2.11-1.0.0/libs/connect-file-1.0.0.jar:/home/pedro/Desktop/MEI/AS/KAFKA/kafka_2.11-1.0.0/libs/connect-json-1.0.0.jar:/home/pedro/Desktop/MEI/AS/KAFKA/kafka_2.11-1.0.0/libs/connect-runtime-1.0.0.jar:/home/pedro/Desktop/MEI/AS/KAFKA/kafka_2.11-1.0.0/libs/connect-transforms-1.0.0.jar:/home/pedro/Desktop/MEI/AS/KAFKA/kafka_2.11-1.0.0/libs/guava-20.0.jar:/home/pedro/Desktop/MEI/AS/KAFKA/kafka_2.11-1.0.0/libs/hk2-api-2.5.0-b32.jar:/home/pedro/Desktop/MEI/AS/KAFKA/kafka_2.11-1.0.0/libs/hk2-locator-2.5.0-b32.jar:/home/pedro/Desktop/MEI/AS/KAFKA/kafka_2.11-1.0.0/libs/hk2-utils-2.5.0-b32.jar:/home/pedro/Desktop/MEI/AS/KAFKA/kafka_2.11-1.0.0/libs/jackson-annotations-2.9.1.jar:/home/pedro/Desktop/MEI/AS/KAFKA/kafka_2.11-1.0.0/libs/jackson-core-2.9.1.jar:/home/pedro/Desktop/MEI/AS/KAFKA/kafka_2.11-1.0.0/libs/jackson-databind-2.9.1.jar:/home/pedro/Desktop/MEI/AS/KAFKA/kafka_2.11-1.0.0/libs/jackson-jaxrs-base-2.9.1.jar:/home/pedro/Desktop/MEI/AS/KAFKA/kafka_2.11-1.0.0/libs/jackson-jaxrs-json-provider-2.9.1.jar:/home/pedro/Desktop/MEI/AS/KAFKA/kafka_2.11-1.0.0/libs/jackson-module-jaxb-annotations-2.9.1.jar:/home/pedro/Desktop/MEI/AS/KAFKA/kafka_2.11-1.0.0/libs/javassist-3.20.0-GA.jar:/home/pedro/Desktop/MEI/AS/KAFKA/kafka_2.11-1.0.0/libs/javassist-3.21.0-GA.jar:/home/pedro/Desktop/MEI/AS/KAFKA/kafka_2.11-1.0.0/libs/javax.annotation-api-1.2.jar:/home/pedro/Desktop/MEI/AS/KAFKA/kafka_2.11-1.0.0/libs/javax.inject-1.jar:/home/pedro/Desktop/MEI/AS/KAFKA/kafka_2.11-1.0.0/libs/javax.inject-2.5.0-b32.jar:/home/pedro/Desktop/MEI/AS/KAFKA/kafka_2.11-1.0.0/libs/javax.servlet-api-3.1.0.jar:/home/pedro/Desktop/M
Launcher Type: SUN_STANDARD

Environment Variables:
JAVA_HOME=/usr/lib/jvm/java-8-oracle
PATH=/usr/local/sbin:/usr/local/bin:/usr/sbin:/usr/bin:/sbin:/bin:/usr/games:/usr/local/games:/usr/lib/jvm/java-8-oracle/bin:/usr/lib/jvm/java-8-oracle/db/bin:/usr/lib/jvm/java-8-oracle/jre/bin
LD_LIBRARY_PATH=/home/pedro/jdk1.8.0_121/jre/lib/amd64:/home/pedro/jdk1.8.0_121/jre/lib/i386:
SHELL=/bin/bash
DISPLAY=:0.0

Signal Handlers:
SIGSEGV: [libjvm.so+0xac78c0], sa_mask[0]=11111111011111111101111111111110, sa_flags=SA_RESTART|SA_SIGINFO
SIGBUS: [libjvm.so+0xac78c0], sa_mask[0]=11111111011111111101111111111110, sa_flags=SA_RESTART|SA_SIGINFO
SIGFPE: [libjvm.so+0x920ac0], sa_mask[0]=11111111011111111101111111111110, sa_flags=SA_RESTART|SA_SIGINFO
SIGPIPE: [libjvm.so+0x920ac0], sa_mask[0]=11111111011111111101111111111110, sa_flags=SA_RESTART|SA_SIGINFO
SIGXFSZ: [libjvm.so+0x920ac0], sa_mask[0]=11111111011111111101111111111110, sa_flags=SA_RESTART|SA_SIGINFO
SIGILL: [libjvm.so+0x920ac0], sa_mask[0]=11111111011111111101111111111110, sa_flags=SA_RESTART|SA_SIGINFO
SIGUSR1: SIG_DFL, sa_mask[0]=00000000000000000000000000000000, sa_flags=none
SIGUSR2: [libjvm.so+0x922300], sa_mask[0]=00100000000000000000000000000000, sa_flags=SA_RESTART|SA_SIGINFO
SIGHUP: [libjvm.so+0x923700], sa_mask[0]=11111111011111111101111111111110, sa_flags=SA_RESTART|SA_SIGINFO
SIGINT: SIG_IGN, sa_mask[0]=00000000000000000000000000000000, sa_flags=none
SIGTERM: [libjvm.so+0x923700], sa_mask[0]=11111111011111111101111111111110, sa_flags=SA_RESTART|SA_SIGINFO
SIGQUIT: [libjvm.so+0x923700], sa_mask[0]=11111111011111111101111111111110, sa_flags=SA_RESTART|SA_SIGINFO


---------------  S Y S T E M  ---------------

OS:DISTRIB_ID=Ubuntu
DISTRIB_RELEASE=14.04
DISTRIB_CODENAME=trusty
DISTRIB_DESCRIPTION="Ubuntu 14.04.1 LTS"

uname:Linux 3.13.0-32-generic #57-Ubuntu SMP Tue Jul 15 03:51:08 UTC 2014 x86_64
libc:glibc 2.19 NPTL 2.19 
rlimit: STACK 8192k, CORE 0k, NPROC 62473, NOFILE 4096, AS infinity
load average:0,96 1,04 0,66

/proc/meminfo:
MemTotal:        8057836 kB
MemFree:         4925104 kB
Buffers:           90376 kB
Cached:           999812 kB
SwapCached:            0 kB
Active:          2166344 kB
Inactive:         778160 kB
Active(anon):    1861424 kB
Inactive(anon):   124492 kB
Active(file):     304920 kB
Inactive(file):   653668 kB
Unevictable:          16 kB
Mlocked:              16 kB
SwapTotal:             0 kB
SwapFree:              0 kB
Dirty:               612 kB
Writeback:             0 kB
AnonPages:       1830148 kB
Mapped:           123324 kB
Shmem:            131160 kB
Slab:              82924 kB
SReclaimable:      46032 kB
SUnreclaim:        36892 kB
KernelStack:        6256 kB
PageTables:        19176 kB
NFS_Unstable:          0 kB
Bounce:                0 kB
WritebackTmp:          0 kB
CommitLimit:     4028916 kB
Committed_AS:    7095908 kB
VmallocTotal:   34359738367 kB
VmallocUsed:      359676 kB
VmallocChunk:   34359367256 kB
HardwareCorrupted:     0 kB
AnonHugePages:    917504 kB
HugePages_Total:       0
HugePages_Free:        0
HugePages_Rsvd:        0
HugePages_Surp:        0
Hugepagesize:       2048 kB
DirectMap4k:       61260 kB
DirectMap2M:     2965504 kB
DirectMap1G:     5242880 kB


CPU:total 4 (2 cores per cpu, 2 threads per core) family 6 model 69 stepping 1, cmov, cx8, fxsr, mmx, sse, sse2, sse3, ssse3, sse4.1, sse4.2, popcnt, avx, avx2, aes, clmul, erms, lzcnt, ht, tsc, tscinvbit, bmi1, bmi2

/proc/cpuinfo:
processor	: 0
vendor_id	: GenuineIntel
cpu family	: 6
model		: 69
model name	: Intel(R) Core(TM) i7-4510U CPU @ 2.00GHz
stepping	: 1
microcode	: 0x17
cpu MHz		: 2000.000
cache size	: 4096 KB
physical id	: 0
siblings	: 4
core id		: 0
cpu cores	: 2
apicid		: 0
initial apicid	: 0
fpu		: yes
fpu_exception	: yes
cpuid level	: 13
wp		: yes
flags		: fpu vme de pse tsc msr pae mce cx8 apic sep mtrr pge mca cmov pat pse36 clflush dts acpi mmx fxsr sse sse2 ss ht tm pbe syscall nx pdpe1gb rdtscp lm constant_tsc arch_perfmon pebs bts rep_good nopl xtopology nonstop_tsc aperfmperf eagerfpu pni pclmulqdq dtes64 monitor ds_cpl vmx est tm2 ssse3 fma cx16 xtpr pdcm pcid sse4_1 sse4_2 movbe popcnt tsc_deadline_timer aes xsave avx f16c rdrand lahf_lm abm ida arat epb xsaveopt pln pts dtherm tpr_shadow vnmi flexpriority ept vpid fsgsbase tsc_adjust bmi1 avx2 smep bmi2 erms invpcid
bogomips	: 5188.38
clflush size	: 64
cache_alignment	: 64
address sizes	: 39 bits physical, 48 bits virtual
power management:

processor	: 1
vendor_id	: GenuineIntel
cpu family	: 6
model		: 69
model name	: Intel(R) Core(TM) i7-4510U CPU @ 2.00GHz
stepping	: 1
microcode	: 0x17
cpu MHz		: 2000.000
cache size	: 4096 KB
physical id	: 0
siblings	: 4
core id		: 1
cpu cores	: 2
apicid		: 2
initial apicid	: 2
fpu		: yes
fpu_exception	: yes
cpuid level	: 13
wp		: yes
flags		: fpu vme de pse tsc msr pae mce cx8 apic sep mtrr pge mca cmov pat pse36 clflush dts acpi mmx fxsr sse sse2 ss ht tm pbe syscall nx pdpe1gb rdtscp lm constant_tsc arch_perfmon pebs bts rep_good nopl xtopology nonstop_tsc aperfmperf eagerfpu pni pclmulqdq dtes64 monitor ds_cpl vmx est tm2 ssse3 fma cx16 xtpr pdcm pcid sse4_1 sse4_2 movbe popcnt tsc_deadline_timer aes xsave avx f16c rdrand lahf_lm abm ida arat epb xsaveopt pln pts dtherm tpr_shadow vnmi flexpriority ept vpid fsgsbase tsc_adjust bmi1 avx2 smep bmi2 erms invpcid
bogomips	: 5188.38
clflush size	: 64
cache_alignment	: 64
address sizes	: 39 bits physical, 48 bits virtual
power management:

processor	: 2
vendor_id	: GenuineIntel
cpu family	: 6
model		: 69
model name	: Intel(R) Core(TM) i7-4510U CPU @ 2.00GHz
stepping	: 1
microcode	: 0x17
cpu MHz		: 2000.000
cache size	: 4096 KB
physical id	: 0
siblings	: 4
core id		: 0
cpu cores	: 2
apicid		: 1
initial apicid	: 1
fpu		: yes
fpu_exception	: yes
cpuid level	: 13
wp		: yes
flags		: fpu vme de pse tsc msr pae mce cx8 apic sep mtrr pge mca cmov pat pse36 clflush dts acpi mmx fxsr sse sse2 ss ht tm pbe syscall nx pdpe1gb rdtscp lm constant_tsc arch_perfmon pebs bts rep_good nopl xtopology nonstop_tsc aperfmperf eagerfpu pni pclmulqdq dtes64 monitor ds_cpl vmx est tm2 ssse3 fma cx16 xtpr pdcm pcid sse4_1 sse4_2 movbe popcnt tsc_deadline_timer aes xsave avx f16c rdrand lahf_lm abm ida arat epb xsaveopt pln pts dtherm tpr_shadow vnmi flexpriority ept vpid fsgsbase tsc_adjust bmi1 avx2 smep bmi2 erms invpcid
bogomips	: 5188.38
clflush size	: 64
cache_alignment	: 64
address sizes	: 39 bits physical, 48 bits virtual
power management:

processor	: 3
vendor_id	: GenuineIntel
cpu family	: 6
model		: 69
model name	: Intel(R) Core(TM) i7-4510U CPU @ 2.00GHz
stepping	: 1
microcode	: 0x17
cpu MHz		: 2000.000
cache size	: 4096 KB
physical id	: 0
siblings	: 4
core id		: 1
cpu cores	: 2
apicid		: 3
initial apicid	: 3
fpu		: yes
fpu_exception	: yes
cpuid level	: 13
wp		: yes
flags		: fpu vme de pse tsc msr pae mce cx8 apic sep mtrr pge mca cmov pat pse36 clflush dts acpi mmx fxsr sse sse2 ss ht tm pbe syscall nx pdpe1gb rdtscp lm constant_tsc arch_perfmon pebs bts rep_good nopl xtopology nonstop_tsc aperfmperf eagerfpu pni pclmulqdq dtes64 monitor ds_cpl vmx est tm2 ssse3 fma cx16 xtpr pdcm pcid sse4_1 sse4_2 movbe popcnt tsc_deadline_timer aes xsave avx f16c rdrand lahf_lm abm ida arat epb xsaveopt pln pts dtherm tpr_shadow vnmi flexpriority ept vpid fsgsbase tsc_adjust bmi1 avx2 smep bmi2 erms invpcid
bogomips	: 5188.38
clflush size	: 64
cache_alignment	: 64
address sizes	: 39 bits physical, 48 bits virtual
power management:



Memory: 4k page, physical 8057836k(5044700k free), swap 0k(0k free)

vm_info: Java HotSpot(TM) 64-Bit Server VM (25.121-b13) for linux-amd64 JRE (1.8.0_121-b13), built on Dec 12 2016 16:36:53 by "java_re" with gcc 4.3.0 20080428 (Red Hat 4.3.0-8)

time: Sun Apr  8 02:31:08 2018
elapsed time: 292 seconds (0d 0h 4m 52s)

