#
# A fatal error has been detected by the Java Runtime Environment:
#
#  SIGSEGV (0xb) at pc=0x00007ff361069a7a, pid=7445, tid=0x00007ff348278700
#
# JRE version: Java(TM) SE Runtime Environment (8.0_121-b13) (build 1.8.0_121-b13)
# Java VM: Java HotSpot(TM) 64-Bit Server VM (25.121-b13 mixed mode linux-amd64 compressed oops)
# Problematic frame:
# v  ~BufferBlob::jni_fast_GetLongField
#
# Failed to write core dump. Core dumps have been disabled. To enable core dumping, try "ulimit -c unlimited" before starting Java again
#
# If you would like to submit a bug report, please visit:
#   http://bugreport.java.com/bugreport/crash.jsp
# The crash happened outside the Java Virtual Machine in native code.
# See problematic frame for where to report the bug.
#

---------------  T H R E A D  ---------------

Current thread (0x00007ff37053e000):  JavaThread "AWT-XAWT" daemon [_thread_in_native, id=7464, stack(0x00007ff348178000,0x00007ff348279000)]

siginfo: si_signo: 11 (SIGSEGV), si_code: 1 (SEGV_MAPERR), si_addr: 0x0000000000000000

Registers:
RAX=0x00007ff37725ff60, RBX=0x00007ff37053e1f8, RCX=0x00007ff377cc4320, RDX=0x0000000000000042
RSP=0x00007ff348277678, RBP=0x00007ff3482776a0, RSI=0x0000000000000000, RDI=0x00007ff37053e1f8
R8 =0x000000008508fc20, R9 =0x0000000000000000, R10=0x0000000000000158, R11=0x00007ff361e36f98
R12=0x00007ff31003e8e0, R13=0x0000000000000000, R14=0x00007ff34a0247e0, R15=0x00007ff37053e000
RIP=0x00007ff361069a7a, EFLAGS=0x0000000000010246, CSGSFS=0x0000000000000033, ERR=0x0000000000000004
  TRAPNO=0x000000000000000e

Top of Stack: (sp=0x00007ff348277678)
0x00007ff348277678:   00007ff349e02ee1 00007ff36087f1b0
0x00007ff348277688:   00007ff31003e8e0 00007ff348277750
0x00007ff348277698:   00007ff348277720 0000000000000000
0x00007ff3482776a8:   00007ff3498c4ae8 00007ff36087f1b0
0x00007ff3482776b8:   00007ff3482776e0 0000000000000000
0x00007ff3482776c8:   00007ff3498bc9a3 00007ff348277750
0x00007ff3482776d8:   00007ff349dfc11f 00007ff348277730
0x00007ff3482776e8:   00007ff361e37036 0000000000000000
0x00007ff3482776f8:   00007ff3612a5936 00007ff348277750
0x00007ff348277708:   00007ff36111412c 00007ff3482777b0
0x00007ff348277718:   000000008508f350 0000000085001808
0x00007ff348277728:   0000000000000009 00007ff3482777b0
0x00007ff348277738:   00007ff361007a90 00007ff3482777b0
0x00007ff348277748:   00007ff361007a90 0000000000000000
0x00007ff348277758:   00007ff361007dd0 00007ff320000e30
0x00007ff348277768:   000000008508eca0 00007ff348277770
0x00007ff348277778:   00007ff360975fbc 00007ff3482777f8
0x00007ff348277788:   00007ff36097f428 0000000000000000
0x00007ff348277798:   00007ff3609760f8 00007ff348277750
0x00007ff3482777a8:   00007ff3482777f0 00007ff348277840
0x00007ff3482777b8:   00007ff3610082bd 0000000000000000
0x00007ff3482777c8:   00000000dabd1d40 0000000000000000
0x00007ff3482777d8:   0000000000000000 0000000000000000
0x00007ff3482777e8:   000000008508eca0 0000000000000000
0x00007ff3482777f8:   000000008578da40 00007ff348277800
0x00007ff348277808:   00007ff360975dfd 00007ff348277850
0x00007ff348277818:   00007ff36097f428 0000000000000000
0x00007ff348277828:   00007ff360975e08 00007ff3482777f0
0x00007ff348277838:   00007ff348277850 00007ff348277898
0x00007ff348277848:   00007ff361008302 000000008578da40
0x00007ff348277858:   00007ff348277858 00007ff360455993
0x00007ff348277868:   00007ff3482778a8 00007ff3604dd010 

Instructions: (pc=0x00007ff361069a7a)
0x00007ff361069a5a:   00 00 00 00 00 00 44 8b 15 81 5f 23 16 4c 8b ce
0x00007ff361069a6a:   41 f6 c2 01 0f 85 2e 00 00 00 4d 33 ca 4d 33 ca
0x00007ff361069a7a:   4d 8b 09 4c 8b da 49 c1 eb 02 4b 8b 04 19 49 bb
0x00007ff361069a8a:   e8 f9 29 77 f3 7f 00 00 4c 33 d8 4c 33 d8 45 3b 

Register to memory mapping:

RAX=0x00007ff37725ff60: <offset 0xf85f60> in /home/pedro/jdk1.8.0_121/jre/lib/amd64/server/libjvm.so at 0x00007ff3762da000
RBX=0x00007ff37053e1f8 is an unknown value
RCX=0x00007ff377cc4320: <offset 0x219320> in /lib/x86_64-linux-gnu/libpthread.so.0 at 0x00007ff377aab000
RDX=0x0000000000000042 is an unknown value
RSP=0x00007ff348277678 is pointing into the stack for thread: 0x00007ff37053e000
RBP=0x00007ff3482776a0 is pointing into the stack for thread: 0x00007ff37053e000
RSI=0x0000000000000000 is an unknown value
RDI=0x00007ff37053e1f8 is an unknown value
R8 =0x000000008508fc20 is an oop
java.util.logging.Logger 
 - klass: 'java/util/logging/Logger'
R9 =0x0000000000000000 is an unknown value
R10=0x0000000000000158 is an unknown value
R11=0x00007ff361e36f98 is at entry_point+24 in (nmethod*)0x00007ff361e36e10
R12=0x00007ff31003e8e0 is an unknown value
R13=0x0000000000000000 is an unknown value
R14=0x00007ff34a0247e0: <offset 0x2587e0> in /home/pedro/jdk1.8.0_121/jre/lib/amd64/libawt_xawt.so at 0x00007ff349dcc000
R15=0x00007ff37053e000 is a thread


Stack: [0x00007ff348178000,0x00007ff348279000],  sp=0x00007ff348277678,  free space=1021k
Native frames: (J=compiled Java code, j=interpreted, Vv=VM code, C=native code)
v  ~BufferBlob::jni_fast_GetLongField
C  [libX11.so.6+0x61ae8]  _XimServerDestroy+0x58

Java frames: (J=compiled Java code, j=interpreted, Vv=VM code)
J 4804  sun.awt.X11.XlibWrapper.XFilterEvent(JJ)Z (0 bytes) @ 0x00007ff361e36fc4 [0x00007ff361e36f80+0x44]
j  sun.awt.X11.XToolkit.run(Z)V+300
j  sun.awt.X11.XToolkit.run()V+5
j  java.lang.Thread.run()V+11
v  ~StubRoutines::call_stub

---------------  P R O C E S S  ---------------

Java Threads: ( => current thread )
  0x00007ff37000c800 JavaThread "DestroyJavaVM" [_thread_blocked, id=7447, stack(0x00007ff377dc2000,0x00007ff377ec3000)]
  0x00007ff37046c800 JavaThread "kafka-producer-network-thread | producer-6" daemon [_thread_in_native, id=7527, stack(0x00007ff2decef000,0x00007ff2dedf0000)]
  0x00007ff37046b800 JavaThread "kafka-producer-network-thread | producer-5" daemon [_thread_in_native, id=7526, stack(0x00007ff2dedf0000,0x00007ff2deef1000)]
  0x00007ff37046a800 JavaThread "kafka-producer-network-thread | producer-4" daemon [_thread_in_native, id=7525, stack(0x00007ff2deef1000,0x00007ff2deff2000)]
  0x00007ff310057000 JavaThread "kafka-coordinator-heartbeat-thread | STATUS_D_GROUP" daemon [_thread_blocked, id=7518, stack(0x00007ff2df1f2000,0x00007ff2df2f3000)]
  0x00007ff3040a8800 JavaThread "kafka-coordinator-heartbeat-thread | HB_B_GROUP" daemon [_thread_blocked, id=7517, stack(0x00007ff2df2f3000,0x00007ff2df3f4000)]
  0x00007ff2ec057800 JavaThread "kafka-coordinator-heartbeat-thread | STATUS_R_GROUP" daemon [_thread_blocked, id=7516, stack(0x00007ff2df3f4000,0x00007ff2df4f5000)]
  0x00007ff3080c1800 JavaThread "kafka-coordinator-heartbeat-thread | STATUS_D_GROUP" daemon [_thread_blocked, id=7515, stack(0x00007ff2df4f5000,0x00007ff2df5f6000)]
  0x00007ff2f0012000 JavaThread "kafka-coordinator-heartbeat-thread | SPEED_B_GROUP" daemon [_thread_blocked, id=7514, stack(0x00007ff2df5f6000,0x00007ff2df6f7000)]
  0x00007ff300036000 JavaThread "kafka-coordinator-heartbeat-thread | SPEED_D_GROUP" daemon [_thread_blocked, id=7513, stack(0x00007ff2df6f7000,0x00007ff2df7f8000)]
  0x00007ff2e8015000 JavaThread "kafka-coordinator-heartbeat-thread | STATUS_B_GROUP" daemon [_thread_blocked, id=7512, stack(0x00007ff2df7f8000,0x00007ff2df8f9000)]
  0x00007ff30c02c000 JavaThread "kafka-coordinator-heartbeat-thread | STATUS_D_GROUP" daemon [_thread_blocked, id=7511, stack(0x00007ff2df8f9000,0x00007ff2df9fa000)]
  0x00007ff2e000f000 JavaThread "kafka-coordinator-heartbeat-thread | STATUS_R_GROUP" daemon [_thread_blocked, id=7510, stack(0x00007ff2df9fa000,0x00007ff2dfafb000)]
  0x00007ff2e4020800 JavaThread "kafka-coordinator-heartbeat-thread | HB_R_GROUP" daemon [_thread_blocked, id=7509, stack(0x00007ff2dfafb000,0x00007ff2dfbfc000)]
  0x00007ff2f8036800 JavaThread "kafka-coordinator-heartbeat-thread | SPEED_B_GROUP" daemon [_thread_blocked, id=7508, stack(0x00007ff2dfbfc000,0x00007ff2dfcfd000)]
  0x00007ff2fc071000 JavaThread "kafka-coordinator-heartbeat-thread | HB_D_GROUP" daemon [_thread_blocked, id=7507, stack(0x00007ff2dfcfd000,0x00007ff2dfdfe000)]
  0x00007ff2d8029000 JavaThread "kafka-coordinator-heartbeat-thread | SPEED_R_GROUP" daemon [_thread_blocked, id=7506, stack(0x00007ff2dfdfe000,0x00007ff2dfeff000)]
  0x00007ff2ec056000 JavaThread "kafka-coordinator-heartbeat-thread | STATUS_B_GROUP" daemon [_thread_blocked, id=7505, stack(0x00007ff2dfeff000,0x00007ff2e0000000)]
  0x00007ff30c01b000 JavaThread "kafka-coordinator-heartbeat-thread | SPEED_A_GROUP" daemon [_thread_blocked, id=7504, stack(0x00007ff3180ba000,0x00007ff3181bb000)]
  0x00007ff2f8035000 JavaThread "kafka-coordinator-heartbeat-thread | SPEED_D_GROUP" daemon [_thread_blocked, id=7503, stack(0x00007ff3181bb000,0x00007ff3182bc000)]
  0x00007ff2fc06e800 JavaThread "kafka-coordinator-heartbeat-thread | SPEED_B_GROUP" daemon [_thread_blocked, id=7502, stack(0x00007ff3182bc000,0x00007ff3183bd000)]
  0x00007ff300034000 JavaThread "kafka-coordinator-heartbeat-thread | SPEED_A_GROUP" daemon [_thread_blocked, id=7501, stack(0x00007ff3183bd000,0x00007ff3184be000)]
  0x00007ff2e401f800 JavaThread "kafka-coordinator-heartbeat-thread | SPEED_R_GROUP" daemon [_thread_blocked, id=7500, stack(0x00007ff3184be000,0x00007ff3185bf000)]
  0x000000000227d000 JavaThread "kafka-coordinator-heartbeat-thread | SPEED_R_GROUP" daemon [_thread_blocked, id=7499, stack(0x00007ff3185bf000,0x00007ff3186c0000)]
  0x00007ff3080bd800 JavaThread "kafka-coordinator-heartbeat-thread | SPEED_A_GROUP" daemon [_thread_blocked, id=7498, stack(0x00007ff3186c0000,0x00007ff3187c1000)]
  0x00007ff2f4031000 JavaThread "kafka-coordinator-heartbeat-thread | STATUS_B_GROUP" daemon [_thread_blocked, id=7497, stack(0x00007ff3187c1000,0x00007ff3188c2000)]
  0x00007ff2d8027000 JavaThread "kafka-coordinator-heartbeat-thread | STATUS_R_GROUP" daemon [_thread_blocked, id=7496, stack(0x00007ff3188c2000,0x00007ff3189c3000)]
  0x00007ff3040a3800 JavaThread "kafka-coordinator-heartbeat-thread | SPEED_D_GROUP" daemon [_thread_blocked, id=7495, stack(0x00007ff3189c3000,0x00007ff318ac4000)]
  0x00007ff370762800 JavaThread "Thread-24" [_thread_in_native, id=7494, stack(0x00007ff318ac4000,0x00007ff318bc5000)]
  0x00007ff370760800 JavaThread "Thread-23" [_thread_in_native, id=7493, stack(0x00007ff318bc5000,0x00007ff318cc6000)]
  0x00007ff37075e800 JavaThread "Thread-22" [_thread_in_native, id=7492, stack(0x00007ff318cc6000,0x00007ff318dc7000)]
  0x00007ff37075c800 JavaThread "Thread-21" [_thread_in_native, id=7491, stack(0x00007ff318dc7000,0x00007ff318ec8000)]
  0x00007ff37075a800 JavaThread "Thread-20" [_thread_in_native, id=7490, stack(0x00007ff318ec8000,0x00007ff318fc9000)]
  0x00007ff370759000 JavaThread "Thread-19" [_thread_in_native, id=7489, stack(0x00007ff318fc9000,0x00007ff3190ca000)]
  0x00007ff370757000 JavaThread "Thread-18" [_thread_in_native, id=7488, stack(0x00007ff3190ca000,0x00007ff3191cb000)]
  0x00007ff370747800 JavaThread "kafka-producer-network-thread | producer-3" daemon [_thread_in_native, id=7487, stack(0x00007ff3191cb000,0x00007ff3192cc000)]
  0x00007ff370737000 JavaThread "kafka-producer-network-thread | producer-2" daemon [_thread_in_native, id=7486, stack(0x00007ff3192cc000,0x00007ff3193cd000)]
  0x00007ff370735000 JavaThread "kafka-producer-network-thread | producer-1" daemon [_thread_in_native, id=7485, stack(0x00007ff3193cd000,0x00007ff3194ce000)]
  0x00007ff370705800 JavaThread "Thread-17" [_thread_in_native, id=7484, stack(0x00007ff3194ce000,0x00007ff3195cf000)]
  0x00007ff370703800 JavaThread "Thread-16" [_thread_in_native, id=7483, stack(0x00007ff3195cf000,0x00007ff3196d0000)]
  0x00007ff3706eb800 JavaThread "Thread-15" [_thread_in_native, id=7482, stack(0x00007ff3196d0000,0x00007ff3197d1000)]
  0x00007ff3706ea000 JavaThread "Thread-14" [_thread_in_native, id=7481, stack(0x00007ff3197d1000,0x00007ff3198d2000)]
  0x00007ff3706e9000 JavaThread "Thread-13" [_thread_in_native, id=7480, stack(0x00007ff3198d2000,0x00007ff3199d3000)]
  0x00007ff3706e8000 JavaThread "Thread-12" [_thread_in_native, id=7479, stack(0x00007ff3199d3000,0x00007ff319ad4000)]
  0x00007ff3706e5000 JavaThread "Thread-11" [_thread_blocked, id=7478, stack(0x00007ff319ad4000,0x00007ff319bd5000)]
  0x00007ff310043000 JavaThread "TimerQueue" daemon [_thread_blocked, id=7477, stack(0x00007ff31a4e3000,0x00007ff31a5e4000)]
  0x00007ff370662000 JavaThread "Thread-9" [_thread_in_native, id=7476, stack(0x00007ff31a5e4000,0x00007ff31a6e5000)]
  0x00007ff370660000 JavaThread "Thread-8" [_thread_in_native, id=7475, stack(0x00007ff31a6e5000,0x00007ff31a7e6000)]
  0x00007ff37065d800 JavaThread "Thread-7" [_thread_in_native, id=7474, stack(0x00007ff31a7e6000,0x00007ff31a8e7000)]
  0x00007ff37065b800 JavaThread "Thread-6" [_thread_in_native, id=7473, stack(0x00007ff31a8e7000,0x00007ff31a9e8000)]
  0x00007ff370659800 JavaThread "Thread-5" [_thread_in_native, id=7472, stack(0x00007ff31a9e8000,0x00007ff31aae9000)]
  0x00007ff370657800 JavaThread "Thread-4" [_thread_in_native, id=7471, stack(0x00007ff31ab25000,0x00007ff31ac26000)]
  0x00007ff370655800 JavaThread "Thread-3" [_thread_in_native, id=7470, stack(0x00007ff31ac26000,0x00007ff31ad27000)]
  0x00007ff370653000 JavaThread "Thread-2" [_thread_in_native, id=7469, stack(0x00007ff31b154000,0x00007ff31b255000)]
  0x00007ff3705ca800 JavaThread "Thread-1" [_thread_in_native, id=7468, stack(0x00007ff31b255000,0x00007ff31b356000)]
  0x00007ff3705f8000 JavaThread "Thread-0" [_thread_in_native, id=7467, stack(0x00007ff31b356000,0x00007ff31b457000)]
  0x00007ff370593800 JavaThread "AWT-EventQueue-0" [_thread_blocked, id=7466, stack(0x00007ff31beff000,0x00007ff31c000000)]
  0x00007ff370592000 JavaThread "AWT-Shutdown" [_thread_blocked, id=7465, stack(0x00007ff348077000,0x00007ff348178000)]
=>0x00007ff37053e000 JavaThread "AWT-XAWT" daemon [_thread_in_native, id=7464, stack(0x00007ff348178000,0x00007ff348279000)]
  0x00007ff370517000 JavaThread "Java2D Disposer" daemon [_thread_blocked, id=7463, stack(0x00007ff348689000,0x00007ff34878a000)]
  0x00007ff3700d6000 JavaThread "Service Thread" daemon [_thread_blocked, id=7461, stack(0x00007ff34a688000,0x00007ff34a789000)]
  0x00007ff3700c1000 JavaThread "C1 CompilerThread2" daemon [_thread_blocked, id=7460, stack(0x00007ff34a789000,0x00007ff34a88a000)]
  0x00007ff3700bf000 JavaThread "C2 CompilerThread1" daemon [_thread_blocked, id=7459, stack(0x00007ff34a88a000,0x00007ff34a98b000)]
  0x00007ff3700bc800 JavaThread "C2 CompilerThread0" daemon [_thread_blocked, id=7458, stack(0x00007ff34a98b000,0x00007ff34aa8c000)]
  0x00007ff3700bb000 JavaThread "Signal Dispatcher" daemon [_thread_blocked, id=7457, stack(0x00007ff34aa8c000,0x00007ff34ab8d000)]
  0x00007ff370086800 JavaThread "Finalizer" daemon [_thread_blocked, id=7456, stack(0x00007ff34b270000,0x00007ff34b371000)]
  0x00007ff370082000 JavaThread "Reference Handler" daemon [_thread_blocked, id=7455, stack(0x00007ff34b371000,0x00007ff34b472000)]

Other Threads:
  0x00007ff37007a800 VMThread [stack: 0x00007ff34b472000,0x00007ff34b573000] [id=7454]
  0x00007ff3700d9000 WatcherThread [stack: 0x00007ff34a587000,0x00007ff34a688000] [id=7462]

VM state:not at safepoint (normal execution)

VM Mutex/Monitor currently owned by a thread: None

Heap:
 PSYoungGen      total 66048K, used 60149K [0x00000000d7000000, 0x00000000dc900000, 0x0000000100000000)
  eden space 60928K, 94% used [0x00000000d7000000,0x00000000da83ca88,0x00000000dab80000)
  from space 5120K, 50% used [0x00000000dab80000,0x00000000dae00aa8,0x00000000db080000)
  to   space 10752K, 0% used [0x00000000dbe80000,0x00000000dbe80000,0x00000000dc900000)
 ParOldGen       total 59392K, used 7904K [0x0000000085000000, 0x0000000088a00000, 0x00000000d7000000)
  object space 59392K, 13% used [0x0000000085000000,0x00000000857b80e8,0x0000000088a00000)
 Metaspace       used 23220K, capacity 23668K, committed 23808K, reserved 1071104K
  class space    used 2666K, capacity 2764K, committed 2816K, reserved 1048576K

Card table byte_map: [0x00007ff3747a2000,0x00007ff374b7b000] byte_map_base: 0x00007ff37437a000

Marking Bits: (ParMarkBitMap*) 0x00007ff37729ec80
 Begin Bits: [0x00007ff34c280000, 0x00007ff34e140000)
 End Bits:   [0x00007ff34e140000, 0x00007ff350000000)

Polling page: 0x00007ff377ee8000

CodeCache: size=245760Kb used=14570Kb max_used=14581Kb free=231190Kb
 bounds [0x00007ff361000000, 0x00007ff361e50000, 0x00007ff370000000]
 total_blobs=5079 nmethods=4375 adapters=616
 compilation: enabled

Compilation events (10 events):
Event: 51,211 Thread 0x00007ff3700c1000 4824       1       sun.awt.X11.Native::getByte (8 bytes)
Event: 51,211 Thread 0x00007ff3700c1000 nmethod 4824 0x00007ff361e49410 code [0x00007ff361e49560, 0x00007ff361e49670]
Event: 51,217 Thread 0x00007ff3700bf000 4825       4       org.apache.kafka.clients.consumer.internals.Heartbeat::pollTimeoutExpired (20 bytes)
Event: 51,218 Thread 0x00007ff3700bf000 nmethod 4825 0x00007ff361e33650 code [0x00007ff361e337a0, 0x00007ff361e33838]
Event: 51,270 Thread 0x00007ff3700c1000 4826       3       sun.awt.X11.XEvent::get_xmotion (22 bytes)
Event: 51,271 Thread 0x00007ff3700c1000 nmethod 4826 0x00007ff361e4b950 code [0x00007ff361e4bb00, 0x00007ff361e4c0d8]
Event: 51,271 Thread 0x00007ff3700c1000 4827       3       sun.awt.X11.XMotionEvent::<init> (30 bytes)
Event: 51,271 Thread 0x00007ff3700c1000 nmethod 4827 0x00007ff361e4b250 code [0x00007ff361e4b3e0, 0x00007ff361e4b788]
Event: 51,902 Thread 0x00007ff3700bf000 4828       4       org.apache.kafka.common.utils.LogContext$KafkaLogger::trace (44 bytes)
Event: 51,905 Thread 0x00007ff3700bf000 nmethod 4828 0x00007ff361e4dc90 code [0x00007ff361e4de00, 0x00007ff361e4dff8]

GC Heap History (10 events):
Event: 1,592 GC heap before
{Heap before GC invocations=2 (full 0):
 PSYoungGen      total 36864K, used 36847K [0x00000000d7000000, 0x00000000d9900000, 0x0000000100000000)
  eden space 31744K, 100% used [0x00000000d7000000,0x00000000d8f00000,0x00000000d8f00000)
  from space 5120K, 99% used [0x00000000d8f00000,0x00000000d93fbe28,0x00000000d9400000)
  to   space 5120K, 0% used [0x00000000d9400000,0x00000000d9400000,0x00000000d9900000)
 ParOldGen       total 84992K, used 1151K [0x0000000085000000, 0x000000008a300000, 0x00000000d7000000)
  object space 84992K, 1% used [0x0000000085000000,0x000000008511fd88,0x000000008a300000)
 Metaspace       used 20482K, capacity 20774K, committed 20864K, reserved 1067008K
  class space    used 2557K, capacity 2675K, committed 2688K, reserved 1048576K
Event: 1,606 GC heap after
Heap after GC invocations=2 (full 0):
 PSYoungGen      total 36864K, used 5090K [0x00000000d7000000, 0x00000000db800000, 0x0000000100000000)
  eden space 31744K, 0% used [0x00000000d7000000,0x00000000d7000000,0x00000000d8f00000)
  from space 5120K, 99% used [0x00000000d9400000,0x00000000d98f8830,0x00000000d9900000)
  to   space 5120K, 0% used [0x00000000d8f00000,0x00000000d8f00000,0x00000000d9400000)
 ParOldGen       total 84992K, used 5123K [0x0000000085000000, 0x000000008a300000, 0x00000000d7000000)
  object space 84992K, 6% used [0x0000000085000000,0x0000000085500e38,0x000000008a300000)
 Metaspace       used 20482K, capacity 20774K, committed 20864K, reserved 1067008K
  class space    used 2557K, capacity 2675K, committed 2688K, reserved 1048576K
}
Event: 4,367 GC heap before
{Heap before GC invocations=3 (full 0):
 PSYoungGen      total 36864K, used 8348K [0x00000000d7000000, 0x00000000db800000, 0x0000000100000000)
  eden space 31744K, 10% used [0x00000000d7000000,0x00000000d732e9e0,0x00000000d8f00000)
  from space 5120K, 99% used [0x00000000d9400000,0x00000000d98f8830,0x00000000d9900000)
  to   space 5120K, 0% used [0x00000000d8f00000,0x00000000d8f00000,0x00000000d9400000)
 ParOldGen       total 84992K, used 5123K [0x0000000085000000, 0x000000008a300000, 0x00000000d7000000)
  object space 84992K, 6% used [0x0000000085000000,0x0000000085500e38,0x000000008a300000)
 Metaspace       used 20812K, capacity 21182K, committed 21296K, reserved 1069056K
  class space    used 2589K, capacity 2679K, committed 2688K, reserved 1048576K
Event: 4,374 GC heap after
Heap after GC invocations=3 (full 0):
 PSYoungGen      total 36864K, used 5106K [0x00000000d7000000, 0x00000000db800000, 0x0000000100000000)
  eden space 31744K, 0% used [0x00000000d7000000,0x00000000d7000000,0x00000000d8f00000)
  from space 5120K, 99% used [0x00000000d8f00000,0x00000000d93fc840,0x00000000d9400000)
  to   space 5120K, 0% used [0x00000000db300000,0x00000000db300000,0x00000000db800000)
 ParOldGen       total 84992K, used 5472K [0x0000000085000000, 0x000000008a300000, 0x00000000d7000000)
  object space 84992K, 6% used [0x0000000085000000,0x00000000855580b0,0x000000008a300000)
 Metaspace       used 20812K, capacity 21182K, committed 21296K, reserved 1069056K
  class space    used 2589K, capacity 2679K, committed 2688K, reserved 1048576K
}
Event: 4,374 GC heap before
{Heap before GC invocations=4 (full 1):
 PSYoungGen      total 36864K, used 5106K [0x00000000d7000000, 0x00000000db800000, 0x0000000100000000)
  eden space 31744K, 0% used [0x00000000d7000000,0x00000000d7000000,0x00000000d8f00000)
  from space 5120K, 99% used [0x00000000d8f00000,0x00000000d93fc840,0x00000000d9400000)
  to   space 5120K, 0% used [0x00000000db300000,0x00000000db300000,0x00000000db800000)
 ParOldGen       total 84992K, used 5472K [0x0000000085000000, 0x000000008a300000, 0x00000000d7000000)
  object space 84992K, 6% used [0x0000000085000000,0x00000000855580b0,0x000000008a300000)
 Metaspace       used 20812K, capacity 21182K, committed 21296K, reserved 1069056K
  class space    used 2589K, capacity 2679K, committed 2688K, reserved 1048576K
Event: 4,426 GC heap after
Heap after GC invocations=4 (full 1):
 PSYoungGen      total 36864K, used 0K [0x00000000d7000000, 0x00000000db800000, 0x0000000100000000)
  eden space 31744K, 0% used [0x00000000d7000000,0x00000000d7000000,0x00000000d8f00000)
  from space 5120K, 0% used [0x00000000d8f00000,0x00000000d8f00000,0x00000000d9400000)
  to   space 5120K, 0% used [0x00000000db300000,0x00000000db300000,0x00000000db800000)
 ParOldGen       total 59392K, used 7888K [0x0000000085000000, 0x0000000088a00000, 0x00000000d7000000)
  object space 59392K, 13% used [0x0000000085000000,0x00000000857b40e8,0x0000000088a00000)
 Metaspace       used 20801K, capacity 21158K, committed 21296K, reserved 1069056K
  class space    used 2587K, capacity 2675K, committed 2688K, reserved 1048576K
}
Event: 7,065 GC heap before
{Heap before GC invocations=5 (full 1):
 PSYoungGen      total 36864K, used 31744K [0x00000000d7000000, 0x00000000db800000, 0x0000000100000000)
  eden space 31744K, 100% used [0x00000000d7000000,0x00000000d8f00000,0x00000000d8f00000)
  from space 5120K, 0% used [0x00000000d8f00000,0x00000000d8f00000,0x00000000d9400000)
  to   space 5120K, 0% used [0x00000000db300000,0x00000000db300000,0x00000000db800000)
 ParOldGen       total 59392K, used 7888K [0x0000000085000000, 0x0000000088a00000, 0x00000000d7000000)
  object space 59392K, 13% used [0x0000000085000000,0x00000000857b40e8,0x0000000088a00000)
 Metaspace       used 22053K, capacity 22444K, committed 22704K, reserved 1069056K
  class space    used 2652K, capacity 2764K, committed 2816K, reserved 1048576K
Event: 7,072 GC heap after
Heap after GC invocations=5 (full 1):
 PSYoungGen      total 50176K, used 2368K [0x00000000d7000000, 0x00000000db580000, 0x0000000100000000)
  eden space 47616K, 0% used [0x00000000d7000000,0x00000000d7000000,0x00000000d9e80000)
  from space 2560K, 92% used [0x00000000db300000,0x00000000db550218,0x00000000db580000)
  to   space 5120K, 0% used [0x00000000dab80000,0x00000000dab80000,0x00000000db080000)
 ParOldGen       total 59392K, used 7896K [0x0000000085000000, 0x0000000088a00000, 0x00000000d7000000)
  object space 59392K, 13% used [0x0000000085000000,0x00000000857b60e8,0x0000000088a00000)
 Metaspace       used 22053K, capacity 22444K, committed 22704K, reserved 1069056K
  class space    used 2652K, capacity 2764K, committed 2816K, reserved 1048576K
}
Event: 9,345 GC heap before
{Heap before GC invocations=6 (full 1):
 PSYoungGen      total 50176K, used 49984K [0x00000000d7000000, 0x00000000db580000, 0x0000000100000000)
  eden space 47616K, 100% used [0x00000000d7000000,0x00000000d9e80000,0x00000000d9e80000)
  from space 2560K, 92% used [0x00000000db300000,0x00000000db550218,0x00000000db580000)
  to   space 5120K, 0% used [0x00000000dab80000,0x00000000dab80000,0x00000000db080000)
 ParOldGen       total 59392K, used 7896K [0x0000000085000000, 0x0000000088a00000, 0x00000000d7000000)
  object space 59392K, 13% used [0x0000000085000000,0x00000000857b60e8,0x0000000088a00000)
 Metaspace       used 22860K, capacity 23284K, committed 23552K, reserved 1071104K
  class space    used 2653K, capacity 2764K, committed 2816K, reserved 1048576K
Event: 9,359 GC heap after
Heap after GC invocations=6 (full 1):
 PSYoungGen      total 66048K, used 2562K [0x00000000d7000000, 0x00000000dc900000, 0x0000000100000000)
  eden space 60928K, 0% used [0x00000000d7000000,0x00000000d7000000,0x00000000dab80000)
  from space 5120K, 50% used [0x00000000dab80000,0x00000000dae00aa8,0x00000000db080000)
  to   space 10752K, 0% used [0x00000000dbe80000,0x00000000dbe80000,0x00000000dc900000)
 ParOldGen       total 59392K, used 7904K [0x0000000085000000, 0x0000000088a00000, 0x00000000d7000000)
  object space 59392K, 13% used [0x0000000085000000,0x00000000857b80e8,0x0000000088a00000)
 Metaspace       used 22860K, capacity 23284K, committed 23552K, reserved 1071104K
  class space    used 2653K, capacity 2764K, committed 2816K, reserved 1048576K
}

Deoptimization events (10 events):
Event: 6,549 Thread 0x00007ff370593800 Uncommon trap: reason=speculate_class_check action=maybe_recompile pc=0x00007ff3614fc204 method=java.util.concurrent.locks.ReentrantReadWriteLock$Sync.tryAcquire(I)Z @ 66
Event: 8,631 Thread 0x00007ff3040a3800 Uncommon trap: reason=unstable_if action=reinterpret pc=0x00007ff3619940c4 method=sun.nio.ch.Util$BufferCache.get(I)Ljava/nio/ByteBuffer; @ 107
Event: 8,990 Thread 0x00007ff310057000 Uncommon trap: reason=unstable_if action=reinterpret pc=0x00007ff3614ab67c method=sun.nio.ch.Util$BufferCache.get(I)Ljava/nio/ByteBuffer; @ 107
Event: 14,415 Thread 0x00007ff370593800 Uncommon trap: reason=null_check action=make_not_entrant pc=0x00007ff361d0ae9c method=javax.swing.plaf.nimbus.NimbusStyle.isOpaque(Ljavax/swing/plaf/synth/SynthContext;)Z @ 9
Event: 15,461 Thread 0x00007ff3706eb800 Uncommon trap: reason=unstable_if action=reinterpret pc=0x00007ff361330e24 method=java.util.HashMap.resize()[Ljava/util/HashMap$Node; @ 206
Event: 17,669 Thread 0x00007ff370593800 Uncommon trap: reason=speculate_class_check action=maybe_recompile pc=0x00007ff361cded9c method=java.awt.EventQueue.coalesceEvent(Ljava/awt/AWTEvent;I)Z @ 53
Event: 31,490 Thread 0x00007ff2e401f800 Uncommon trap: reason=unstable_if action=reinterpret pc=0x00007ff36164f7b8 method=org.apache.kafka.common.metrics.stats.SampledStat$Sample.isComplete(JLorg/apache/kafka/common/metrics/MetricConfig;)Z @ 11
Event: 31,490 Thread 0x00007ff2e401f800 Uncommon trap: reason=unstable_if action=reinterpret pc=0x00007ff3615bf47c method=org.apache.kafka.common.metrics.stats.SampledStat$Sample.isComplete(JLorg/apache/kafka/common/metrics/MetricConfig;)Z @ 11
Event: 51,007 Thread 0x00007ff370593800 Uncommon trap: reason=unstable_if action=reinterpret pc=0x00007ff361ce0388 method=java.awt.EventQueue.getPriority(Ljava/awt/AWTEvent;)I @ 71
Event: 51,090 Thread 0x00007ff370703800 Uncommon trap: reason=speculate_class_check action=maybe_recompile pc=0x00007ff361afe67c method=java.awt.EventQueue.coalesceEvent(Ljava/awt/AWTEvent;I)Z @ 53

Internal exceptions (10 events):
Event: 6,480 Thread 0x00007ff37000c800 Exception <a 'java/lang/ClassNotFoundException': ToggleButton> (0x00000000d7c289d8) thrown at [/HUDSON3/workspace/8-2-build-linux-amd64/jdk8u121/8372/hotspot/src/share/vm/classfile/systemDictionary.cpp, line 210]
Event: 6,480 Thread 0x00007ff37000c800 Exception <a 'java/lang/ClassNotFoundException': javax/swing/JToolBarSeparator> (0x00000000d7c28e38) thrown at [/HUDSON3/workspace/8-2-build-linux-amd64/jdk8u121/8372/hotspot/src/share/vm/classfile/systemDictionary.cpp, line 210]
Event: 6,480 Thread 0x00007ff37000c800 Exception <a 'java/lang/ClassNotFoundException': ToolBarSeparator> (0x00000000d7c292d0) thrown at [/HUDSON3/workspace/8-2-build-linux-amd64/jdk8u121/8372/hotspot/src/share/vm/classfile/systemDictionary.cpp, line 210]
Event: 6,480 Thread 0x00007ff37000c800 Exception <a 'java/lang/ClassNotFoundException': ToolTip> (0x00000000d7c29968) thrown at [/HUDSON3/workspace/8-2-build-linux-amd64/jdk8u121/8372/hotspot/src/share/vm/classfile/systemDictionary.cpp, line 210]
Event: 6,480 Thread 0x00007ff37000c800 Exception <a 'java/lang/ClassNotFoundException': Tree> (0x00000000d7c29ff8) thrown at [/HUDSON3/workspace/8-2-build-linux-amd64/jdk8u121/8372/hotspot/src/share/vm/classfile/systemDictionary.cpp, line 210]
Event: 6,480 Thread 0x00007ff37000c800 Exception <a 'java/lang/ClassNotFoundException': Tree> (0x00000000d7c2a6f0) thrown at [/HUDSON3/workspace/8-2-build-linux-amd64/jdk8u121/8372/hotspot/src/share/vm/classfile/systemDictionary.cpp, line 210]
Event: 6,480 Thread 0x00007ff37000c800 Exception <a 'java/lang/ClassNotFoundException': javax/swing/JTreeCell> (0x00000000d7c2aa70) thrown at [/HUDSON3/workspace/8-2-build-linux-amd64/jdk8u121/8372/hotspot/src/share/vm/classfile/systemDictionary.cpp, line 210]
Event: 6,480 Thread 0x00007ff37000c800 Exception <a 'java/lang/ClassNotFoundException': TreeCell> (0x00000000d7c2aef8) thrown at [/HUDSON3/workspace/8-2-build-linux-amd64/jdk8u121/8372/hotspot/src/share/vm/classfile/systemDictionary.cpp, line 210]
Event: 6,480 Thread 0x00007ff37000c800 Exception <a 'java/lang/ClassNotFoundException': RootPane> (0x00000000d7c2b718) thrown at [/HUDSON3/workspace/8-2-build-linux-amd64/jdk8u121/8372/hotspot/src/share/vm/classfile/systemDictionary.cpp, line 210]
Event: 14,415 Thread 0x00007ff370593800 Implicit null exception at 0x00007ff361d0978b to 0x00007ff361d0ae81

Events (10 events):
Event: 51,090 Thread 0x00007ff370703800 DEOPT PACKING pc=0x00007ff361afe67c sp=0x00007ff3196cdd40
Event: 51,090 Thread 0x00007ff370703800 DEOPT UNPACKING pc=0x00007ff361005229 sp=0x00007ff3196cd9e0 mode 2
Event: 51,128 loading class sun/awt/X11/XMSelection$2
Event: 51,128 loading class sun/awt/X11/XMSelection$2 done
Event: 51,211 loading class sun/awt/X11/XAWTXSettings$1
Event: 51,262 loading class sun/awt/X11/XAWTXSettings$1 done
Event: 51,302 loading class sun/awt/X11/XkbEvent
Event: 51,302 loading class sun/awt/X11/XkbEvent done
Event: 51,303 loading class sun/awt/X11/XkbAnyEvent
Event: 51,303 loading class sun/awt/X11/XkbAnyEvent done


Dynamic libraries:
00400000-00401000 r-xp 00000000 08:07 140295                             /home/pedro/jdk1.8.0_121/bin/java
00600000-00601000 rw-p 00000000 08:07 140295                             /home/pedro/jdk1.8.0_121/bin/java
0226c000-022ae000 rw-p 00000000 00:00 0                                  [heap]
85000000-88a00000 rw-p 00000000 00:00 0 
88a00000-d7000000 ---p 00000000 00:00 0 
d7000000-dc900000 rw-p 00000000 00:00 0 
dc900000-100000000 ---p 00000000 00:00 0 
100000000-1002c0000 rw-p 00000000 00:00 0 
1002c0000-140000000 ---p 00000000 00:00 0 
7ff2d8000000-7ff2d8068000 rw-p 00000000 00:00 0 
7ff2d8068000-7ff2dc000000 ---p 00000000 00:00 0 
7ff2de0e5000-7ff2de165000 rw-p 00000000 00:00 0 
7ff2de165000-7ff2de2e8000 ---p 00000000 00:00 0 
7ff2de2e8000-7ff2de3e6000 rw-p 00000000 00:00 0 
7ff2de3e6000-7ff2de3e9000 ---p 00000000 00:00 0 
7ff2de3e9000-7ff2de4e7000 rw-p 00000000 00:00 0 
7ff2de4e7000-7ff2de4ea000 ---p 00000000 00:00 0 
7ff2de4ea000-7ff2de5e8000 rw-p 00000000 00:00 0 
7ff2de5e8000-7ff2de5eb000 ---p 00000000 00:00 0 
7ff2de5eb000-7ff2de6e9000 rw-p 00000000 00:00 0 
7ff2de6e9000-7ff2de6ec000 ---p 00000000 00:00 0 
7ff2de6ec000-7ff2de7ea000 rw-p 00000000 00:00 0 
7ff2de7ea000-7ff2de7ed000 ---p 00000000 00:00 0 
7ff2de7ed000-7ff2de8eb000 rw-p 00000000 00:00 0 
7ff2de8eb000-7ff2de8ee000 ---p 00000000 00:00 0 
7ff2de8ee000-7ff2de9ec000 rw-p 00000000 00:00 0 
7ff2de9ec000-7ff2de9ef000 ---p 00000000 00:00 0 
7ff2de9ef000-7ff2deaed000 rw-p 00000000 00:00 0 
7ff2deaed000-7ff2deaf0000 ---p 00000000 00:00 0 
7ff2deaf0000-7ff2debee000 rw-p 00000000 00:00 0 
7ff2debee000-7ff2debf1000 ---p 00000000 00:00 0 
7ff2debf1000-7ff2decef000 rw-p 00000000 00:00 0 
7ff2decef000-7ff2decf2000 ---p 00000000 00:00 0 
7ff2decf2000-7ff2dedf0000 rw-p 00000000 00:00 0                          [stack:7527]
7ff2dedf0000-7ff2dedf3000 ---p 00000000 00:00 0 
7ff2dedf3000-7ff2deef1000 rw-p 00000000 00:00 0                          [stack:7526]
7ff2deef1000-7ff2deef4000 ---p 00000000 00:00 0 
7ff2deef4000-7ff2df1f2000 rw-p 00000000 00:00 0                          [stack:7525]
7ff2df1f2000-7ff2df1f5000 ---p 00000000 00:00 0 
7ff2df1f5000-7ff2df2f3000 rw-p 00000000 00:00 0                          [stack:7518]
7ff2df2f3000-7ff2df2f6000 ---p 00000000 00:00 0 
7ff2df2f6000-7ff2df3f4000 rw-p 00000000 00:00 0                          [stack:7517]
7ff2df3f4000-7ff2df3f7000 ---p 00000000 00:00 0 
7ff2df3f7000-7ff2df4f5000 rw-p 00000000 00:00 0                          [stack:7516]
7ff2df4f5000-7ff2df4f8000 ---p 00000000 00:00 0 
7ff2df4f8000-7ff2df5f6000 rw-p 00000000 00:00 0                          [stack:7515]
7ff2df5f6000-7ff2df5f9000 ---p 00000000 00:00 0 
7ff2df5f9000-7ff2df6f7000 rw-p 00000000 00:00 0                          [stack:7514]
7ff2df6f7000-7ff2df6fa000 ---p 00000000 00:00 0 
7ff2df6fa000-7ff2df7f8000 rw-p 00000000 00:00 0                          [stack:7513]
7ff2df7f8000-7ff2df7fb000 ---p 00000000 00:00 0 
7ff2df7fb000-7ff2df8f9000 rw-p 00000000 00:00 0                          [stack:7512]
7ff2df8f9000-7ff2df8fc000 ---p 00000000 00:00 0 
7ff2df8fc000-7ff2df9fa000 rw-p 00000000 00:00 0                          [stack:7511]
7ff2df9fa000-7ff2df9fd000 ---p 00000000 00:00 0 
7ff2df9fd000-7ff2dfafb000 rw-p 00000000 00:00 0                          [stack:7510]
7ff2dfafb000-7ff2dfafe000 ---p 00000000 00:00 0 
7ff2dfafe000-7ff2dfbfc000 rw-p 00000000 00:00 0                          [stack:7509]
7ff2dfbfc000-7ff2dfbff000 ---p 00000000 00:00 0 
7ff2dfbff000-7ff2dfcfd000 rw-p 00000000 00:00 0                          [stack:7508]
7ff2dfcfd000-7ff2dfd00000 ---p 00000000 00:00 0 
7ff2dfd00000-7ff2dfdfe000 rw-p 00000000 00:00 0                          [stack:7507]
7ff2dfdfe000-7ff2dfe01000 ---p 00000000 00:00 0 
7ff2dfe01000-7ff2dfeff000 rw-p 00000000 00:00 0                          [stack:7506]
7ff2dfeff000-7ff2dff02000 ---p 00000000 00:00 0 
7ff2dff02000-7ff2e0000000 rw-p 00000000 00:00 0                          [stack:7505]
7ff2e0000000-7ff2e002a000 rw-p 00000000 00:00 0 
7ff2e002a000-7ff2e4000000 ---p 00000000 00:00 0 
7ff2e4000000-7ff2e4069000 rw-p 00000000 00:00 0 
7ff2e4069000-7ff2e8000000 ---p 00000000 00:00 0 
7ff2e8000000-7ff2e8021000 rw-p 00000000 00:00 0 
7ff2e8021000-7ff2ec000000 ---p 00000000 00:00 0 
7ff2ec000000-7ff2ec064000 rw-p 00000000 00:00 0 
7ff2ec064000-7ff2f0000000 ---p 00000000 00:00 0 
7ff2f0000000-7ff2f0021000 rw-p 00000000 00:00 0 
7ff2f0021000-7ff2f4000000 ---p 00000000 00:00 0 
7ff2f4000000-7ff2f403f000 rw-p 00000000 00:00 0 
7ff2f403f000-7ff2f8000000 ---p 00000000 00:00 0 
7ff2f8000000-7ff2f82b4000 rw-p 00000000 00:00 0 
7ff2f82b4000-7ff2fc000000 ---p 00000000 00:00 0 
7ff2fc000000-7ff2fc073000 rw-p 00000000 00:00 0 
7ff2fc073000-7ff300000000 ---p 00000000 00:00 0 
7ff300000000-7ff300053000 rw-p 00000000 00:00 0 
7ff300053000-7ff304000000 ---p 00000000 00:00 0 
7ff304000000-7ff3040ad000 rw-p 00000000 00:00 0 
7ff3040ad000-7ff308000000 ---p 00000000 00:00 0 
7ff308000000-7ff3082c3000 rw-p 00000000 00:00 0 
7ff3082c3000-7ff30c000000 ---p 00000000 00:00 0 
7ff30c000000-7ff30c037000 rw-p 00000000 00:00 0 
7ff30c037000-7ff310000000 ---p 00000000 00:00 0 
7ff310000000-7ff3100f8000 rw-p 00000000 00:00 0 
7ff3100f8000-7ff314000000 ---p 00000000 00:00 0 
7ff314000000-7ff314021000 rw-p 00000000 00:00 0 
7ff314021000-7ff318000000 ---p 00000000 00:00 0 
7ff3180ba000-7ff3180bd000 ---p 00000000 00:00 0 
7ff3180bd000-7ff3181bb000 rw-p 00000000 00:00 0                          [stack:7504]
7ff3181bb000-7ff3181be000 ---p 00000000 00:00 0 
7ff3181be000-7ff3182bc000 rw-p 00000000 00:00 0                          [stack:7503]
7ff3182bc000-7ff3182bf000 ---p 00000000 00:00 0 
7ff3182bf000-7ff3183bd000 rw-p 00000000 00:00 0                          [stack:7502]
7ff3183bd000-7ff3183c0000 ---p 00000000 00:00 0 
7ff3183c0000-7ff3184be000 rw-p 00000000 00:00 0                          [stack:7501]
7ff3184be000-7ff3184c1000 ---p 00000000 00:00 0 
7ff3184c1000-7ff3185bf000 rw-p 00000000 00:00 0                          [stack:7500]
7ff3185bf000-7ff3185c2000 ---p 00000000 00:00 0 
7ff3185c2000-7ff3186c0000 rw-p 00000000 00:00 0                          [stack:7499]
7ff3186c0000-7ff3186c3000 ---p 00000000 00:00 0 
7ff3186c3000-7ff3187c1000 rw-p 00000000 00:00 0                          [stack:7498]
7ff3187c1000-7ff3187c4000 ---p 00000000 00:00 0 
7ff3187c4000-7ff3188c2000 rw-p 00000000 00:00 0                          [stack:7497]
7ff3188c2000-7ff3188c5000 ---p 00000000 00:00 0 
7ff3188c5000-7ff3189c3000 rw-p 00000000 00:00 0                          [stack:7496]
7ff3189c3000-7ff3189c6000 ---p 00000000 00:00 0 
7ff3189c6000-7ff318ac4000 rw-p 00000000 00:00 0                          [stack:7495]
7ff318ac4000-7ff318ac7000 ---p 00000000 00:00 0 
7ff318ac7000-7ff318bc5000 rw-p 00000000 00:00 0                          [stack:7494]
7ff318bc5000-7ff318bc8000 ---p 00000000 00:00 0 
7ff318bc8000-7ff318cc6000 rw-p 00000000 00:00 0                          [stack:7493]
7ff318cc6000-7ff318cc9000 ---p 00000000 00:00 0 
7ff318cc9000-7ff318dc7000 rw-p 00000000 00:00 0                          [stack:7492]
7ff318dc7000-7ff318dca000 ---p 00000000 00:00 0 
7ff318dca000-7ff318ec8000 rw-p 00000000 00:00 0                          [stack:7491]
7ff318ec8000-7ff318ecb000 ---p 00000000 00:00 0 
7ff318ecb000-7ff318fc9000 rw-p 00000000 00:00 0                          [stack:7490]
7ff318fc9000-7ff318fcc000 ---p 00000000 00:00 0 
7ff318fcc000-7ff3190ca000 rw-p 00000000 00:00 0                          [stack:7489]
7ff3190ca000-7ff3190cd000 ---p 00000000 00:00 0 
7ff3190cd000-7ff3191cb000 rw-p 00000000 00:00 0                          [stack:7488]
7ff3191cb000-7ff3191ce000 ---p 00000000 00:00 0 
7ff3191ce000-7ff3192cc000 rw-p 00000000 00:00 0                          [stack:7487]
7ff3192cc000-7ff3192cf000 ---p 00000000 00:00 0 
7ff3192cf000-7ff3193cd000 rw-p 00000000 00:00 0                          [stack:7486]
7ff3193cd000-7ff3193d0000 ---p 00000000 00:00 0 
7ff3193d0000-7ff3194ce000 rw-p 00000000 00:00 0                          [stack:7485]
7ff3194ce000-7ff3194d1000 ---p 00000000 00:00 0 
7ff3194d1000-7ff3195cf000 rw-p 00000000 00:00 0                          [stack:7484]
7ff3195cf000-7ff3195d2000 ---p 00000000 00:00 0 
7ff3195d2000-7ff3196d0000 rw-p 00000000 00:00 0                          [stack:7483]
7ff3196d0000-7ff3196d3000 ---p 00000000 00:00 0 
7ff3196d3000-7ff3197d1000 rw-p 00000000 00:00 0                          [stack:7482]
7ff3197d1000-7ff3197d4000 ---p 00000000 00:00 0 
7ff3197d4000-7ff3198d2000 rw-p 00000000 00:00 0                          [stack:7481]
7ff3198d2000-7ff3198d5000 ---p 00000000 00:00 0 
7ff3198d5000-7ff3199d3000 rw-p 00000000 00:00 0                          [stack:7480]
7ff3199d3000-7ff3199d6000 ---p 00000000 00:00 0 
7ff3199d6000-7ff319ad4000 rw-p 00000000 00:00 0                          [stack:7479]
7ff319ad4000-7ff319ad7000 ---p 00000000 00:00 0 
7ff319ad7000-7ff319dd5000 rw-p 00000000 00:00 0                          [stack:7478]
7ff319dd5000-7ff319eba000 r-xp 00000000 08:07 1081641                    /tmp/sqlite-3.21.0-100d927a-a96b-44d1-a7e5-3aee8d2f80e2-libsqlitejdbc.so
7ff319eba000-7ff31a0b9000 ---p 000e5000 08:07 1081641                    /tmp/sqlite-3.21.0-100d927a-a96b-44d1-a7e5-3aee8d2f80e2-libsqlitejdbc.so
7ff31a0b9000-7ff31a0be000 rw-p 000e4000 08:07 1081641                    /tmp/sqlite-3.21.0-100d927a-a96b-44d1-a7e5-3aee8d2f80e2-libsqlitejdbc.so
7ff31a0be000-7ff31a0bf000 rw-p 00000000 00:00 0 
7ff31a0bf000-7ff31a0c8000 r-xp 00000000 08:07 139962                     /home/pedro/jdk1.8.0_121/jre/lib/amd64/libmanagement.so
7ff31a0c8000-7ff31a2c7000 ---p 00009000 08:07 139962                     /home/pedro/jdk1.8.0_121/jre/lib/amd64/libmanagement.so
7ff31a2c7000-7ff31a2c8000 rw-p 00008000 08:07 139962                     /home/pedro/jdk1.8.0_121/jre/lib/amd64/libmanagement.so
7ff31a2c8000-7ff31a4c8000 rw-p 00000000 00:00 0 
7ff31a4c8000-7ff31a4e3000 r--s 0038e000 08:07 139928                     /home/pedro/jdk1.8.0_121/jre/lib/ext/cldrdata.jar
7ff31a4e3000-7ff31a4e6000 ---p 00000000 00:00 0 
7ff31a4e6000-7ff31a5e4000 rw-p 00000000 00:00 0                          [stack:7477]
7ff31a5e4000-7ff31a5e7000 ---p 00000000 00:00 0 
7ff31a5e7000-7ff31a6e5000 rw-p 00000000 00:00 0                          [stack:7476]
7ff31a6e5000-7ff31a6e8000 ---p 00000000 00:00 0 
7ff31a6e8000-7ff31a7e6000 rw-p 00000000 00:00 0                          [stack:7475]
7ff31a7e6000-7ff31a7e9000 ---p 00000000 00:00 0 
7ff31a7e9000-7ff31a8e7000 rw-p 00000000 00:00 0                          [stack:7474]
7ff31a8e7000-7ff31a8ea000 ---p 00000000 00:00 0 
7ff31a8ea000-7ff31a9e8000 rw-p 00000000 00:00 0                          [stack:7473]
7ff31a9e8000-7ff31a9eb000 ---p 00000000 00:00 0 
7ff31a9eb000-7ff31aae9000 rw-p 00000000 00:00 0                          [stack:7472]
7ff31aae9000-7ff31aaea000 r--s 00000000 08:07 1716611                    /var/cache/fontconfig/c05880de57d1f5e948fdfacc138775d9-le64.cache-4
7ff31aaea000-7ff31aaf5000 r--s 00000000 08:07 1716605                    /var/cache/fontconfig/945677eb7aeaf62f1d50efc3fb3ec7d8-le64.cache-4
7ff31aaf5000-7ff31aafb000 r--s 00000000 08:07 1716591                    /var/cache/fontconfig/2cd17615ca594fa2959ae173292e504c-le64.cache-4
7ff31aafb000-7ff31ab0f000 r--s 00000000 08:07 1716586                    /var/cache/fontconfig/04aabc0a78ac019cf9454389977116d2-le64.cache-4
7ff31ab16000-7ff31ab1b000 r--s 00099000 08:07 140083                     /home/pedro/jdk1.8.0_121/jre/lib/jsse.jar
7ff31ab1b000-7ff31ab25000 r--s 00115000 08:07 139891                     /home/pedro/jdk1.8.0_121/jre/lib/ext/localedata.jar
7ff31ab25000-7ff31ab28000 ---p 00000000 00:00 0 
7ff31ab28000-7ff31ac26000 rw-p 00000000 00:00 0                          [stack:7471]
7ff31ac26000-7ff31ac29000 ---p 00000000 00:00 0 
7ff31ac29000-7ff31af27000 rw-p 00000000 00:00 0                          [stack:7470]
7ff31af27000-7ff31af51000 r-xp 00000000 08:07 140077                     /home/pedro/jdk1.8.0_121/jre/lib/amd64/libdcpr.so
7ff31af51000-7ff31b151000 ---p 0002a000 08:07 140077                     /home/pedro/jdk1.8.0_121/jre/lib/amd64/libdcpr.so
7ff31b151000-7ff31b154000 rw-p 0002a000 08:07 140077                     /home/pedro/jdk1.8.0_121/jre/lib/amd64/libdcpr.so
7ff31b154000-7ff31b157000 ---p 00000000 00:00 0 
7ff31b157000-7ff31b255000 rw-p 00000000 00:00 0                          [stack:7469]
7ff31b255000-7ff31b258000 ---p 00000000 00:00 0 
7ff31b258000-7ff31b356000 rw-p 00000000 00:00 0                          [stack:7468]
7ff31b356000-7ff31b359000 ---p 00000000 00:00 0 
7ff31b359000-7ff31b657000 rw-p 00000000 00:00 0                          [stack:7467]
7ff31b657000-7ff31b6c0000 r-xp 00000000 08:07 140109                     /home/pedro/jdk1.8.0_121/jre/lib/amd64/libt2k.so
7ff31b6c0000-7ff31b8c0000 ---p 00069000 08:07 140109                     /home/pedro/jdk1.8.0_121/jre/lib/amd64/libt2k.so
7ff31b8c0000-7ff31b8c7000 rw-p 00069000 08:07 140109                     /home/pedro/jdk1.8.0_121/jre/lib/amd64/libt2k.so
7ff31b8c7000-7ff31b8d7000 rw-p 00000000 00:00 0 
7ff31b8d7000-7ff31b8e8000 r-xp 00000000 08:07 140107                     /home/pedro/jdk1.8.0_121/jre/lib/amd64/libnio.so
7ff31b8e8000-7ff31bae7000 ---p 00011000 08:07 140107                     /home/pedro/jdk1.8.0_121/jre/lib/amd64/libnio.so
7ff31bae7000-7ff31bae8000 rw-p 00010000 08:07 140107                     /home/pedro/jdk1.8.0_121/jre/lib/amd64/libnio.so
7ff31bae8000-7ff31bafe000 r-xp 00000000 08:07 140108                     /home/pedro/jdk1.8.0_121/jre/lib/amd64/libnet.so
7ff31bafe000-7ff31bcfe000 ---p 00016000 08:07 140108                     /home/pedro/jdk1.8.0_121/jre/lib/amd64/libnet.so
7ff31bcfe000-7ff31bcff000 rw-p 00016000 08:07 140108                     /home/pedro/jdk1.8.0_121/jre/lib/amd64/libnet.so
7ff31bcff000-7ff31beff000 rw-p 00000000 00:00 0 
7ff31beff000-7ff31bf02000 ---p 00000000 00:00 0 
7ff31bf02000-7ff31c000000 rw-p 00000000 00:00 0                          [stack:7466]
7ff31c000000-7ff31c02e000 rw-p 00000000 00:00 0 
7ff31c02e000-7ff320000000 ---p 00000000 00:00 0 
7ff320000000-7ff320024000 rw-p 00000000 00:00 0 
7ff320024000-7ff324000000 ---p 00000000 00:00 0 
7ff324000000-7ff324021000 rw-p 00000000 00:00 0 
7ff324021000-7ff328000000 ---p 00000000 00:00 0 
7ff328000000-7ff328021000 rw-p 00000000 00:00 0 
7ff328021000-7ff32c000000 ---p 00000000 00:00 0 
7ff32c000000-7ff32d327000 rw-p 00000000 00:00 0 
7ff32d327000-7ff330000000 ---p 00000000 00:00 0 
7ff330000000-7ff330cc6000 rw-p 00000000 00:00 0 
7ff330cc6000-7ff334000000 ---p 00000000 00:00 0 
7ff334000000-7ff334021000 rw-p 00000000 00:00 0 
7ff334021000-7ff338000000 ---p 00000000 00:00 0 
7ff338000000-7ff33983a000 rw-p 00000000 00:00 0 
7ff33983a000-7ff33c000000 ---p 00000000 00:00 0 
7ff33c000000-7ff33c021000 rw-p 00000000 00:00 0 
7ff33c021000-7ff340000000 ---p 00000000 00:00 0 
7ff340000000-7ff340021000 rw-p 00000000 00:00 0 
7ff340021000-7ff344000000 ---p 00000000 00:00 0 
7ff344000000-7ff3440b2000 rw-p 00000000 00:00 0 
7ff3440b2000-7ff348000000 ---p 00000000 00:00 0 
7ff348000000-7ff348001000 r--s 00000000 08:07 1716621                    /var/cache/fontconfig/e7071f4a29fa870f4323321c154eba04-le64.cache-4
7ff348001000-7ff348002000 r--s 00000000 08:07 1716588                    /var/cache/fontconfig/0d8c3b2ac0904cb8a57a757ad11a4a08-le64.cache-4
7ff348002000-7ff348009000 r--s 00000000 08:07 1716608                    /var/cache/fontconfig/a755afe4a08bf5b97852ceb7400b47bc-le64.cache-4
7ff348009000-7ff348012000 r--s 00000000 08:07 1717295                    /var/cache/fontconfig/6d41288fd70b0be22e8c3a91e032eec0-le64.cache-4
7ff348012000-7ff348013000 r--s 00000000 08:07 1716590                    /var/cache/fontconfig/1ac9eb803944fde146138c791f5cc56a-le64.cache-4
7ff348013000-7ff348017000 r--s 00000000 08:07 1716594                    /var/cache/fontconfig/385c0604a188198f04d133e54aba7fe7-le64.cache-4
7ff348017000-7ff348018000 r--s 00000000 08:07 1716618                    /var/cache/fontconfig/dc05db6664285cc2f12bf69c139ae4c3-le64.cache-4
7ff348018000-7ff34801d000 r--s 00000000 08:07 1716604                    /var/cache/fontconfig/8801497958630a81b71ace7c5f9b32a8-le64.cache-4
7ff34801d000-7ff348024000 r--s 00000000 08:07 1716592                    /var/cache/fontconfig/3047814df9a2f067bd2d96a2b9c36e5a-le64.cache-4
7ff348024000-7ff34802a000 r--s 00000000 08:07 1716609                    /var/cache/fontconfig/b47c4e1ecd0709278f4910c18777a504-le64.cache-4
7ff34802a000-7ff34803d000 r--s 00000000 08:07 1716615                    /var/cache/fontconfig/d52a8644073d54c13679302ca1180695-le64.cache-4
7ff34803d000-7ff348046000 r--s 00000000 08:07 1716595                    /var/cache/fontconfig/3f7329c5293ffd510edef78f73874cfd-le64.cache-4
7ff348046000-7ff348077000 rw-p 00000000 00:00 0 
7ff348077000-7ff34807a000 ---p 00000000 00:00 0 
7ff34807a000-7ff348178000 rw-p 00000000 00:00 0                          [stack:7465]
7ff348178000-7ff34817b000 ---p 00000000 00:00 0 
7ff34817b000-7ff348279000 rw-p 00000000 00:00 0                          [stack:7464]
7ff348279000-7ff34827e000 r-xp 00000000 08:07 789123                     /usr/lib/x86_64-linux-gnu/libXfixes.so.3.1.0
7ff34827e000-7ff34847d000 ---p 00005000 08:07 789123                     /usr/lib/x86_64-linux-gnu/libXfixes.so.3.1.0
7ff34847d000-7ff34847e000 r--p 00004000 08:07 789123                     /usr/lib/x86_64-linux-gnu/libXfixes.so.3.1.0
7ff34847e000-7ff34847f000 rw-p 00005000 08:07 789123                     /usr/lib/x86_64-linux-gnu/libXfixes.so.3.1.0
7ff34847f000-7ff348488000 r-xp 00000000 08:07 786914                     /usr/lib/x86_64-linux-gnu/libXcursor.so.1.0.2
7ff348488000-7ff348687000 ---p 00009000 08:07 786914                     /usr/lib/x86_64-linux-gnu/libXcursor.so.1.0.2
7ff348687000-7ff348688000 r--p 00008000 08:07 786914                     /usr/lib/x86_64-linux-gnu/libXcursor.so.1.0.2
7ff348688000-7ff348689000 rw-p 00009000 08:07 786914                     /usr/lib/x86_64-linux-gnu/libXcursor.so.1.0.2
7ff348689000-7ff34868c000 ---p 00000000 00:00 0 
7ff34868c000-7ff34878a000 rw-p 00000000 00:00 0                          [stack:7463]
7ff34878a000-7ff3487a0000 r-xp 00000000 08:07 135212                     /lib/x86_64-linux-gnu/libgcc_s.so.1
7ff3487a0000-7ff34899f000 ---p 00016000 08:07 135212                     /lib/x86_64-linux-gnu/libgcc_s.so.1
7ff34899f000-7ff3489a0000 r--p 00015000 08:07 135212                     /lib/x86_64-linux-gnu/libgcc_s.so.1
7ff3489a0000-7ff3489a1000 rw-p 00016000 08:07 135212                     /lib/x86_64-linux-gnu/libgcc_s.so.1
7ff3489a1000-7ff348a06000 r-xp 00000000 08:07 139944                     /home/pedro/jdk1.8.0_121/jre/lib/amd64/libfontmanager.so
7ff348a06000-7ff348c05000 ---p 00065000 08:07 139944                     /home/pedro/jdk1.8.0_121/jre/lib/amd64/libfontmanager.so
7ff348c05000-7ff348c0a000 rw-p 00064000 08:07 139944                     /home/pedro/jdk1.8.0_121/jre/lib/amd64/libfontmanager.so
7ff348c0a000-7ff348c1a000 rw-p 00000000 00:00 0 
7ff348c1a000-7ff348c1f000 r-xp 00000000 08:07 796563                     /usr/lib/x86_64-linux-gnu/libXdmcp.so.6.0.0
7ff348c1f000-7ff348e1e000 ---p 00005000 08:07 796563                     /usr/lib/x86_64-linux-gnu/libXdmcp.so.6.0.0
7ff348e1e000-7ff348e1f000 r--p 00004000 08:07 796563                     /usr/lib/x86_64-linux-gnu/libXdmcp.so.6.0.0
7ff348e1f000-7ff348e20000 rw-p 00005000 08:07 796563                     /usr/lib/x86_64-linux-gnu/libXdmcp.so.6.0.0
7ff348e20000-7ff348e22000 r-xp 00000000 08:07 796552                     /usr/lib/x86_64-linux-gnu/libXau.so.6.0.0
7ff348e22000-7ff349022000 ---p 00002000 08:07 796552                     /usr/lib/x86_64-linux-gnu/libXau.so.6.0.0
7ff349022000-7ff349023000 r--p 00002000 08:07 796552                     /usr/lib/x86_64-linux-gnu/libXau.so.6.0.0
7ff349023000-7ff349024000 rw-p 00003000 08:07 796552                     /usr/lib/x86_64-linux-gnu/libXau.so.6.0.0
7ff349024000-7ff349041000 r-xp 00000000 08:07 797622                     /usr/lib/x86_64-linux-gnu/libxcb.so.1.1.0
7ff349041000-7ff349241000 ---p 0001d000 08:07 797622                     /usr/lib/x86_64-linux-gnu/libxcb.so.1.1.0
7ff349241000-7ff349242000 r--p 0001d000 08:07 797622                     /usr/lib/x86_64-linux-gnu/libxcb.so.1.1.0
7ff349242000-7ff349243000 rw-p 0001e000 08:07 797622                     /usr/lib/x86_64-linux-gnu/libxcb.so.1.1.0
7ff349243000-7ff349252000 r-xp 00000000 08:07 796558                     /usr/lib/x86_64-linux-gnu/libXi.so.6.1.0
7ff349252000-7ff349451000 ---p 0000f000 08:07 796558                     /usr/lib/x86_64-linux-gnu/libXi.so.6.1.0
7ff349451000-7ff349452000 r--p 0000e000 08:07 796558                     /usr/lib/x86_64-linux-gnu/libXi.so.6.1.0
7ff349452000-7ff349453000 rw-p 0000f000 08:07 796558                     /usr/lib/x86_64-linux-gnu/libXi.so.6.1.0
7ff349453000-7ff349458000 r-xp 00000000 08:07 796593                     /usr/lib/x86_64-linux-gnu/libXtst.so.6.1.0
7ff349458000-7ff349657000 ---p 00005000 08:07 796593                     /usr/lib/x86_64-linux-gnu/libXtst.so.6.1.0
7ff349657000-7ff349658000 r--p 00004000 08:07 796593                     /usr/lib/x86_64-linux-gnu/libXtst.so.6.1.0
7ff349658000-7ff349659000 rw-p 00005000 08:07 796593                     /usr/lib/x86_64-linux-gnu/libXtst.so.6.1.0
7ff349659000-7ff349662000 r-xp 00000000 08:07 797069                     /usr/lib/x86_64-linux-gnu/libXrender.so.1.3.0
7ff349662000-7ff349861000 ---p 00009000 08:07 797069                     /usr/lib/x86_64-linux-gnu/libXrender.so.1.3.0
7ff349861000-7ff349862000 r--p 00008000 08:07 797069                     /usr/lib/x86_64-linux-gnu/libXrender.so.1.3.0
7ff349862000-7ff349863000 rw-p 00009000 08:07 797069                     /usr/lib/x86_64-linux-gnu/libXrender.so.1.3.0
7ff349863000-7ff349993000 r-xp 00000000 08:07 796548                     /usr/lib/x86_64-linux-gnu/libX11.so.6.3.0
7ff349993000-7ff349b93000 ---p 00130000 08:07 796548                     /usr/lib/x86_64-linux-gnu/libX11.so.6.3.0
7ff349b93000-7ff349b94000 r--p 00130000 08:07 796548                     /usr/lib/x86_64-linux-gnu/libX11.so.6.3.0
7ff349b94000-7ff349b98000 rw-p 00131000 08:07 796548                     /usr/lib/x86_64-linux-gnu/libX11.so.6.3.0
7ff349b98000-7ff349ba9000 r-xp 00000000 08:07 789103                     /usr/lib/x86_64-linux-gnu/libXext.so.6.4.0
7ff349ba9000-7ff349da8000 ---p 00011000 08:07 789103                     /usr/lib/x86_64-linux-gnu/libXext.so.6.4.0
7ff349da8000-7ff349da9000 r--p 00010000 08:07 789103                     /usr/lib/x86_64-linux-gnu/libXext.so.6.4.0
7ff349da9000-7ff349daa000 rw-p 00011000 08:07 789103                     /usr/lib/x86_64-linux-gnu/libXext.so.6.4.0
7ff349daa000-7ff349dac000 r--s 00000000 08:07 1716602                    /var/cache/fontconfig/767a8244fc0220cfb567a839d0392e0b-le64.cache-4
7ff349dac000-7ff349dad000 r--s 00000000 08:07 1716596                    /var/cache/fontconfig/4794a0821666d79190d59a36cb4f44b5-le64.cache-4
7ff349dad000-7ff349dae000 r--s 00000000 08:07 1716598                    /var/cache/fontconfig/56cf4f4769d0f4abc89a4895d7bd3ae1-le64.cache-4
7ff349dae000-7ff349daf000 r--s 00000000 08:07 1716610                    /var/cache/fontconfig/b9d506c9ac06c20b433354fa67a72993-le64.cache-4
7ff349daf000-7ff349dba000 r--s 00000000 08:07 1717294                    /var/cache/fontconfig/d589a48862398ed80a3d6066f4f56f4c-le64.cache-4
7ff349dba000-7ff349dbb000 r--s 00000000 08:07 1716587                    /var/cache/fontconfig/0c9eb80ebd1c36541ebe2852d3bb0c49-le64.cache-4
7ff349dbb000-7ff349dc8000 r--s 00000000 08:07 1716876                    /var/cache/fontconfig/e13b20fdb08344e0e664864cc2ede53d-le64.cache-4
7ff349dc8000-7ff349dcc000 r--s 00000000 08:07 1717293                    /var/cache/fontconfig/7ef2298fde41cc6eeb7af42e48b7d293-le64.cache-4
7ff349dcc000-7ff349e20000 r-xp 00000000 08:07 140000                     /home/pedro/jdk1.8.0_121/jre/lib/amd64/libawt_xawt.so
7ff349e20000-7ff34a020000 ---p 00054000 08:07 140000                     /home/pedro/jdk1.8.0_121/jre/lib/amd64/libawt_xawt.so
7ff34a020000-7ff34a024000 rw-p 00054000 08:07 140000                     /home/pedro/jdk1.8.0_121/jre/lib/amd64/libawt_xawt.so
7ff34a024000-7ff34a025000 rw-p 00000000 00:00 0 
7ff34a025000-7ff34a0c7000 r-xp 00000000 08:07 140110                     /home/pedro/jdk1.8.0_121/jre/lib/amd64/libawt.so
7ff34a0c7000-7ff34a2c7000 ---p 000a2000 08:07 140110                     /home/pedro/jdk1.8.0_121/jre/lib/amd64/libawt.so
7ff34a2c7000-7ff34a2d3000 rw-p 000a2000 08:07 140110                     /home/pedro/jdk1.8.0_121/jre/lib/amd64/libawt.so
7ff34a2d3000-7ff34a2f7000 rw-p 00000000 00:00 0 
7ff34a2f7000-7ff34a2fc000 r--s 00659000 08:07 276275                     /home/pedro/Downloads/sqlite-jdbc-3.21.0.jar
7ff34a2fc000-7ff34a309000 r--s 000c8000 08:07 940183                     /home/pedro/Desktop/MEI/AS/KAFKA/kafka_2.11-1.0.0/libs/zookeeper-3.4.10.jar
7ff34a309000-7ff34a30c000 r--s 00010000 08:07 940182                     /home/pedro/Desktop/MEI/AS/KAFKA/kafka_2.11-1.0.0/libs/zkclient-0.10.jar
7ff34a30c000-7ff34a310000 r--s 0000c000 08:07 940233                     /home/pedro/Desktop/MEI/AS/KAFKA/kafka_2.11-1.0.0/libs/validation-api-1.1.0.Final.jar
7ff34a310000-7ff34a313000 r--s 0016d000 08:07 940186                     /home/pedro/Desktop/MEI/AS/KAFKA/kafka_2.11-1.0.0/libs/snappy-java-1.1.4.jar
7ff34a313000-7ff34a314000 r--s 00002000 08:07 940184                     /home/pedro/Desktop/MEI/AS/KAFKA/kafka_2.11-1.0.0/libs/slf4j-log4j12-1.7.25.jar
7ff34a314000-7ff34a316000 r--s 00009000 08:07 940187                     /home/pedro/Desktop/MEI/AS/KAFKA/kafka_2.11-1.0.0/libs/slf4j-api-1.7.25.jar
7ff34a316000-7ff34a36f000 r--s 00523000 08:07 940181                     /home/pedro/Desktop/MEI/AS/KAFKA/kafka_2.11-1.0.0/libs/scala-library-2.11.11.jar
7ff34a36f000-7ff34a373000 r--s 00bc4000 08:07 940250                     /home/pedro/Desktop/MEI/AS/KAFKA/kafka_2.11-1.0.0/libs/rocksdbjni-5.7.3.jar
7ff34a373000-7ff34a376000 r--s 0001d000 08:07 940241                     /home/pedro/Desktop/MEI/AS/KAFKA/kafka_2.11-1.0.0/libs/reflections-0.9.11.jar
7ff34a376000-7ff34a37a000 r--s 00039000 08:07 940245                     /home/pedro/Desktop/MEI/AS/KAFKA/kafka_2.11-1.0.0/libs/plexus-utils-3.0.24.jar
7ff34a37a000-7ff34a37b000 r--s 00004000 08:07 940232                     /home/pedro/Desktop/MEI/AS/KAFKA/kafka_2.11-1.0.0/libs/osgi-resource-locator-1.0.1.jar
7ff34a37b000-7ff34a37e000 r--s 00012000 08:07 940180                     /home/pedro/Desktop/MEI/AS/KAFKA/kafka_2.11-1.0.0/libs/metrics-core-2.2.0.jar
7ff34a37e000-7ff34a380000 r--s 0000c000 08:07 940242                     /home/pedro/Desktop/MEI/AS/KAFKA/kafka_2.11-1.0.0/libs/maven-artifact-3.5.0.jar
7ff34a380000-7ff34a383000 r--s 00058000 08:07 940185                     /home/pedro/Desktop/MEI/AS/KAFKA/kafka_2.11-1.0.0/libs/lz4-java-1.4.jar
7ff34a383000-7ff34a38c000 r--s 0006f000 08:07 940190                     /home/pedro/Desktop/MEI/AS/KAFKA/kafka_2.11-1.0.0/libs/log4j-1.2.17.jar
7ff34a38c000-7ff34a412000 r--s 00696000 08:07 940191                     /home/pedro/Desktop/MEI/AS/KAFKA/kafka_2.11-1.0.0/libs/kafka_2.11-1.0.0.jar
7ff34a412000-7ff34a47c000 r--s 00492000 08:07 940197                     /home/pedro/Desktop/MEI/AS/KAFKA/kafka_2.11-1.0.0/libs/kafka_2.11-1.0.0-test.jar
7ff34a47c000-7ff34a483000 r--s 00090000 08:07 940199                     /home/pedro/Desktop/MEI/AS/KAFKA/kafka_2.11-1.0.0/libs/kafka_2.11-1.0.0-test-sources.jar
7ff34a483000-7ff34a48b000 r--s 000bd000 08:07 940193                     /home/pedro/Desktop/MEI/AS/KAFKA/kafka_2.11-1.0.0/libs/kafka_2.11-1.0.0-sources.jar
7ff34a48b000-7ff34a48c000 r--s 00002000 08:07 940201                     /home/pedro/Desktop/MEI/AS/KAFKA/kafka_2.11-1.0.0/libs/kafka_2.11-1.0.0-scaladoc.jar
7ff34a48c000-7ff34a48e000 r--s 0000c000 08:07 940195                     /home/pedro/Desktop/MEI/AS/KAFKA/kafka_2.11-1.0.0/libs/kafka_2.11-1.0.0-javadoc.jar
7ff34a48e000-7ff34a492000 r--s 00024000 08:07 940205                     /home/pedro/Desktop/MEI/AS/KAFKA/kafka_2.11-1.0.0/libs/kafka-tools-1.0.0.jar
7ff34a492000-7ff34a494000 r--s 0000a000 08:07 940251                     /home/pedro/Desktop/MEI/AS/KAFKA/kafka_2.11-1.0.0/libs/kafka-streams-examples-1.0.0.jar
7ff34a494000-7ff34a4a6000 r--s 000b3000 08:07 940249                     /home/pedro/Desktop/MEI/AS/KAFKA/kafka_2.11-1.0.0/libs/kafka-streams-1.0.0.jar
7ff34a4a6000-7ff34a4a7000 r--s 00003000 08:07 940206                     /home/pedro/Desktop/MEI/AS/KAFKA/kafka_2.11-1.0.0/libs/kafka-log4j-appender-1.0.0.jar
7ff34a4a7000-7ff34a4c3000 r--s 00169000 08:07 940177                     /home/pedro/Desktop/MEI/AS/KAFKA/kafka_2.11-1.0.0/libs/kafka-clients-1.0.0.jar
7ff34a4c3000-7ff34a4c6000 r--s 00011000 08:07 940179                     /home/pedro/Desktop/MEI/AS/KAFKA/kafka_2.11-1.0.0/libs/jopt-simple-5.0.4.jar
7ff34a4c6000-7ff34a4cd000 r--s 00057000 08:07 940226                     /home/pedro/Desktop/MEI/AS/KAFKA/kafka_2.11-1.0.0/libs/jetty-util-9.2.22.v20170606.jar
7ff34a4cd000-7ff34a4d0000 r--s 0001c000 08:07 940215                     /home/pedro/Desktop/MEI/AS/KAFKA/kafka_2.11-1.0.0/libs/jetty-servlets-9.2.22.v20170606.jar
7ff34a4d0000-7ff34a4d3000 r--s 0001a000 08:07 940212                     /home/pedro/Desktop/MEI/AS/KAFKA/kafka_2.11-1.0.0/libs/jetty-servlet-9.2.22.v20170606.jar
7ff34a4d3000-7ff34a4d9000 r--s 00061000 08:07 940214                     /home/pedro/Desktop/MEI/AS/KAFKA/kafka_2.11-1.0.0/libs/jetty-server-9.2.22.v20170606.jar
7ff34a4d9000-7ff34a4dc000 r--s 00015000 08:07 940213                     /home/pedro/Desktop/MEI/AS/KAFKA/kafka_2.11-1.0.0/libs/jetty-security-9.2.22.v20170606.jar
7ff34a4dc000-7ff34a4df000 r--s 00018000 08:07 940224                     /home/pedro/Desktop/MEI/AS/KAFKA/kafka_2.11-1.0.0/libs/jetty-io-9.2.22.v20170606.jar
7ff34a4df000-7ff34a4e2000 r--s 0001d000 08:07 940223                     /home/pedro/Desktop/MEI/AS/KAFKA/kafka_2.11-1.0.0/libs/jetty-http-9.2.22.v20170606.jar
7ff34a4e2000-7ff34a4e3000 r--s 00003000 08:07 940225                     /home/pedro/Desktop/MEI/AS/KAFKA/kafka_2.11-1.0.0/libs/jetty-continuation-9.2.22.v20170606.jar
7ff34a4e3000-7ff34a4f8000 r--s 000d1000 08:07 940217                     /home/pedro/Desktop/MEI/AS/KAFKA/kafka_2.11-1.0.0/libs/jersey-server-2.25.1.jar
7ff34a4f8000-7ff34a4fa000 r--s 00010000 08:07 940219                     /home/pedro/Desktop/MEI/AS/KAFKA/kafka_2.11-1.0.0/libs/jersey-media-jaxb-2.25.1.jar
7ff34a4fa000-7ff34a512000 r--s 000d6000 08:07 940230                     /home/pedro/Desktop/MEI/AS/KAFKA/kafka_2.11-1.0.0/libs/jersey-guava-2.25.1.jar
7ff34a512000-7ff34a515000 r--s 0000e000 08:07 940216                     /home/pedro/Desktop/MEI/AS/KAFKA/kafka_2.11-1.0.0/libs/jersey-container-servlet-core-2.25.1.jar
7ff34a515000-7ff34a517000 r--s 00003000 08:07 940211                     /home/pedro/Desktop/MEI/AS/KAFKA/kafka_2.11-1.0.0/libs/jersey-container-servlet-2.25.1.jar
7ff34a517000-7ff34a525000 r--s 000a1000 08:07 940220                     /home/pedro/Desktop/MEI/AS/KAFKA/kafka_2.11-1.0.0/libs/jersey-common-2.25.1.jar
7ff34a525000-7ff34a529000 r--s 00026000 08:07 940218                     /home/pedro/Desktop/MEI/AS/KAFKA/kafka_2.11-1.0.0/libs/jersey-client-2.25.1.jar
7ff34a529000-7ff34a52d000 r--s 00019000 08:07 940221                     /home/pedro/Desktop/MEI/AS/KAFKA/kafka_2.11-1.0.0/libs/javax.ws.rs-api-2.0.1.jar
7ff34a52d000-7ff34a530000 r--s 00015000 08:07 940222                     /home/pedro/Desktop/MEI/AS/KAFKA/kafka_2.11-1.0.0/libs/javax.servlet-api-3.1.0.jar
7ff34a530000-7ff34a531000 r--s 00001000 08:07 940228                     /home/pedro/Desktop/MEI/AS/KAFKA/kafka_2.11-1.0.0/libs/javax.inject-2.5.0-b32.jar
7ff34a531000-7ff34a532000 r--s 00000000 08:07 940237                     /home/pedro/Desktop/MEI/AS/KAFKA/kafka_2.11-1.0.0/libs/javax.inject-1.jar
7ff34a532000-7ff34a53c000 r--s 000aa000 08:07 940244                     /home/pedro/Desktop/MEI/AS/KAFKA/kafka_2.11-1.0.0/libs/javassist-3.21.0-GA.jar
7ff34a53c000-7ff34a546000 r--s 000ae000 08:07 940236                     /home/pedro/Desktop/MEI/AS/KAFKA/kafka_2.11-1.0.0/libs/javassist-3.20.0-GA.jar
7ff34a546000-7ff34a558000 r--s 00133000 08:07 940178                     /home/pedro/Desktop/MEI/AS/KAFKA/kafka_2.11-1.0.0/libs/jackson-databind-2.9.1.jar
7ff34a558000-7ff34a587000 r--s 00226000 08:07 940243                     /home/pedro/Desktop/MEI/AS/KAFKA/kafka_2.11-1.0.0/libs/guava-20.0.jar
7ff34a587000-7ff34a588000 ---p 00000000 00:00 0 
7ff34a588000-7ff34a688000 rw-p 00000000 00:00 0                          [stack:7462]
7ff34a688000-7ff34a68b000 ---p 00000000 00:00 0 
7ff34a68b000-7ff34a789000 rw-p 00000000 00:00 0                          [stack:7461]
7ff34a789000-7ff34a78c000 ---p 00000000 00:00 0 
7ff34a78c000-7ff34a88a000 rw-p 00000000 00:00 0                          [stack:7460]
7ff34a88a000-7ff34a88d000 ---p 00000000 00:00 0 
7ff34a88d000-7ff34a98b000 rw-p 00000000 00:00 0                          [stack:7459]
7ff34a98b000-7ff34a98e000 ---p 00000000 00:00 0 
7ff34a98e000-7ff34aa8c000 rw-p 00000000 00:00 0                          [stack:7458]
7ff34aa8c000-7ff34aa8f000 ---p 00000000 00:00 0 
7ff34aa8f000-7ff34ab8d000 rw-p 00000000 00:00 0                          [stack:7457]
7ff34ab8d000-7ff34b270000 r--p 00000000 08:07 794645                     /usr/lib/locale/locale-archive
7ff34b270000-7ff34b273000 ---p 00000000 00:00 0 
7ff34b273000-7ff34b371000 rw-p 00000000 00:00 0                          [stack:7456]
7ff34b371000-7ff34b374000 ---p 00000000 00:00 0 
7ff34b374000-7ff34b472000 rw-p 00000000 00:00 0                          [stack:7455]
7ff34b472000-7ff34b473000 ---p 00000000 00:00 0 
7ff34b473000-7ff350000000 rw-p 00000000 00:00 0                          [stack:7454]
7ff350000000-7ff350028000 rw-p 00000000 00:00 0 
7ff350028000-7ff354000000 ---p 00000000 00:00 0 
7ff354000000-7ff354021000 rw-p 00000000 00:00 0 
7ff354021000-7ff358000000 ---p 00000000 00:00 0 
7ff358000000-7ff358021000 rw-p 00000000 00:00 0 
7ff358021000-7ff35c000000 ---p 00000000 00:00 0 
7ff35c000000-7ff35c021000 rw-p 00000000 00:00 0 
7ff35c021000-7ff360000000 ---p 00000000 00:00 0 
7ff360000000-7ff360002000 r--s 00005000 08:07 940229                     /home/pedro/Desktop/MEI/AS/KAFKA/kafka_2.11-1.0.0/libs/javax.annotation-api-1.2.jar
7ff360002000-7ff360004000 r--s 00007000 08:07 940210                     /home/pedro/Desktop/MEI/AS/KAFKA/kafka_2.11-1.0.0/libs/jackson-module-jaxb-annotations-2.9.1.jar
7ff360004000-7ff360008000 r--s 0004b000 08:07 940189                     /home/pedro/Desktop/MEI/AS/KAFKA/kafka_2.11-1.0.0/libs/jackson-core-2.9.1.jar
7ff360008000-7ff36000b000 r--s 0000e000 08:07 940188                     /home/pedro/Desktop/MEI/AS/KAFKA/kafka_2.11-1.0.0/libs/jackson-annotations-2.9.1.jar
7ff36000b000-7ff36024f000 rw-p 00000000 00:00 0 
7ff36024f000-7ff360428000 r--s 03d3e000 08:07 140242                     /home/pedro/jdk1.8.0_121/jre/lib/rt.jar
7ff360428000-7ff361000000 rw-p 00000000 00:00 0 
7ff361000000-7ff361e50000 rwxp 00000000 00:00 0 
7ff361e50000-7ff370000000 ---p 00000000 00:00 0 
7ff370000000-7ff37078b000 rw-p 00000000 00:00 0 
7ff37078b000-7ff374000000 ---p 00000000 00:00 0 
7ff374000000-7ff374001000 r--s 00003000 08:07 940208                     /home/pedro/Desktop/MEI/AS/KAFKA/kafka_2.11-1.0.0/libs/jackson-jaxrs-json-provider-2.9.1.jar
7ff374001000-7ff374007000 r--s 00028000 08:07 940231                     /home/pedro/Desktop/MEI/AS/KAFKA/kafka_2.11-1.0.0/libs/hk2-api-2.5.0-b32.jar
7ff374007000-7ff37410e000 rw-p 00000000 00:00 0 
7ff37410e000-7ff37410f000 ---p 00000000 00:00 0 
7ff37410f000-7ff37420f000 rw-p 00000000 00:00 0                          [stack:7453]
7ff37420f000-7ff374210000 ---p 00000000 00:00 0 
7ff374210000-7ff374310000 rw-p 00000000 00:00 0                          [stack:7452]
7ff374310000-7ff374311000 ---p 00000000 00:00 0 
7ff374311000-7ff374411000 rw-p 00000000 00:00 0                          [stack:7451]
7ff374411000-7ff374412000 ---p 00000000 00:00 0 
7ff374412000-7ff37452f000 rw-p 00000000 00:00 0                          [stack:7450]
7ff37452f000-7ff3747a2000 ---p 00000000 00:00 0 
7ff3747a2000-7ff3747bf000 rw-p 00000000 00:00 0 
7ff3747bf000-7ff374a32000 ---p 00000000 00:00 0 
7ff374a32000-7ff374a5f000 rw-p 00000000 00:00 0 
7ff374a5f000-7ff374b7a000 ---p 00000000 00:00 0 
7ff374b7a000-7ff374bb5000 rw-p 00000000 00:00 0 
7ff374bb5000-7ff374f3b000 ---p 00000000 00:00 0 
7ff374f3b000-7ff374f55000 r-xp 00000000 08:07 140106                     /home/pedro/jdk1.8.0_121/jre/lib/amd64/libzip.so
7ff374f55000-7ff375155000 ---p 0001a000 08:07 140106                     /home/pedro/jdk1.8.0_121/jre/lib/amd64/libzip.so
7ff375155000-7ff375156000 rw-p 0001a000 08:07 140106                     /home/pedro/jdk1.8.0_121/jre/lib/amd64/libzip.so
7ff375156000-7ff375161000 r-xp 00000000 08:07 135215                     /lib/x86_64-linux-gnu/libnss_files-2.19.so
7ff375161000-7ff375360000 ---p 0000b000 08:07 135215                     /lib/x86_64-linux-gnu/libnss_files-2.19.so
7ff375360000-7ff375361000 r--p 0000a000 08:07 135215                     /lib/x86_64-linux-gnu/libnss_files-2.19.so
7ff375361000-7ff375362000 rw-p 0000b000 08:07 135215                     /lib/x86_64-linux-gnu/libnss_files-2.19.so
7ff375362000-7ff37536d000 r-xp 00000000 08:07 138107                     /lib/x86_64-linux-gnu/libnss_nis-2.19.so
7ff37536d000-7ff37556c000 ---p 0000b000 08:07 138107                     /lib/x86_64-linux-gnu/libnss_nis-2.19.so
7ff37556c000-7ff37556d000 r--p 0000a000 08:07 138107                     /lib/x86_64-linux-gnu/libnss_nis-2.19.so
7ff37556d000-7ff37556e000 rw-p 0000b000 08:07 138107                     /lib/x86_64-linux-gnu/libnss_nis-2.19.so
7ff37556e000-7ff375585000 r-xp 00000000 08:07 135414                     /lib/x86_64-linux-gnu/libnsl-2.19.so
7ff375585000-7ff375784000 ---p 00017000 08:07 135414                     /lib/x86_64-linux-gnu/libnsl-2.19.so
7ff375784000-7ff375785000 r--p 00016000 08:07 135414                     /lib/x86_64-linux-gnu/libnsl-2.19.so
7ff375785000-7ff375786000 rw-p 00017000 08:07 135414                     /lib/x86_64-linux-gnu/libnsl-2.19.so
7ff375786000-7ff375788000 rw-p 00000000 00:00 0 
7ff375788000-7ff375791000 r-xp 00000000 08:07 135351                     /lib/x86_64-linux-gnu/libnss_compat-2.19.so
7ff375791000-7ff375990000 ---p 00009000 08:07 135351                     /lib/x86_64-linux-gnu/libnss_compat-2.19.so
7ff375990000-7ff375991000 r--p 00008000 08:07 135351                     /lib/x86_64-linux-gnu/libnss_compat-2.19.so
7ff375991000-7ff375992000 rw-p 00009000 08:07 135351                     /lib/x86_64-linux-gnu/libnss_compat-2.19.so
7ff375992000-7ff3759bd000 r-xp 00000000 08:07 140079                     /home/pedro/jdk1.8.0_121/jre/lib/amd64/libjava.so
7ff3759bd000-7ff375bbc000 ---p 0002b000 08:07 140079                     /home/pedro/jdk1.8.0_121/jre/lib/amd64/libjava.so
7ff375bbc000-7ff375bbe000 rw-p 0002a000 08:07 140079                     /home/pedro/jdk1.8.0_121/jre/lib/amd64/libjava.so
7ff375bbe000-7ff375bcb000 r-xp 00000000 08:07 140042                     /home/pedro/jdk1.8.0_121/jre/lib/amd64/libverify.so
7ff375bcb000-7ff375dca000 ---p 0000d000 08:07 140042                     /home/pedro/jdk1.8.0_121/jre/lib/amd64/libverify.so
7ff375dca000-7ff375dcc000 rw-p 0000c000 08:07 140042                     /home/pedro/jdk1.8.0_121/jre/lib/amd64/libverify.so
7ff375dcc000-7ff375dd3000 r-xp 00000000 08:07 138104                     /lib/x86_64-linux-gnu/librt-2.19.so
7ff375dd3000-7ff375fd2000 ---p 00007000 08:07 138104                     /lib/x86_64-linux-gnu/librt-2.19.so
7ff375fd2000-7ff375fd3000 r--p 00006000 08:07 138104                     /lib/x86_64-linux-gnu/librt-2.19.so
7ff375fd3000-7ff375fd4000 rw-p 00007000 08:07 138104                     /lib/x86_64-linux-gnu/librt-2.19.so
7ff375fd4000-7ff3760d9000 r-xp 00000000 08:07 135214                     /lib/x86_64-linux-gnu/libm-2.19.so
7ff3760d9000-7ff3762d8000 ---p 00105000 08:07 135214                     /lib/x86_64-linux-gnu/libm-2.19.so
7ff3762d8000-7ff3762d9000 r--p 00104000 08:07 135214                     /lib/x86_64-linux-gnu/libm-2.19.so
7ff3762d9000-7ff3762da000 rw-p 00105000 08:07 135214                     /lib/x86_64-linux-gnu/libm-2.19.so
7ff3762da000-7ff376fa8000 r-xp 00000000 08:07 139957                     /home/pedro/jdk1.8.0_121/jre/lib/amd64/server/libjvm.so
7ff376fa8000-7ff3771a8000 ---p 00cce000 08:07 139957                     /home/pedro/jdk1.8.0_121/jre/lib/amd64/server/libjvm.so
7ff3771a8000-7ff377281000 rw-p 00cce000 08:07 139957                     /home/pedro/jdk1.8.0_121/jre/lib/amd64/server/libjvm.so
7ff377281000-7ff3772cc000 rw-p 00000000 00:00 0 
7ff3772cc000-7ff377487000 r-xp 00000000 08:07 138101                     /lib/x86_64-linux-gnu/libc-2.19.so
7ff377487000-7ff377686000 ---p 001bb000 08:07 138101                     /lib/x86_64-linux-gnu/libc-2.19.so
7ff377686000-7ff37768a000 r--p 001ba000 08:07 138101                     /lib/x86_64-linux-gnu/libc-2.19.so
7ff37768a000-7ff37768c000 rw-p 001be000 08:07 138101                     /lib/x86_64-linux-gnu/libc-2.19.so
7ff37768c000-7ff377691000 rw-p 00000000 00:00 0 
7ff377691000-7ff377694000 r-xp 00000000 08:07 135218                     /lib/x86_64-linux-gnu/libdl-2.19.so
7ff377694000-7ff377893000 ---p 00003000 08:07 135218                     /lib/x86_64-linux-gnu/libdl-2.19.so
7ff377893000-7ff377894000 r--p 00002000 08:07 135218                     /lib/x86_64-linux-gnu/libdl-2.19.so
7ff377894000-7ff377895000 rw-p 00003000 08:07 135218                     /lib/x86_64-linux-gnu/libdl-2.19.so
7ff377895000-7ff3778aa000 r-xp 00000000 08:07 140115                     /home/pedro/jdk1.8.0_121/lib/amd64/jli/libjli.so
7ff3778aa000-7ff377aaa000 ---p 00015000 08:07 140115                     /home/pedro/jdk1.8.0_121/lib/amd64/jli/libjli.so
7ff377aaa000-7ff377aab000 rw-p 00015000 08:07 140115                     /home/pedro/jdk1.8.0_121/lib/amd64/jli/libjli.so
7ff377aab000-7ff377ac4000 r-xp 00000000 08:07 138102                     /lib/x86_64-linux-gnu/libpthread-2.19.so
7ff377ac4000-7ff377cc3000 ---p 00019000 08:07 138102                     /lib/x86_64-linux-gnu/libpthread-2.19.so
7ff377cc3000-7ff377cc4000 r--p 00018000 08:07 138102                     /lib/x86_64-linux-gnu/libpthread-2.19.so
7ff377cc4000-7ff377cc5000 rw-p 00019000 08:07 138102                     /lib/x86_64-linux-gnu/libpthread-2.19.so
7ff377cc5000-7ff377cc9000 rw-p 00000000 00:00 0 
7ff377cc9000-7ff377cec000 r-xp 00000000 08:07 138098                     /lib/x86_64-linux-gnu/ld-2.19.so
7ff377cec000-7ff377cef000 r--s 0001e000 08:07 940234                     /home/pedro/Desktop/MEI/AS/KAFKA/kafka_2.11-1.0.0/libs/hk2-utils-2.5.0-b32.jar
7ff377cef000-7ff377cf7000 r--s 00058000 08:07 940239                     /home/pedro/Desktop/MEI/AS/KAFKA/kafka_2.11-1.0.0/libs/connect-runtime-1.0.0.jar
7ff377cf7000-7ff377dc2000 rw-p 00000000 00:00 0 
7ff377dc2000-7ff377dc5000 ---p 00000000 00:00 0 
7ff377dc5000-7ff377ec7000 rw-p 00000000 00:00 0                          [stack:7447]
7ff377ec7000-7ff377ec8000 r--s 00007000 08:07 940209                     /home/pedro/Desktop/MEI/AS/KAFKA/kafka_2.11-1.0.0/libs/jackson-jaxrs-base-2.9.1.jar
7ff377ec8000-7ff377ecb000 r--s 0002b000 08:07 940227                     /home/pedro/Desktop/MEI/AS/KAFKA/kafka_2.11-1.0.0/libs/hk2-locator-2.5.0-b32.jar
7ff377ecb000-7ff377ecd000 r--s 00014000 08:07 940240                     /home/pedro/Desktop/MEI/AS/KAFKA/kafka_2.11-1.0.0/libs/connect-transforms-1.0.0.jar
7ff377ecd000-7ff377ecf000 r--s 00009000 08:07 940247                     /home/pedro/Desktop/MEI/AS/KAFKA/kafka_2.11-1.0.0/libs/connect-json-1.0.0.jar
7ff377ecf000-7ff377ed0000 r--s 00004000 08:07 940248                     /home/pedro/Desktop/MEI/AS/KAFKA/kafka_2.11-1.0.0/libs/connect-file-1.0.0.jar
7ff377ed0000-7ff377ed2000 r--s 0000c000 08:07 940238                     /home/pedro/Desktop/MEI/AS/KAFKA/kafka_2.11-1.0.0/libs/connect-api-1.0.0.jar
7ff377ed2000-7ff377eda000 r--s 0006e000 08:07 940246                     /home/pedro/Desktop/MEI/AS/KAFKA/kafka_2.11-1.0.0/libs/commons-lang3-3.5.jar
7ff377eda000-7ff377edd000 r--s 00014000 08:07 940207                     /home/pedro/Desktop/MEI/AS/KAFKA/kafka_2.11-1.0.0/libs/argparse4j-0.7.0.jar
7ff377edd000-7ff377edf000 r--s 00002000 08:07 940235                     /home/pedro/Desktop/MEI/AS/KAFKA/kafka_2.11-1.0.0/libs/aopalliance-repackaged-2.5.0-b32.jar
7ff377edf000-7ff377ee7000 rw-s 00000000 08:07 1080685                    /tmp/hsperfdata_pedro/7445
7ff377ee7000-7ff377ee8000 rw-p 00000000 00:00 0 
7ff377ee8000-7ff377ee9000 r--p 00000000 00:00 0 
7ff377ee9000-7ff377eeb000 rw-p 00000000 00:00 0 
7ff377eeb000-7ff377eec000 r--p 00022000 08:07 138098                     /lib/x86_64-linux-gnu/ld-2.19.so
7ff377eec000-7ff377eed000 rw-p 00023000 08:07 138098                     /lib/x86_64-linux-gnu/ld-2.19.so
7ff377eed000-7ff377eee000 rw-p 00000000 00:00 0 
7fff79fe5000-7fff7a008000 rw-p 00000000 00:00 0                          [stack]
7fff7a1b3000-7fff7a1b5000 r-xp 00000000 00:00 0                          [vdso]
ffffffffff600000-ffffffffff601000 r-xp 00000000 00:00 0                  [vsyscall]

VM Arguments:
jvm_args: -Dfile.encoding=UTF-8 
java_command: main.Main
java_class_path (initial): /home/pedro/Desktop/MEI/AS/KAFKA/kafka_2.11-1.0.0/libs/aopalliance-repackaged-2.5.0-b32.jar:/home/pedro/Desktop/MEI/AS/KAFKA/kafka_2.11-1.0.0/libs/argparse4j-0.7.0.jar:/home/pedro/Desktop/MEI/AS/KAFKA/kafka_2.11-1.0.0/libs/commons-lang3-3.5.jar:/home/pedro/Desktop/MEI/AS/KAFKA/kafka_2.11-1.0.0/libs/connect-api-1.0.0.jar:/home/pedro/Desktop/MEI/AS/KAFKA/kafka_2.11-1.0.0/libs/connect-file-1.0.0.jar:/home/pedro/Desktop/MEI/AS/KAFKA/kafka_2.11-1.0.0/libs/connect-json-1.0.0.jar:/home/pedro/Desktop/MEI/AS/KAFKA/kafka_2.11-1.0.0/libs/connect-runtime-1.0.0.jar:/home/pedro/Desktop/MEI/AS/KAFKA/kafka_2.11-1.0.0/libs/connect-transforms-1.0.0.jar:/home/pedro/Desktop/MEI/AS/KAFKA/kafka_2.11-1.0.0/libs/guava-20.0.jar:/home/pedro/Desktop/MEI/AS/KAFKA/kafka_2.11-1.0.0/libs/hk2-api-2.5.0-b32.jar:/home/pedro/Desktop/MEI/AS/KAFKA/kafka_2.11-1.0.0/libs/hk2-locator-2.5.0-b32.jar:/home/pedro/Desktop/MEI/AS/KAFKA/kafka_2.11-1.0.0/libs/hk2-utils-2.5.0-b32.jar:/home/pedro/Desktop/MEI/AS/KAFKA/kafka_2.11-1.0.0/libs/jackson-annotations-2.9.1.jar:/home/pedro/Desktop/MEI/AS/KAFKA/kafka_2.11-1.0.0/libs/jackson-core-2.9.1.jar:/home/pedro/Desktop/MEI/AS/KAFKA/kafka_2.11-1.0.0/libs/jackson-databind-2.9.1.jar:/home/pedro/Desktop/MEI/AS/KAFKA/kafka_2.11-1.0.0/libs/jackson-jaxrs-base-2.9.1.jar:/home/pedro/Desktop/MEI/AS/KAFKA/kafka_2.11-1.0.0/libs/jackson-jaxrs-json-provider-2.9.1.jar:/home/pedro/Desktop/MEI/AS/KAFKA/kafka_2.11-1.0.0/libs/jackson-module-jaxb-annotations-2.9.1.jar:/home/pedro/Desktop/MEI/AS/KAFKA/kafka_2.11-1.0.0/libs/javassist-3.20.0-GA.jar:/home/pedro/Desktop/MEI/AS/KAFKA/kafka_2.11-1.0.0/libs/javassist-3.21.0-GA.jar:/home/pedro/Desktop/MEI/AS/KAFKA/kafka_2.11-1.0.0/libs/javax.annotation-api-1.2.jar:/home/pedro/Desktop/MEI/AS/KAFKA/kafka_2.11-1.0.0/libs/javax.inject-1.jar:/home/pedro/Desktop/MEI/AS/KAFKA/kafka_2.11-1.0.0/libs/javax.inject-2.5.0-b32.jar:/home/pedro/Desktop/MEI/AS/KAFKA/kafka_2.11-1.0.0/libs/javax.servlet-api-3.1.0.jar:/home/pedro/Desktop/M
Launcher Type: SUN_STANDARD

Environment Variables:
JAVA_HOME=/usr/lib/jvm/java-8-oracle
PATH=/usr/local/sbin:/usr/local/bin:/usr/sbin:/usr/bin:/sbin:/bin:/usr/games:/usr/local/games:/usr/lib/jvm/java-8-oracle/bin:/usr/lib/jvm/java-8-oracle/db/bin:/usr/lib/jvm/java-8-oracle/jre/bin
LD_LIBRARY_PATH=/home/pedro/jdk1.8.0_121/jre/lib/amd64:/home/pedro/jdk1.8.0_121/jre/lib/i386:
SHELL=/bin/bash
DISPLAY=:0.0

Signal Handlers:
SIGSEGV: [libjvm.so+0xac78c0], sa_mask[0]=11111111011111111101111111111110, sa_flags=SA_RESTART|SA_SIGINFO
SIGBUS: [libjvm.so+0xac78c0], sa_mask[0]=11111111011111111101111111111110, sa_flags=SA_RESTART|SA_SIGINFO
SIGFPE: [libjvm.so+0x920ac0], sa_mask[0]=11111111011111111101111111111110, sa_flags=SA_RESTART|SA_SIGINFO
SIGPIPE: [libjvm.so+0x920ac0], sa_mask[0]=11111111011111111101111111111110, sa_flags=SA_RESTART|SA_SIGINFO
SIGXFSZ: [libjvm.so+0x920ac0], sa_mask[0]=11111111011111111101111111111110, sa_flags=SA_RESTART|SA_SIGINFO
SIGILL: [libjvm.so+0x920ac0], sa_mask[0]=11111111011111111101111111111110, sa_flags=SA_RESTART|SA_SIGINFO
SIGUSR1: SIG_DFL, sa_mask[0]=00000000000000000000000000000000, sa_flags=none
SIGUSR2: [libjvm.so+0x922300], sa_mask[0]=00100000000000000000000000000000, sa_flags=SA_RESTART|SA_SIGINFO
SIGHUP: [libjvm.so+0x923700], sa_mask[0]=11111111011111111101111111111110, sa_flags=SA_RESTART|SA_SIGINFO
SIGINT: SIG_IGN, sa_mask[0]=00000000000000000000000000000000, sa_flags=none
SIGTERM: [libjvm.so+0x923700], sa_mask[0]=11111111011111111101111111111110, sa_flags=SA_RESTART|SA_SIGINFO
SIGQUIT: [libjvm.so+0x923700], sa_mask[0]=11111111011111111101111111111110, sa_flags=SA_RESTART|SA_SIGINFO


---------------  S Y S T E M  ---------------

OS:DISTRIB_ID=Ubuntu
DISTRIB_RELEASE=14.04
DISTRIB_CODENAME=trusty
DISTRIB_DESCRIPTION="Ubuntu 14.04.1 LTS"

uname:Linux 3.13.0-32-generic #57-Ubuntu SMP Tue Jul 15 03:51:08 UTC 2014 x86_64
libc:glibc 2.19 NPTL 2.19 
rlimit: STACK 8192k, CORE 0k, NPROC 62473, NOFILE 4096, AS infinity
load average:2,68 1,67 1,07

/proc/meminfo:
MemTotal:        8057836 kB
MemFree:         3389288 kB
Buffers:          115688 kB
Cached:          1215452 kB
SwapCached:            0 kB
Active:          3478196 kB
Inactive:         975968 kB
Active(anon):    3129360 kB
Inactive(anon):   291092 kB
Active(file):     348836 kB
Inactive(file):   684876 kB
Unevictable:          16 kB
Mlocked:              16 kB
SwapTotal:             0 kB
SwapFree:              0 kB
Dirty:               844 kB
Writeback:             0 kB
AnonPages:       3095336 kB
Mapped:           328836 kB
Shmem:            297420 kB
Slab:              93880 kB
SReclaimable:      53252 kB
SUnreclaim:        40628 kB
KernelStack:        6456 kB
PageTables:        28772 kB
NFS_Unstable:          0 kB
Bounce:                0 kB
WritebackTmp:          0 kB
CommitLimit:     4028916 kB
Committed_AS:    9219820 kB
VmallocTotal:   34359738367 kB
VmallocUsed:      359500 kB
VmallocChunk:   34359367256 kB
HardwareCorrupted:     0 kB
AnonHugePages:   1667072 kB
HugePages_Total:       0
HugePages_Free:        0
HugePages_Rsvd:        0
HugePages_Surp:        0
Hugepagesize:       2048 kB
DirectMap4k:       69452 kB
DirectMap2M:     2957312 kB
DirectMap1G:     5242880 kB


CPU:total 4 (2 cores per cpu, 2 threads per core) family 6 model 69 stepping 1, cmov, cx8, fxsr, mmx, sse, sse2, sse3, ssse3, sse4.1, sse4.2, popcnt, avx, avx2, aes, clmul, erms, lzcnt, ht, tsc, tscinvbit, bmi1, bmi2

/proc/cpuinfo:
processor	: 0
vendor_id	: GenuineIntel
cpu family	: 6
model		: 69
model name	: Intel(R) Core(TM) i7-4510U CPU @ 2.00GHz
stepping	: 1
microcode	: 0x17
cpu MHz		: 2000.000
cache size	: 4096 KB
physical id	: 0
siblings	: 4
core id		: 0
cpu cores	: 2
apicid		: 0
initial apicid	: 0
fpu		: yes
fpu_exception	: yes
cpuid level	: 13
wp		: yes
flags		: fpu vme de pse tsc msr pae mce cx8 apic sep mtrr pge mca cmov pat pse36 clflush dts acpi mmx fxsr sse sse2 ss ht tm pbe syscall nx pdpe1gb rdtscp lm constant_tsc arch_perfmon pebs bts rep_good nopl xtopology nonstop_tsc aperfmperf eagerfpu pni pclmulqdq dtes64 monitor ds_cpl vmx est tm2 ssse3 fma cx16 xtpr pdcm pcid sse4_1 sse4_2 movbe popcnt tsc_deadline_timer aes xsave avx f16c rdrand lahf_lm abm ida arat epb xsaveopt pln pts dtherm tpr_shadow vnmi flexpriority ept vpid fsgsbase tsc_adjust bmi1 avx2 smep bmi2 erms invpcid
bogomips	: 5187.98
clflush size	: 64
cache_alignment	: 64
address sizes	: 39 bits physical, 48 bits virtual
power management:

processor	: 1
vendor_id	: GenuineIntel
cpu family	: 6
model		: 69
model name	: Intel(R) Core(TM) i7-4510U CPU @ 2.00GHz
stepping	: 1
microcode	: 0x17
cpu MHz		: 2000.000
cache size	: 4096 KB
physical id	: 0
siblings	: 4
core id		: 1
cpu cores	: 2
apicid		: 2
initial apicid	: 2
fpu		: yes
fpu_exception	: yes
cpuid level	: 13
wp		: yes
flags		: fpu vme de pse tsc msr pae mce cx8 apic sep mtrr pge mca cmov pat pse36 clflush dts acpi mmx fxsr sse sse2 ss ht tm pbe syscall nx pdpe1gb rdtscp lm constant_tsc arch_perfmon pebs bts rep_good nopl xtopology nonstop_tsc aperfmperf eagerfpu pni pclmulqdq dtes64 monitor ds_cpl vmx est tm2 ssse3 fma cx16 xtpr pdcm pcid sse4_1 sse4_2 movbe popcnt tsc_deadline_timer aes xsave avx f16c rdrand lahf_lm abm ida arat epb xsaveopt pln pts dtherm tpr_shadow vnmi flexpriority ept vpid fsgsbase tsc_adjust bmi1 avx2 smep bmi2 erms invpcid
bogomips	: 5187.98
clflush size	: 64
cache_alignment	: 64
address sizes	: 39 bits physical, 48 bits virtual
power management:

processor	: 2
vendor_id	: GenuineIntel
cpu family	: 6
model		: 69
model name	: Intel(R) Core(TM) i7-4510U CPU @ 2.00GHz
stepping	: 1
microcode	: 0x17
cpu MHz		: 2000.000
cache size	: 4096 KB
physical id	: 0
siblings	: 4
core id		: 0
cpu cores	: 2
apicid		: 1
initial apicid	: 1
fpu		: yes
fpu_exception	: yes
cpuid level	: 13
wp		: yes
flags		: fpu vme de pse tsc msr pae mce cx8 apic sep mtrr pge mca cmov pat pse36 clflush dts acpi mmx fxsr sse sse2 ss ht tm pbe syscall nx pdpe1gb rdtscp lm constant_tsc arch_perfmon pebs bts rep_good nopl xtopology nonstop_tsc aperfmperf eagerfpu pni pclmulqdq dtes64 monitor ds_cpl vmx est tm2 ssse3 fma cx16 xtpr pdcm pcid sse4_1 sse4_2 movbe popcnt tsc_deadline_timer aes xsave avx f16c rdrand lahf_lm abm ida arat epb xsaveopt pln pts dtherm tpr_shadow vnmi flexpriority ept vpid fsgsbase tsc_adjust bmi1 avx2 smep bmi2 erms invpcid
bogomips	: 5187.98
clflush size	: 64
cache_alignment	: 64
address sizes	: 39 bits physical, 48 bits virtual
power management:

processor	: 3
vendor_id	: GenuineIntel
cpu family	: 6
model		: 69
model name	: Intel(R) Core(TM) i7-4510U CPU @ 2.00GHz
stepping	: 1
microcode	: 0x17
cpu MHz		: 2000.000
cache size	: 4096 KB
physical id	: 0
siblings	: 4
core id		: 1
cpu cores	: 2
apicid		: 3
initial apicid	: 3
fpu		: yes
fpu_exception	: yes
cpuid level	: 13
wp		: yes
flags		: fpu vme de pse tsc msr pae mce cx8 apic sep mtrr pge mca cmov pat pse36 clflush dts acpi mmx fxsr sse sse2 ss ht tm pbe syscall nx pdpe1gb rdtscp lm constant_tsc arch_perfmon pebs bts rep_good nopl xtopology nonstop_tsc aperfmperf eagerfpu pni pclmulqdq dtes64 monitor ds_cpl vmx est tm2 ssse3 fma cx16 xtpr pdcm pcid sse4_1 sse4_2 movbe popcnt tsc_deadline_timer aes xsave avx f16c rdrand lahf_lm abm ida arat epb xsaveopt pln pts dtherm tpr_shadow vnmi flexpriority ept vpid fsgsbase tsc_adjust bmi1 avx2 smep bmi2 erms invpcid
bogomips	: 5187.98
clflush size	: 64
cache_alignment	: 64
address sizes	: 39 bits physical, 48 bits virtual
power management:



Memory: 4k page, physical 8057836k(3390640k free), swap 0k(0k free)

vm_info: Java HotSpot(TM) 64-Bit Server VM (25.121-b13) for linux-amd64 JRE (1.8.0_121-b13), built on Dec 12 2016 16:36:53 by "java_re" with gcc 4.3.0 20080428 (Red Hat 4.3.0-8)

time: Sun Apr  8 02:52:33 2018
elapsed time: 52 seconds (0d 0h 0m 52s)

